<?xml version="1.0" encoding="UTF-8"?>
<testsuite name="msu.cmc.webprak.DAOTests" tests="1" skipped="0" failures="0" errors="0" timestamp="2025-03-15T11:37:41" hostname="MacBook-Air-Nik.local" time="0.876">
  <properties/>
  <testcase name="testBook()" classname="msu.cmc.webprak.DAOTests" time="0.876"/>
  <system-out><![CDATA[
  .   ____          _            __ _ _
 /\\ / ___'_ __ _ _(_)_ __  __ _ \ \ \ \
( ( )\___ | '_ | '_| | '_ \/ _` | \ \ \ \
 \\/  ___)| |_)| | | | | || (_| |  ) ) ) )
  '  |____| .__|_| |_|_| |_\__, | / / / /
 =========|_|==============|___/=/_/_/_/

 :: Spring Boot ::                (v3.4.3)

2025-03-15T14:37:39.915+03:00  INFO 5322 --- [    Test worker] msu.cmc.webprak.DAOTests                 : Starting DAOTests using Java 23.0.2 with PID 5322 (started by nik in /Users/nik/Desktop/java-prak)
2025-03-15T14:37:39.917+03:00  INFO 5322 --- [    Test worker] msu.cmc.webprak.DAOTests                 : No active profile set, falling back to 1 default profile: "default"
2025-03-15T14:37:39.917+03:00 DEBUG 5322 --- [    Test worker] o.s.boot.SpringApplication               : Loading source class msu.cmc.webprak.configs.HibernateConfig
2025-03-15T14:37:39.960+03:00 DEBUG 5322 --- [    Test worker] o.s.w.c.s.GenericWebApplicationContext   : Refreshing org.springframework.web.context.support.GenericWebApplicationContext@2d8d4df
2025-03-15T14:37:39.975+03:00 DEBUG 5322 --- [    Test worker] o.s.b.f.s.DefaultListableBeanFactory     : Creating shared instance of singleton bean 'org.springframework.context.annotation.internalConfigurationAnnotationProcessor'
2025-03-15T14:37:39.992+03:00 DEBUG 5322 --- [    Test worker] o.s.b.f.s.DefaultListableBeanFactory     : Creating shared instance of singleton bean 'org.springframework.boot.autoconfigure.internalCachingMetadataReaderFactory'
2025-03-15T14:37:40.041+03:00 DEBUG 5322 --- [    Test worker] o.s.c.a.ClassPathBeanDefinitionScanner   : Identified candidate component class: file [/Users/nik/Desktop/java-prak/build/classes/java/main/msu/cmc/webprak/DAO/BookDAO.class]
2025-03-15T14:37:40.042+03:00 DEBUG 5322 --- [    Test worker] o.s.c.a.ClassPathBeanDefinitionScanner   : Identified candidate component class: file [/Users/nik/Desktop/java-prak/build/classes/java/main/msu/cmc/webprak/DAO/HistoryDAO.class]
2025-03-15T14:37:40.042+03:00 DEBUG 5322 --- [    Test worker] o.s.c.a.ClassPathBeanDefinitionScanner   : Identified candidate component class: file [/Users/nik/Desktop/java-prak/build/classes/java/main/msu/cmc/webprak/DAO/ReaderDAO.class]
2025-03-15T14:37:40.143+03:00 DEBUG 5322 --- [    Test worker] o.s.b.f.s.DefaultListableBeanFactory     : Creating shared instance of singleton bean 'org.springframework.boot.test.mock.mockito.MockitoPostProcessor'
2025-03-15T14:37:40.158+03:00 DEBUG 5322 --- [    Test worker] o.s.b.f.s.DefaultListableBeanFactory     : Creating shared instance of singleton bean 'org.springframework.context.event.internalEventListenerProcessor'
2025-03-15T14:37:40.159+03:00 DEBUG 5322 --- [    Test worker] o.s.b.f.s.DefaultListableBeanFactory     : Creating shared instance of singleton bean 'org.springframework.context.event.internalEventListenerFactory'
2025-03-15T14:37:40.160+03:00 DEBUG 5322 --- [    Test worker] o.s.b.f.s.DefaultListableBeanFactory     : Creating shared instance of singleton bean 'org.springframework.transaction.config.internalTransactionalEventListenerFactory'
2025-03-15T14:37:40.161+03:00 DEBUG 5322 --- [    Test worker] o.s.b.f.s.DefaultListableBeanFactory     : Creating shared instance of singleton bean 'org.springframework.boot.test.mock.mockito.MockitoPostProcessor$SpyPostProcessor'
2025-03-15T14:37:40.162+03:00 DEBUG 5322 --- [    Test worker] o.s.b.f.s.DefaultListableBeanFactory     : Creating shared instance of singleton bean 'org.springframework.context.annotation.internalAutowiredAnnotationProcessor'
2025-03-15T14:37:40.164+03:00 DEBUG 5322 --- [    Test worker] o.s.b.f.s.DefaultListableBeanFactory     : Creating shared instance of singleton bean 'org.springframework.context.annotation.internalCommonAnnotationProcessor'
2025-03-15T14:37:40.167+03:00 DEBUG 5322 --- [    Test worker] o.s.b.f.s.DefaultListableBeanFactory     : Creating shared instance of singleton bean 'org.springframework.context.annotation.internalPersistenceAnnotationProcessor'
2025-03-15T14:37:40.168+03:00 DEBUG 5322 --- [    Test worker] o.s.b.f.s.DefaultListableBeanFactory     : Creating shared instance of singleton bean 'org.springframework.aop.config.internalAutoProxyCreator'
2025-03-15T14:37:40.180+03:00 DEBUG 5322 --- [    Test worker] o.s.u.c.s.UiApplicationContextUtils      : Unable to locate ThemeSource with name 'themeSource': using default [org.springframework.ui.context.support.ResourceBundleThemeSource@36887d1c]
2025-03-15T14:37:40.180+03:00 DEBUG 5322 --- [    Test worker] o.s.b.f.s.DefaultListableBeanFactory     : Creating shared instance of singleton bean 'org.springframework.test.context.support.internalDynamicPropertyRegistrarBeanInitializer'
2025-03-15T14:37:40.181+03:00 DEBUG 5322 --- [    Test worker] o.s.b.f.s.DefaultListableBeanFactory     : Creating shared instance of singleton bean 'org.springframework.transaction.config.internalTransactionAdvisor'
2025-03-15T14:37:40.182+03:00 DEBUG 5322 --- [    Test worker] o.s.b.f.s.DefaultListableBeanFactory     : Creating shared instance of singleton bean 'org.springframework.transaction.annotation.ProxyTransactionManagementConfiguration'
2025-03-15T14:37:40.187+03:00 DEBUG 5322 --- [    Test worker] o.s.b.f.s.DefaultListableBeanFactory     : Creating shared instance of singleton bean 'transactionAttributeSource'
2025-03-15T14:37:40.189+03:00 DEBUG 5322 --- [    Test worker] o.s.b.f.s.DefaultListableBeanFactory     : Creating shared instance of singleton bean 'transactionInterceptor'
2025-03-15T14:37:40.189+03:00 DEBUG 5322 --- [    Test worker] o.s.b.f.s.DefaultListableBeanFactory     : Autowiring by type from bean name 'transactionInterceptor' via factory method to bean named 'transactionAttributeSource'
2025-03-15T14:37:40.194+03:00 DEBUG 5322 --- [    Test worker] o.s.b.f.s.DefaultListableBeanFactory     : Autowiring by type from bean name 'org.springframework.transaction.config.internalTransactionAdvisor' via factory method to bean named 'transactionAttributeSource'
2025-03-15T14:37:40.194+03:00 DEBUG 5322 --- [    Test worker] o.s.b.f.s.DefaultListableBeanFactory     : Autowiring by type from bean name 'org.springframework.transaction.config.internalTransactionAdvisor' via factory method to bean named 'transactionInterceptor'
2025-03-15T14:37:40.198+03:00 DEBUG 5322 --- [    Test worker] o.s.b.f.s.DefaultListableBeanFactory     : Creating shared instance of singleton bean 'hibernateConfig'
2025-03-15T14:37:40.200+03:00 DEBUG 5322 --- [    Test worker] o.s.b.f.s.DefaultListableBeanFactory     : Creating shared instance of singleton bean 'bookDAO'
2025-03-15T14:37:40.205+03:00 DEBUG 5322 --- [    Test worker] o.s.b.f.s.DefaultListableBeanFactory     : Creating shared instance of singleton bean 'sessionFactory'
2025-03-15T14:37:40.209+03:00 DEBUG 5322 --- [    Test worker] o.s.b.f.s.DefaultListableBeanFactory     : Creating shared instance of singleton bean 'dataSource'
2025-03-15T14:37:40.215+03:00 DEBUG 5322 --- [    Test worker] o.s.j.d.DriverManagerDataSource          : Loaded JDBC driver: org.postgresql.Driver
2025-03-15T14:37:40.289+03:00  INFO 5322 --- [    Test worker] org.hibernate.Version                    : HHH000412: Hibernate ORM core version 6.4.1.Final
2025-03-15T14:37:40.343+03:00  INFO 5322 --- [    Test worker] o.h.c.internal.RegionFactoryInitiator    : HHH000026: Second-level cache disabled
2025-03-15T14:37:40.472+03:00 DEBUG 5322 --- [    Test worker] o.s.j.d.DriverManagerDataSource          : Creating new JDBC DriverManager Connection to [jdbc:postgresql://localhost:5432/webprak]
2025-03-15T14:37:40.647+03:00  WARN 5322 --- [    Test worker] org.hibernate.dialect.Dialect            : HHH000511: The 11.22.0 version for [org.hibernate.dialect.PostgreSQLDialect] is no longer supported, hence certain features may not work properly. The minimum supported version is 12.0.0. Check the community dialects project for available legacy versions.
2025-03-15T14:37:40.652+03:00  WARN 5322 --- [    Test worker] org.hibernate.orm.deprecation            : HHH90000025: PostgreSQLDialect does not need to be specified explicitly using 'hibernate.dialect' (remove the property setting and it will be selected by default)
2025-03-15T14:37:41.632+03:00  INFO 5322 --- [    Test worker] o.h.e.t.j.p.i.JtaPlatformInitiator       : HHH000489: No JTA platform available (set 'hibernate.transaction.jta.platform' to enable JTA platform integration)
2025-03-15T14:37:41.649+03:00 DEBUG 5322 --- [    Test worker] o.s.j.d.DriverManagerDataSource          : Creating new JDBC DriverManager Connection to [jdbc:postgresql://localhost:5432/webprak]
2025-03-15T14:37:41.791+03:00 DEBUG 5322 --- [    Test worker] o.s.b.f.s.DefaultListableBeanFactory     : Creating shared instance of singleton bean 'historyDAO'
2025-03-15T14:37:41.802+03:00 DEBUG 5322 --- [    Test worker] o.s.b.f.s.DefaultListableBeanFactory     : Creating shared instance of singleton bean 'readerDAO'
2025-03-15T14:37:41.811+03:00 DEBUG 5322 --- [    Test worker] o.s.b.f.s.DefaultListableBeanFactory     : Creating shared instance of singleton bean 'transactionManager'
2025-03-15T14:37:41.830+03:00 DEBUG 5322 --- [    Test worker] o.s.o.h.HibernateTransactionManager      : Using DataSource [org.springframework.jdbc.datasource.DriverManagerDataSource@5b447765] of Hibernate SessionFactory for HibernateTransactionManager
2025-03-15T14:37:41.837+03:00 DEBUG 5322 --- [    Test worker] o.s.c.support.DefaultLifecycleProcessor  : Starting beans in phase -2147483647
2025-03-15T14:37:41.837+03:00 DEBUG 5322 --- [    Test worker] o.s.c.support.DefaultLifecycleProcessor  : Successfully started bean 'springBootLoggingLifecycle'
2025-03-15T14:37:41.839+03:00  INFO 5322 --- [    Test worker] msu.cmc.webprak.DAOTests                 : Started DAOTests in 2.189 seconds (process running for 3.142)
2025-03-15T14:37:41.843+03:00 DEBUG 5322 --- [    Test worker] org.springframework.test.context.cache   : Spring test ApplicationContext cache statistics: [DefaultContextCache@32551164 size = 1, maxSize = 32, parentContextCount = 0, hitCount = 0, missCount = 1, failureCount = 0]
2025-03-15T14:37:41.843+03:00 DEBUG 5322 --- [    Test worker] o.s.t.c.w.ServletTestExecutionListener   : Setting up MockHttpServletRequest, MockHttpServletResponse, ServletWebRequest, and RequestContextHolder for test class msu.cmc.webprak.DAOTests
2025-03-15T14:37:41.858+03:00 DEBUG 5322 --- [    Test worker] DependencyInjectionTestExecutionListener : Performing dependency injection for test class msu.cmc.webprak.DAOTests
2025-03-15T14:37:41.858+03:00 DEBUG 5322 --- [    Test worker] org.springframework.test.context.cache   : Spring test ApplicationContext cache statistics: [DefaultContextCache@32551164 size = 1, maxSize = 32, parentContextCount = 0, hitCount = 1, missCount = 1, failureCount = 0]
2025-03-15T14:37:41.859+03:00 DEBUG 5322 --- [    Test worker] org.springframework.test.context.cache   : Spring test ApplicationContext cache statistics: [DefaultContextCache@32551164 size = 1, maxSize = 32, parentContextCount = 0, hitCount = 2, missCount = 1, failureCount = 0]
2025-03-15T14:37:41.861+03:00 DEBUG 5322 --- [    Test worker] sContextBeforeModesTestExecutionListener : Before test method: class [DAOTests], method [testBook], class annotated with @DirtiesContext [false] with mode [null], method annotated with @DirtiesContext [false] with mode [null]
2025-03-15T14:37:41.864+03:00 DEBUG 5322 --- [    Test worker] t.c.t.TransactionalTestExecutionListener : Explicit transaction definition [PROPAGATION_REQUIRED,ISOLATION_DEFAULT] found for test class [msu.cmc.webprak.DAOTests] and test method [testBook]
2025-03-15T14:37:41.864+03:00 DEBUG 5322 --- [    Test worker] org.springframework.test.context.cache   : Spring test ApplicationContext cache statistics: [DefaultContextCache@32551164 size = 1, maxSize = 32, parentContextCount = 0, hitCount = 3, missCount = 1, failureCount = 0]
2025-03-15T14:37:41.865+03:00 DEBUG 5322 --- [    Test worker] t.c.t.TransactionalTestExecutionListener : No method-level @Rollback override: using default rollback [true] for test method [public void msu.cmc.webprak.DAOTests.testBook()]
2025-03-15T14:37:41.868+03:00 DEBUG 5322 --- [    Test worker] o.s.o.h.HibernateTransactionManager      : Creating new transaction with name [msu.cmc.webprak.DAOTests.testBook]: PROPAGATION_REQUIRED,ISOLATION_DEFAULT
2025-03-15T14:37:41.902+03:00 DEBUG 5322 --- [    Test worker] o.s.o.h.HibernateTransactionManager      : Opened new Session [SessionImpl(242211757<open>)] for Hibernate transaction
2025-03-15T14:37:41.906+03:00 DEBUG 5322 --- [    Test worker] o.s.j.d.DriverManagerDataSource          : Creating new JDBC DriverManager Connection to [jdbc:postgresql://localhost:5432/webprak]
2025-03-15T14:37:41.929+03:00 DEBUG 5322 --- [    Test worker] o.s.o.h.HibernateTransactionManager      : Exposing Hibernate transaction as JDBC [org.springframework.orm.hibernate5.HibernateTransactionManager$$Lambda/0x000007f00178ed40@5962dde1]
2025-03-15T14:37:41.929+03:00 DEBUG 5322 --- [    Test worker] o.s.t.c.transaction.TransactionContext   : Began transaction (1) for test class [msu.cmc.webprak.DAOTests]; test method [testBook]; transaction manager [org.springframework.orm.hibernate5.HibernateTransactionManager@44b4fbc2]; rollback [true]
2025-03-15T14:37:41.930+03:00 DEBUG 5322 --- [    Test worker] org.springframework.test.context.cache   : Spring test ApplicationContext cache statistics: [DefaultContextCache@32551164 size = 1, maxSize = 32, parentContextCount = 0, hitCount = 4, missCount = 1, failureCount = 0]
2025-03-15T14:37:41.930+03:00 DEBUG 5322 --- [    Test worker] org.springframework.test.context.cache   : Spring test ApplicationContext cache statistics: [DefaultContextCache@32551164 size = 1, maxSize = 32, parentContextCount = 0, hitCount = 5, missCount = 1, failureCount = 0]
2025-03-15T14:37:42.324+03:00 DEBUG 5322 --- [    Test worker] org.springframework.test.context.cache   : Spring test ApplicationContext cache statistics: [DefaultContextCache@32551164 size = 1, maxSize = 32, parentContextCount = 0, hitCount = 6, missCount = 1, failureCount = 0]
2025-03-15T14:37:42.326+03:00 DEBUG 5322 --- [    Test worker] org.springframework.test.context.cache   : Spring test ApplicationContext cache statistics: [DefaultContextCache@32551164 size = 1, maxSize = 32, parentContextCount = 0, hitCount = 7, missCount = 1, failureCount = 0]
2025-03-15T14:37:42.330+03:00 DEBUG 5322 --- [    Test worker] o.s.o.h.HibernateTransactionManager      : Found thread-bound Session [SessionImpl(242211757<open>)] for Hibernate transaction
2025-03-15T14:37:42.331+03:00 DEBUG 5322 --- [    Test worker] o.s.o.h.HibernateTransactionManager      : Participating in existing transaction
2025-03-15T14:37:42.693+03:00 DEBUG 5322 --- [    Test worker] org.hibernate.SQL                        : select b1_0.isbn,b1_0.authors,b1_0.name,b1_0.publisher,b1_0.year from books b1_0 where b1_0.isbn=?
2025-03-15T14:37:42.705+03:00 DEBUG 5322 --- [    Test worker] o.s.o.h.HibernateTransactionManager      : Found thread-bound Session [SessionImpl(242211757<open>)] for Hibernate transaction
2025-03-15T14:37:42.705+03:00 DEBUG 5322 --- [    Test worker] o.s.o.h.HibernateTransactionManager      : Participating in existing transaction
2025-03-15T14:37:42.707+03:00 DEBUG 5322 --- [    Test worker] org.hibernate.SQL                        : select b1_0.isbn,b1_0.authors,b1_0.name,b1_0.publisher,b1_0.year from books b1_0 where b1_0.name=?
2025-03-15T14:37:42.727+03:00 DEBUG 5322 --- [    Test worker] org.springframework.test.context.cache   : Spring test ApplicationContext cache statistics: [DefaultContextCache@32551164 size = 1, maxSize = 32, parentContextCount = 0, hitCount = 8, missCount = 1, failureCount = 0]
2025-03-15T14:37:42.727+03:00 DEBUG 5322 --- [    Test worker] org.springframework.test.context.cache   : Spring test ApplicationContext cache statistics: [DefaultContextCache@32551164 size = 1, maxSize = 32, parentContextCount = 0, hitCount = 9, missCount = 1, failureCount = 0]
2025-03-15T14:37:42.728+03:00 DEBUG 5322 --- [    Test worker] org.springframework.test.context.cache   : Spring test ApplicationContext cache statistics: [DefaultContextCache@32551164 size = 1, maxSize = 32, parentContextCount = 0, hitCount = 10, missCount = 1, failureCount = 0]
2025-03-15T14:37:42.728+03:00 DEBUG 5322 --- [    Test worker] org.springframework.test.context.cache   : Spring test ApplicationContext cache statistics: [DefaultContextCache@32551164 size = 1, maxSize = 32, parentContextCount = 0, hitCount = 11, missCount = 1, failureCount = 0]
2025-03-15T14:37:42.728+03:00 DEBUG 5322 --- [    Test worker] org.springframework.test.context.cache   : Spring test ApplicationContext cache statistics: [DefaultContextCache@32551164 size = 1, maxSize = 32, parentContextCount = 0, hitCount = 12, missCount = 1, failureCount = 0]
2025-03-15T14:37:42.729+03:00 DEBUG 5322 --- [    Test worker] org.springframework.test.context.cache   : Spring test ApplicationContext cache statistics: [DefaultContextCache@32551164 size = 1, maxSize = 32, parentContextCount = 0, hitCount = 13, missCount = 1, failureCount = 0]
2025-03-15T14:37:42.730+03:00 DEBUG 5322 --- [    Test worker] org.springframework.test.context.cache   : Spring test ApplicationContext cache statistics: [DefaultContextCache@32551164 size = 1, maxSize = 32, parentContextCount = 0, hitCount = 14, missCount = 1, failureCount = 0]
2025-03-15T14:37:42.730+03:00 DEBUG 5322 --- [    Test worker] o.s.o.h.HibernateTransactionManager      : Initiating transaction rollback
2025-03-15T14:37:42.730+03:00 DEBUG 5322 --- [    Test worker] o.s.o.h.HibernateTransactionManager      : Rolling back Hibernate transaction on Session [SessionImpl(242211757<open>)]
2025-03-15T14:37:42.732+03:00 DEBUG 5322 --- [    Test worker] o.s.o.h.HibernateTransactionManager      : Closing Hibernate Session [SessionImpl(242211757<open>)] after transaction
2025-03-15T14:37:42.732+03:00 DEBUG 5322 --- [    Test worker] o.s.t.c.transaction.TransactionContext   : Rolled back transaction (1) for test class [msu.cmc.webprak.DAOTests]; test method [testBook]
2025-03-15T14:37:42.733+03:00 DEBUG 5322 --- [    Test worker] .c.s.DirtiesContextTestExecutionListener : After test method: class [DAOTests], method [testBook], class annotated with @DirtiesContext [false] with mode [null], method annotated with @DirtiesContext [false] with mode [null]
2025-03-15T14:37:42.733+03:00 DEBUG 5322 --- [    Test worker] o.s.t.c.w.ServletTestExecutionListener   : Resetting RequestContextHolder for test class msu.cmc.webprak.DAOTests
2025-03-15T14:37:42.737+03:00 DEBUG 5322 --- [    Test worker] org.springframework.test.context.cache   : Spring test ApplicationContext cache statistics: [DefaultContextCache@32551164 size = 1, maxSize = 32, parentContextCount = 0, hitCount = 15, missCount = 1, failureCount = 0]
2025-03-15T14:37:42.738+03:00 DEBUG 5322 --- [    Test worker] org.springframework.test.context.cache   : Spring test ApplicationContext cache statistics: [DefaultContextCache@32551164 size = 1, maxSize = 32, parentContextCount = 0, hitCount = 16, missCount = 1, failureCount = 0]
2025-03-15T14:37:42.738+03:00 DEBUG 5322 --- [    Test worker] .c.s.DirtiesContextTestExecutionListener : After test class: class [DAOTests], class annotated with @DirtiesContext [false] with mode [null]
]]></system-out>
  <system-err><![CDATA[Mockito is currently self-attaching to enable the inline-mock-maker. This will no longer work in future releases of the JDK. Please add Mockito as an agent to your build what is described in Mockito's documentation: https://javadoc.io/doc/org.mockito/mockito-core/latest/org/mockito/Mockito.html#0.3
WARNING: A Java agent has been loaded dynamically (/Users/nik/.gradle/caches/modules-2/files-2.1/net.bytebuddy/byte-buddy-agent/1.15.11/a38b16385e867f59a641330f0362ebe742788ed8/byte-buddy-agent-1.15.11.jar)
WARNING: If a serviceability tool is in use, please run with -XX:+EnableDynamicAgentLoading to hide this warning
WARNING: If a serviceability tool is not in use, please run with -Djdk.instrument.traceUsage for more information
WARNING: Dynamic loading of agents will be disallowed by default in a future release
]]></system-err>
</testsuite>
