<?xml version="1.0" encoding="UTF-8"?>
<testsuite name="msu.cmc.webprak.DAOTests" tests="4" skipped="0" failures="0" errors="0" timestamp="2025-03-15T12:53:24" hostname="MacBook-Air-Nik.local" time="1.103">
  <properties/>
  <testcase name="testBook()" classname="msu.cmc.webprak.DAOTests" time="0.892"/>
  <testcase name="testHistory()" classname="msu.cmc.webprak.DAOTests" time="0.105"/>
  <testcase name="testCommon()" classname="msu.cmc.webprak.DAOTests" time="0.068"/>
  <testcase name="testReader()" classname="msu.cmc.webprak.DAOTests" time="0.034"/>
  <system-out><![CDATA[
  .   ____          _            __ _ _
 /\\ / ___'_ __ _ _(_)_ __  __ _ \ \ \ \
( ( )\___ | '_ | '_| | '_ \/ _` | \ \ \ \
 \\/  ___)| |_)| | | | | || (_| |  ) ) ) )
  '  |____| .__|_| |_|_| |_\__, | / / / /
 =========|_|==============|___/=/_/_/_/

 :: Spring Boot ::                (v3.4.3)

2025-03-15T15:53:22.222+03:00  INFO 6475 --- [    Test worker] msu.cmc.webprak.DAOTests                 : Starting DAOTests using Java 23.0.2 with PID 6475 (started by nik in /Users/nik/Desktop/java-prak)
2025-03-15T15:53:22.224+03:00  INFO 6475 --- [    Test worker] msu.cmc.webprak.DAOTests                 : No active profile set, falling back to 1 default profile: "default"
2025-03-15T15:53:22.224+03:00 DEBUG 6475 --- [    Test worker] o.s.boot.SpringApplication               : Loading source class msu.cmc.webprak.configs.HibernateConfig
2025-03-15T15:53:22.267+03:00 DEBUG 6475 --- [    Test worker] o.s.w.c.s.GenericWebApplicationContext   : Refreshing org.springframework.web.context.support.GenericWebApplicationContext@51b40d47
2025-03-15T15:53:22.282+03:00 DEBUG 6475 --- [    Test worker] o.s.b.f.s.DefaultListableBeanFactory     : Creating shared instance of singleton bean 'org.springframework.context.annotation.internalConfigurationAnnotationProcessor'
2025-03-15T15:53:22.298+03:00 DEBUG 6475 --- [    Test worker] o.s.b.f.s.DefaultListableBeanFactory     : Creating shared instance of singleton bean 'org.springframework.boot.autoconfigure.internalCachingMetadataReaderFactory'
2025-03-15T15:53:22.347+03:00 DEBUG 6475 --- [    Test worker] o.s.c.a.ClassPathBeanDefinitionScanner   : Identified candidate component class: file [/Users/nik/Desktop/java-prak/build/classes/java/main/msu/cmc/webprak/DAO/BookDAO.class]
2025-03-15T15:53:22.348+03:00 DEBUG 6475 --- [    Test worker] o.s.c.a.ClassPathBeanDefinitionScanner   : Identified candidate component class: file [/Users/nik/Desktop/java-prak/build/classes/java/main/msu/cmc/webprak/DAO/HistoryDAO.class]
2025-03-15T15:53:22.348+03:00 DEBUG 6475 --- [    Test worker] o.s.c.a.ClassPathBeanDefinitionScanner   : Identified candidate component class: file [/Users/nik/Desktop/java-prak/build/classes/java/main/msu/cmc/webprak/DAO/ReaderDAO.class]
2025-03-15T15:53:22.446+03:00 DEBUG 6475 --- [    Test worker] o.s.b.f.s.DefaultListableBeanFactory     : Creating shared instance of singleton bean 'org.springframework.boot.test.mock.mockito.MockitoPostProcessor'
2025-03-15T15:53:22.465+03:00 DEBUG 6475 --- [    Test worker] o.s.b.f.s.DefaultListableBeanFactory     : Creating shared instance of singleton bean 'org.springframework.context.event.internalEventListenerProcessor'
2025-03-15T15:53:22.467+03:00 DEBUG 6475 --- [    Test worker] o.s.b.f.s.DefaultListableBeanFactory     : Creating shared instance of singleton bean 'org.springframework.context.event.internalEventListenerFactory'
2025-03-15T15:53:22.467+03:00 DEBUG 6475 --- [    Test worker] o.s.b.f.s.DefaultListableBeanFactory     : Creating shared instance of singleton bean 'org.springframework.transaction.config.internalTransactionalEventListenerFactory'
2025-03-15T15:53:22.468+03:00 DEBUG 6475 --- [    Test worker] o.s.b.f.s.DefaultListableBeanFactory     : Creating shared instance of singleton bean 'org.springframework.boot.test.mock.mockito.MockitoPostProcessor$SpyPostProcessor'
2025-03-15T15:53:22.469+03:00 DEBUG 6475 --- [    Test worker] o.s.b.f.s.DefaultListableBeanFactory     : Creating shared instance of singleton bean 'org.springframework.context.annotation.internalAutowiredAnnotationProcessor'
2025-03-15T15:53:22.471+03:00 DEBUG 6475 --- [    Test worker] o.s.b.f.s.DefaultListableBeanFactory     : Creating shared instance of singleton bean 'org.springframework.context.annotation.internalCommonAnnotationProcessor'
2025-03-15T15:53:22.474+03:00 DEBUG 6475 --- [    Test worker] o.s.b.f.s.DefaultListableBeanFactory     : Creating shared instance of singleton bean 'org.springframework.context.annotation.internalPersistenceAnnotationProcessor'
2025-03-15T15:53:22.475+03:00 DEBUG 6475 --- [    Test worker] o.s.b.f.s.DefaultListableBeanFactory     : Creating shared instance of singleton bean 'org.springframework.aop.config.internalAutoProxyCreator'
2025-03-15T15:53:22.486+03:00 DEBUG 6475 --- [    Test worker] o.s.u.c.s.UiApplicationContextUtils      : Unable to locate ThemeSource with name 'themeSource': using default [org.springframework.ui.context.support.ResourceBundleThemeSource@43b227ec]
2025-03-15T15:53:22.487+03:00 DEBUG 6475 --- [    Test worker] o.s.b.f.s.DefaultListableBeanFactory     : Creating shared instance of singleton bean 'org.springframework.test.context.support.internalDynamicPropertyRegistrarBeanInitializer'
2025-03-15T15:53:22.488+03:00 DEBUG 6475 --- [    Test worker] o.s.b.f.s.DefaultListableBeanFactory     : Creating shared instance of singleton bean 'org.springframework.transaction.config.internalTransactionAdvisor'
2025-03-15T15:53:22.488+03:00 DEBUG 6475 --- [    Test worker] o.s.b.f.s.DefaultListableBeanFactory     : Creating shared instance of singleton bean 'org.springframework.transaction.annotation.ProxyTransactionManagementConfiguration'
2025-03-15T15:53:22.494+03:00 DEBUG 6475 --- [    Test worker] o.s.b.f.s.DefaultListableBeanFactory     : Creating shared instance of singleton bean 'transactionAttributeSource'
2025-03-15T15:53:22.495+03:00 DEBUG 6475 --- [    Test worker] o.s.b.f.s.DefaultListableBeanFactory     : Creating shared instance of singleton bean 'transactionInterceptor'
2025-03-15T15:53:22.495+03:00 DEBUG 6475 --- [    Test worker] o.s.b.f.s.DefaultListableBeanFactory     : Autowiring by type from bean name 'transactionInterceptor' via factory method to bean named 'transactionAttributeSource'
2025-03-15T15:53:22.500+03:00 DEBUG 6475 --- [    Test worker] o.s.b.f.s.DefaultListableBeanFactory     : Autowiring by type from bean name 'org.springframework.transaction.config.internalTransactionAdvisor' via factory method to bean named 'transactionAttributeSource'
2025-03-15T15:53:22.500+03:00 DEBUG 6475 --- [    Test worker] o.s.b.f.s.DefaultListableBeanFactory     : Autowiring by type from bean name 'org.springframework.transaction.config.internalTransactionAdvisor' via factory method to bean named 'transactionInterceptor'
2025-03-15T15:53:22.504+03:00 DEBUG 6475 --- [    Test worker] o.s.b.f.s.DefaultListableBeanFactory     : Creating shared instance of singleton bean 'hibernateConfig'
2025-03-15T15:53:22.505+03:00 DEBUG 6475 --- [    Test worker] o.s.b.f.s.DefaultListableBeanFactory     : Creating shared instance of singleton bean 'bookDAO'
2025-03-15T15:53:22.509+03:00 DEBUG 6475 --- [    Test worker] o.s.b.f.s.DefaultListableBeanFactory     : Creating shared instance of singleton bean 'sessionFactory'
2025-03-15T15:53:22.513+03:00 DEBUG 6475 --- [    Test worker] o.s.b.f.s.DefaultListableBeanFactory     : Creating shared instance of singleton bean 'dataSource'
2025-03-15T15:53:22.519+03:00 DEBUG 6475 --- [    Test worker] o.s.j.d.DriverManagerDataSource          : Loaded JDBC driver: org.postgresql.Driver
2025-03-15T15:53:22.596+03:00  INFO 6475 --- [    Test worker] org.hibernate.Version                    : HHH000412: Hibernate ORM core version 6.4.1.Final
2025-03-15T15:53:22.654+03:00  INFO 6475 --- [    Test worker] o.h.c.internal.RegionFactoryInitiator    : HHH000026: Second-level cache disabled
2025-03-15T15:53:22.766+03:00 DEBUG 6475 --- [    Test worker] o.s.j.d.DriverManagerDataSource          : Creating new JDBC DriverManager Connection to [jdbc:postgresql://localhost:5432/webprak]
2025-03-15T15:53:22.945+03:00  WARN 6475 --- [    Test worker] org.hibernate.dialect.Dialect            : HHH000511: The 11.22.0 version for [org.hibernate.dialect.PostgreSQLDialect] is no longer supported, hence certain features may not work properly. The minimum supported version is 12.0.0. Check the community dialects project for available legacy versions.
2025-03-15T15:53:22.949+03:00  WARN 6475 --- [    Test worker] org.hibernate.orm.deprecation            : HHH90000025: PostgreSQLDialect does not need to be specified explicitly using 'hibernate.dialect' (remove the property setting and it will be selected by default)
2025-03-15T15:53:23.897+03:00  INFO 6475 --- [    Test worker] o.h.e.t.j.p.i.JtaPlatformInitiator       : HHH000489: No JTA platform available (set 'hibernate.transaction.jta.platform' to enable JTA platform integration)
2025-03-15T15:53:23.912+03:00 DEBUG 6475 --- [    Test worker] o.s.j.d.DriverManagerDataSource          : Creating new JDBC DriverManager Connection to [jdbc:postgresql://localhost:5432/webprak]
2025-03-15T15:53:24.081+03:00 DEBUG 6475 --- [    Test worker] o.s.b.f.s.DefaultListableBeanFactory     : Creating shared instance of singleton bean 'historyDAO'
2025-03-15T15:53:24.093+03:00 DEBUG 6475 --- [    Test worker] o.s.b.f.s.DefaultListableBeanFactory     : Creating shared instance of singleton bean 'readerDAO'
2025-03-15T15:53:24.102+03:00 DEBUG 6475 --- [    Test worker] o.s.b.f.s.DefaultListableBeanFactory     : Creating shared instance of singleton bean 'transactionManager'
2025-03-15T15:53:24.121+03:00 DEBUG 6475 --- [    Test worker] o.s.o.h.HibernateTransactionManager      : Using DataSource [org.springframework.jdbc.datasource.DriverManagerDataSource@2f7f2686] of Hibernate SessionFactory for HibernateTransactionManager
2025-03-15T15:53:24.128+03:00 DEBUG 6475 --- [    Test worker] o.s.c.support.DefaultLifecycleProcessor  : Starting beans in phase -2147483647
2025-03-15T15:53:24.128+03:00 DEBUG 6475 --- [    Test worker] o.s.c.support.DefaultLifecycleProcessor  : Successfully started bean 'springBootLoggingLifecycle'
2025-03-15T15:53:24.130+03:00  INFO 6475 --- [    Test worker] msu.cmc.webprak.DAOTests                 : Started DAOTests in 2.171 seconds (process running for 3.188)
2025-03-15T15:53:24.133+03:00 DEBUG 6475 --- [    Test worker] org.springframework.test.context.cache   : Spring test ApplicationContext cache statistics: [DefaultContextCache@35fde767 size = 1, maxSize = 32, parentContextCount = 0, hitCount = 0, missCount = 1, failureCount = 0]
2025-03-15T15:53:24.133+03:00 DEBUG 6475 --- [    Test worker] o.s.t.c.w.ServletTestExecutionListener   : Setting up MockHttpServletRequest, MockHttpServletResponse, ServletWebRequest, and RequestContextHolder for test class msu.cmc.webprak.DAOTests
2025-03-15T15:53:24.145+03:00 DEBUG 6475 --- [    Test worker] DependencyInjectionTestExecutionListener : Performing dependency injection for test class msu.cmc.webprak.DAOTests
2025-03-15T15:53:24.145+03:00 DEBUG 6475 --- [    Test worker] org.springframework.test.context.cache   : Spring test ApplicationContext cache statistics: [DefaultContextCache@35fde767 size = 1, maxSize = 32, parentContextCount = 0, hitCount = 1, missCount = 1, failureCount = 0]
2025-03-15T15:53:24.146+03:00 DEBUG 6475 --- [    Test worker] org.springframework.test.context.cache   : Spring test ApplicationContext cache statistics: [DefaultContextCache@35fde767 size = 1, maxSize = 32, parentContextCount = 0, hitCount = 2, missCount = 1, failureCount = 0]
2025-03-15T15:53:24.148+03:00 DEBUG 6475 --- [    Test worker] sContextBeforeModesTestExecutionListener : Before test method: class [DAOTests], method [testBook], class annotated with @DirtiesContext [false] with mode [null], method annotated with @DirtiesContext [false] with mode [null]
2025-03-15T15:53:24.153+03:00 DEBUG 6475 --- [    Test worker] t.c.t.TransactionalTestExecutionListener : Explicit transaction definition [PROPAGATION_REQUIRED,ISOLATION_DEFAULT] found for test class [msu.cmc.webprak.DAOTests] and test method [testBook]
2025-03-15T15:53:24.153+03:00 DEBUG 6475 --- [    Test worker] org.springframework.test.context.cache   : Spring test ApplicationContext cache statistics: [DefaultContextCache@35fde767 size = 1, maxSize = 32, parentContextCount = 0, hitCount = 3, missCount = 1, failureCount = 0]
2025-03-15T15:53:24.155+03:00 DEBUG 6475 --- [    Test worker] t.c.t.TransactionalTestExecutionListener : No method-level @Rollback override: using default rollback [true] for test method [public void msu.cmc.webprak.DAOTests.testBook()]
2025-03-15T15:53:24.158+03:00 DEBUG 6475 --- [    Test worker] o.s.o.h.HibernateTransactionManager      : Creating new transaction with name [msu.cmc.webprak.DAOTests.testBook]: PROPAGATION_REQUIRED,ISOLATION_DEFAULT
2025-03-15T15:53:24.193+03:00 DEBUG 6475 --- [    Test worker] o.s.o.h.HibernateTransactionManager      : Opened new Session [SessionImpl(1813395848<open>)] for Hibernate transaction
2025-03-15T15:53:24.197+03:00 DEBUG 6475 --- [    Test worker] o.s.j.d.DriverManagerDataSource          : Creating new JDBC DriverManager Connection to [jdbc:postgresql://localhost:5432/webprak]
2025-03-15T15:53:24.222+03:00 DEBUG 6475 --- [    Test worker] o.s.o.h.HibernateTransactionManager      : Exposing Hibernate transaction as JDBC [org.springframework.orm.hibernate5.HibernateTransactionManager$$Lambda/0x000070000178b370@4dce96a2]
2025-03-15T15:53:24.223+03:00 DEBUG 6475 --- [    Test worker] o.s.t.c.transaction.TransactionContext   : Began transaction (1) for test class [msu.cmc.webprak.DAOTests]; test method [testBook]; transaction manager [org.springframework.orm.hibernate5.HibernateTransactionManager@26bc3448]; rollback [true]
2025-03-15T15:53:24.224+03:00 DEBUG 6475 --- [    Test worker] org.springframework.test.context.cache   : Spring test ApplicationContext cache statistics: [DefaultContextCache@35fde767 size = 1, maxSize = 32, parentContextCount = 0, hitCount = 4, missCount = 1, failureCount = 0]
2025-03-15T15:53:24.224+03:00 DEBUG 6475 --- [    Test worker] org.springframework.test.context.cache   : Spring test ApplicationContext cache statistics: [DefaultContextCache@35fde767 size = 1, maxSize = 32, parentContextCount = 0, hitCount = 5, missCount = 1, failureCount = 0]
2025-03-15T15:53:24.597+03:00 DEBUG 6475 --- [    Test worker] org.springframework.test.context.cache   : Spring test ApplicationContext cache statistics: [DefaultContextCache@35fde767 size = 1, maxSize = 32, parentContextCount = 0, hitCount = 6, missCount = 1, failureCount = 0]
2025-03-15T15:53:24.599+03:00 DEBUG 6475 --- [    Test worker] org.springframework.test.context.cache   : Spring test ApplicationContext cache statistics: [DefaultContextCache@35fde767 size = 1, maxSize = 32, parentContextCount = 0, hitCount = 7, missCount = 1, failureCount = 0]
2025-03-15T15:53:24.604+03:00 DEBUG 6475 --- [    Test worker] o.s.o.h.HibernateTransactionManager      : Found thread-bound Session [SessionImpl(1813395848<open>)] for Hibernate transaction
2025-03-15T15:53:24.605+03:00 DEBUG 6475 --- [    Test worker] o.s.o.h.HibernateTransactionManager      : Participating in existing transaction
2025-03-15T15:53:24.941+03:00 DEBUG 6475 --- [    Test worker] org.hibernate.SQL                        : select b1_0.isbn,b1_0.authors,b1_0.name,b1_0.publisher,b1_0.year from books b1_0 where b1_0.isbn=?
2025-03-15T15:53:24.956+03:00 DEBUG 6475 --- [    Test worker] o.s.o.h.HibernateTransactionManager      : Found thread-bound Session [SessionImpl(1813395848<open>)] for Hibernate transaction
2025-03-15T15:53:24.956+03:00 DEBUG 6475 --- [    Test worker] o.s.o.h.HibernateTransactionManager      : Participating in existing transaction
2025-03-15T15:53:24.958+03:00 DEBUG 6475 --- [    Test worker] org.hibernate.SQL                        : select b1_0.isbn,b1_0.authors,b1_0.name,b1_0.publisher,b1_0.year from books b1_0 where b1_0.name=?
2025-03-15T15:53:24.977+03:00 DEBUG 6475 --- [    Test worker] o.s.o.h.HibernateTransactionManager      : Found thread-bound Session [SessionImpl(1813395848<open>)] for Hibernate transaction
2025-03-15T15:53:24.977+03:00 DEBUG 6475 --- [    Test worker] o.s.o.h.HibernateTransactionManager      : Participating in existing transaction
2025-03-15T15:53:25.016+03:00 DEBUG 6475 --- [    Test worker] org.hibernate.SQL                        : SELECT * FROM books WHERE ? = ANY(authors)
2025-03-15T15:53:25.024+03:00 DEBUG 6475 --- [    Test worker] o.s.o.h.HibernateTransactionManager      : Found thread-bound Session [SessionImpl(1813395848<open>)] for Hibernate transaction
2025-03-15T15:53:25.025+03:00 DEBUG 6475 --- [    Test worker] o.s.o.h.HibernateTransactionManager      : Participating in existing transaction
2025-03-15T15:53:25.026+03:00 DEBUG 6475 --- [    Test worker] org.hibernate.SQL                        : select b1_0.isbn,b1_0.authors,b1_0.name,b1_0.publisher,b1_0.year from books b1_0 where b1_0.publisher=?
2025-03-15T15:53:25.028+03:00 DEBUG 6475 --- [    Test worker] org.springframework.test.context.cache   : Spring test ApplicationContext cache statistics: [DefaultContextCache@35fde767 size = 1, maxSize = 32, parentContextCount = 0, hitCount = 8, missCount = 1, failureCount = 0]
2025-03-15T15:53:25.029+03:00 DEBUG 6475 --- [    Test worker] org.springframework.test.context.cache   : Spring test ApplicationContext cache statistics: [DefaultContextCache@35fde767 size = 1, maxSize = 32, parentContextCount = 0, hitCount = 9, missCount = 1, failureCount = 0]
2025-03-15T15:53:25.029+03:00 DEBUG 6475 --- [    Test worker] org.springframework.test.context.cache   : Spring test ApplicationContext cache statistics: [DefaultContextCache@35fde767 size = 1, maxSize = 32, parentContextCount = 0, hitCount = 10, missCount = 1, failureCount = 0]
2025-03-15T15:53:25.030+03:00 DEBUG 6475 --- [    Test worker] org.springframework.test.context.cache   : Spring test ApplicationContext cache statistics: [DefaultContextCache@35fde767 size = 1, maxSize = 32, parentContextCount = 0, hitCount = 11, missCount = 1, failureCount = 0]
2025-03-15T15:53:25.030+03:00 DEBUG 6475 --- [    Test worker] org.springframework.test.context.cache   : Spring test ApplicationContext cache statistics: [DefaultContextCache@35fde767 size = 1, maxSize = 32, parentContextCount = 0, hitCount = 12, missCount = 1, failureCount = 0]
2025-03-15T15:53:25.030+03:00 DEBUG 6475 --- [    Test worker] org.springframework.test.context.cache   : Spring test ApplicationContext cache statistics: [DefaultContextCache@35fde767 size = 1, maxSize = 32, parentContextCount = 0, hitCount = 13, missCount = 1, failureCount = 0]
2025-03-15T15:53:25.032+03:00 DEBUG 6475 --- [    Test worker] org.springframework.test.context.cache   : Spring test ApplicationContext cache statistics: [DefaultContextCache@35fde767 size = 1, maxSize = 32, parentContextCount = 0, hitCount = 14, missCount = 1, failureCount = 0]
2025-03-15T15:53:25.032+03:00 DEBUG 6475 --- [    Test worker] o.s.o.h.HibernateTransactionManager      : Initiating transaction rollback
2025-03-15T15:53:25.032+03:00 DEBUG 6475 --- [    Test worker] o.s.o.h.HibernateTransactionManager      : Rolling back Hibernate transaction on Session [SessionImpl(1813395848<open>)]
2025-03-15T15:53:25.034+03:00 DEBUG 6475 --- [    Test worker] o.s.o.h.HibernateTransactionManager      : Closing Hibernate Session [SessionImpl(1813395848<open>)] after transaction
2025-03-15T15:53:25.034+03:00 DEBUG 6475 --- [    Test worker] o.s.t.c.transaction.TransactionContext   : Rolled back transaction (1) for test class [msu.cmc.webprak.DAOTests]; test method [testBook]
2025-03-15T15:53:25.035+03:00 DEBUG 6475 --- [    Test worker] .c.s.DirtiesContextTestExecutionListener : After test method: class [DAOTests], method [testBook], class annotated with @DirtiesContext [false] with mode [null], method annotated with @DirtiesContext [false] with mode [null]
2025-03-15T15:53:25.035+03:00 DEBUG 6475 --- [    Test worker] o.s.t.c.w.ServletTestExecutionListener   : Resetting RequestContextHolder for test class msu.cmc.webprak.DAOTests
2025-03-15T15:53:25.039+03:00 DEBUG 6475 --- [    Test worker] org.springframework.test.context.cache   : Spring test ApplicationContext cache statistics: [DefaultContextCache@35fde767 size = 1, maxSize = 32, parentContextCount = 0, hitCount = 15, missCount = 1, failureCount = 0]
2025-03-15T15:53:25.039+03:00 DEBUG 6475 --- [    Test worker] o.s.t.c.w.ServletTestExecutionListener   : Setting up MockHttpServletRequest, MockHttpServletResponse, ServletWebRequest, and RequestContextHolder for test class msu.cmc.webprak.DAOTests
2025-03-15T15:53:25.039+03:00 DEBUG 6475 --- [    Test worker] DependencyInjectionTestExecutionListener : Performing dependency injection for test class msu.cmc.webprak.DAOTests
2025-03-15T15:53:25.039+03:00 DEBUG 6475 --- [    Test worker] org.springframework.test.context.cache   : Spring test ApplicationContext cache statistics: [DefaultContextCache@35fde767 size = 1, maxSize = 32, parentContextCount = 0, hitCount = 16, missCount = 1, failureCount = 0]
2025-03-15T15:53:25.040+03:00 DEBUG 6475 --- [    Test worker] org.springframework.test.context.cache   : Spring test ApplicationContext cache statistics: [DefaultContextCache@35fde767 size = 1, maxSize = 32, parentContextCount = 0, hitCount = 17, missCount = 1, failureCount = 0]
2025-03-15T15:53:25.041+03:00 DEBUG 6475 --- [    Test worker] sContextBeforeModesTestExecutionListener : Before test method: class [DAOTests], method [testHistory], class annotated with @DirtiesContext [false] with mode [null], method annotated with @DirtiesContext [false] with mode [null]
2025-03-15T15:53:25.041+03:00 DEBUG 6475 --- [    Test worker] t.c.t.TransactionalTestExecutionListener : Explicit transaction definition [PROPAGATION_REQUIRED,ISOLATION_DEFAULT] found for test class [msu.cmc.webprak.DAOTests] and test method [testHistory]
2025-03-15T15:53:25.042+03:00 DEBUG 6475 --- [    Test worker] org.springframework.test.context.cache   : Spring test ApplicationContext cache statistics: [DefaultContextCache@35fde767 size = 1, maxSize = 32, parentContextCount = 0, hitCount = 18, missCount = 1, failureCount = 0]
2025-03-15T15:53:25.042+03:00 DEBUG 6475 --- [    Test worker] t.c.t.TransactionalTestExecutionListener : No method-level @Rollback override: using default rollback [true] for test method [public void msu.cmc.webprak.DAOTests.testHistory()]
2025-03-15T15:53:25.042+03:00 DEBUG 6475 --- [    Test worker] o.s.o.h.HibernateTransactionManager      : Creating new transaction with name [msu.cmc.webprak.DAOTests.testHistory]: PROPAGATION_REQUIRED,ISOLATION_DEFAULT
2025-03-15T15:53:25.042+03:00 DEBUG 6475 --- [    Test worker] o.s.o.h.HibernateTransactionManager      : Opened new Session [SessionImpl(771055360<open>)] for Hibernate transaction
2025-03-15T15:53:25.042+03:00 DEBUG 6475 --- [    Test worker] o.s.j.d.DriverManagerDataSource          : Creating new JDBC DriverManager Connection to [jdbc:postgresql://localhost:5432/webprak]
2025-03-15T15:53:25.059+03:00 DEBUG 6475 --- [    Test worker] o.s.o.h.HibernateTransactionManager      : Exposing Hibernate transaction as JDBC [org.springframework.orm.hibernate5.HibernateTransactionManager$$Lambda/0x000070000178b370@2f3cb678]
2025-03-15T15:53:25.059+03:00 DEBUG 6475 --- [    Test worker] o.s.t.c.transaction.TransactionContext   : Began transaction (1) for test class [msu.cmc.webprak.DAOTests]; test method [testHistory]; transaction manager [org.springframework.orm.hibernate5.HibernateTransactionManager@26bc3448]; rollback [true]
2025-03-15T15:53:25.060+03:00 DEBUG 6475 --- [    Test worker] org.springframework.test.context.cache   : Spring test ApplicationContext cache statistics: [DefaultContextCache@35fde767 size = 1, maxSize = 32, parentContextCount = 0, hitCount = 19, missCount = 1, failureCount = 0]
2025-03-15T15:53:25.060+03:00 DEBUG 6475 --- [    Test worker] org.springframework.test.context.cache   : Spring test ApplicationContext cache statistics: [DefaultContextCache@35fde767 size = 1, maxSize = 32, parentContextCount = 0, hitCount = 20, missCount = 1, failureCount = 0]
2025-03-15T15:53:25.060+03:00 DEBUG 6475 --- [    Test worker] org.springframework.test.context.cache   : Spring test ApplicationContext cache statistics: [DefaultContextCache@35fde767 size = 1, maxSize = 32, parentContextCount = 0, hitCount = 21, missCount = 1, failureCount = 0]
2025-03-15T15:53:25.060+03:00 DEBUG 6475 --- [    Test worker] org.springframework.test.context.cache   : Spring test ApplicationContext cache statistics: [DefaultContextCache@35fde767 size = 1, maxSize = 32, parentContextCount = 0, hitCount = 22, missCount = 1, failureCount = 0]
2025-03-15T15:53:25.061+03:00 DEBUG 6475 --- [    Test worker] o.s.o.h.HibernateTransactionManager      : Found thread-bound Session [SessionImpl(771055360<open>)] for Hibernate transaction
2025-03-15T15:53:25.061+03:00 DEBUG 6475 --- [    Test worker] o.s.o.h.HibernateTransactionManager      : Participating in existing transaction
2025-03-15T15:53:25.080+03:00 DEBUG 6475 --- [    Test worker] org.hibernate.SQL                        : select h1_0.copy_id,h1_0.isbn,h1_0.reader_id,h1_0.issue_date,h1_0.return_date from history h1_0 where h1_0.isbn=?
2025-03-15T15:53:25.106+03:00 DEBUG 6475 --- [    Test worker] org.hibernate.SQL                        : select b1_0.isbn,b1_0.authors,b1_0.name,b1_0.publisher,b1_0.year from books b1_0 where b1_0.isbn=?
2025-03-15T15:53:25.110+03:00 DEBUG 6475 --- [    Test worker] org.hibernate.SQL                        : select c1_0.copy_id,c1_0.availability,c1_0.isbn,b1_0.isbn,b1_0.authors,b1_0.name,b1_0.publisher,b1_0.year from copies c1_0 join books b1_0 on b1_0.isbn=c1_0.isbn where c1_0.copy_id=?
2025-03-15T15:53:25.116+03:00 DEBUG 6475 --- [    Test worker] org.hibernate.SQL                        : select r1_0.reader_id,r1_0.address,r1_0.name,r1_0.phone_number from readers r1_0 where r1_0.reader_id=?
2025-03-15T15:53:25.119+03:00 DEBUG 6475 --- [    Test worker] org.hibernate.SQL                        : select c1_0.copy_id,c1_0.availability,c1_0.isbn,b1_0.isbn,b1_0.authors,b1_0.name,b1_0.publisher,b1_0.year from copies c1_0 join books b1_0 on b1_0.isbn=c1_0.isbn where c1_0.copy_id=?
2025-03-15T15:53:25.120+03:00 DEBUG 6475 --- [    Test worker] org.hibernate.SQL                        : select r1_0.reader_id,r1_0.address,r1_0.name,r1_0.phone_number from readers r1_0 where r1_0.reader_id=?
2025-03-15T15:53:25.121+03:00 DEBUG 6475 --- [    Test worker] o.s.o.h.HibernateTransactionManager      : Found thread-bound Session [SessionImpl(771055360<open>)] for Hibernate transaction
2025-03-15T15:53:25.121+03:00 DEBUG 6475 --- [    Test worker] o.s.o.h.HibernateTransactionManager      : Participating in existing transaction
2025-03-15T15:53:25.124+03:00 DEBUG 6475 --- [    Test worker] org.hibernate.SQL                        : select h1_0.copy_id,h1_0.isbn,h1_0.reader_id,h1_0.issue_date,h1_0.return_date from history h1_0 where h1_0.reader_id=?
2025-03-15T15:53:25.125+03:00 DEBUG 6475 --- [    Test worker] o.s.o.h.HibernateTransactionManager      : Found thread-bound Session [SessionImpl(771055360<open>)] for Hibernate transaction
2025-03-15T15:53:25.126+03:00 DEBUG 6475 --- [    Test worker] o.s.o.h.HibernateTransactionManager      : Participating in existing transaction
2025-03-15T15:53:25.128+03:00 DEBUG 6475 --- [    Test worker] org.hibernate.SQL                        : select h1_0.copy_id,h1_0.isbn,h1_0.reader_id,h1_0.issue_date,h1_0.return_date from history h1_0 where h1_0.issue_date=?
2025-03-15T15:53:25.130+03:00 DEBUG 6475 --- [    Test worker] o.s.o.h.HibernateTransactionManager      : Found thread-bound Session [SessionImpl(771055360<open>)] for Hibernate transaction
2025-03-15T15:53:25.130+03:00 DEBUG 6475 --- [    Test worker] o.s.o.h.HibernateTransactionManager      : Participating in existing transaction
2025-03-15T15:53:25.132+03:00 DEBUG 6475 --- [    Test worker] org.hibernate.SQL                        : select h1_0.copy_id,h1_0.isbn,h1_0.reader_id,h1_0.issue_date,h1_0.return_date from history h1_0 where h1_0.return_date=?
2025-03-15T15:53:25.133+03:00 DEBUG 6475 --- [    Test worker] o.s.o.h.HibernateTransactionManager      : Found thread-bound Session [SessionImpl(771055360<open>)] for Hibernate transaction
2025-03-15T15:53:25.133+03:00 DEBUG 6475 --- [    Test worker] o.s.o.h.HibernateTransactionManager      : Participating in existing transaction
2025-03-15T15:53:25.139+03:00 DEBUG 6475 --- [    Test worker] org.hibernate.SQL                        : select h1_0.copy_id,h1_0.isbn,h1_0.reader_id,h1_0.issue_date,h1_0.return_date from history h1_0 where h1_0.issue_date between ? and ?
2025-03-15T15:53:25.140+03:00 DEBUG 6475 --- [    Test worker] o.s.o.h.HibernateTransactionManager      : Found thread-bound Session [SessionImpl(771055360<open>)] for Hibernate transaction
2025-03-15T15:53:25.140+03:00 DEBUG 6475 --- [    Test worker] o.s.o.h.HibernateTransactionManager      : Participating in existing transaction
2025-03-15T15:53:25.142+03:00 DEBUG 6475 --- [    Test worker] org.hibernate.SQL                        : select h1_0.copy_id,h1_0.isbn,h1_0.reader_id,h1_0.issue_date,h1_0.return_date from history h1_0 where h1_0.return_date between ? and ?
2025-03-15T15:53:25.143+03:00 DEBUG 6475 --- [    Test worker] org.springframework.test.context.cache   : Spring test ApplicationContext cache statistics: [DefaultContextCache@35fde767 size = 1, maxSize = 32, parentContextCount = 0, hitCount = 23, missCount = 1, failureCount = 0]
2025-03-15T15:53:25.143+03:00 DEBUG 6475 --- [    Test worker] org.springframework.test.context.cache   : Spring test ApplicationContext cache statistics: [DefaultContextCache@35fde767 size = 1, maxSize = 32, parentContextCount = 0, hitCount = 24, missCount = 1, failureCount = 0]
2025-03-15T15:53:25.143+03:00 DEBUG 6475 --- [    Test worker] org.springframework.test.context.cache   : Spring test ApplicationContext cache statistics: [DefaultContextCache@35fde767 size = 1, maxSize = 32, parentContextCount = 0, hitCount = 25, missCount = 1, failureCount = 0]
2025-03-15T15:53:25.143+03:00 DEBUG 6475 --- [    Test worker] org.springframework.test.context.cache   : Spring test ApplicationContext cache statistics: [DefaultContextCache@35fde767 size = 1, maxSize = 32, parentContextCount = 0, hitCount = 26, missCount = 1, failureCount = 0]
2025-03-15T15:53:25.143+03:00 DEBUG 6475 --- [    Test worker] org.springframework.test.context.cache   : Spring test ApplicationContext cache statistics: [DefaultContextCache@35fde767 size = 1, maxSize = 32, parentContextCount = 0, hitCount = 27, missCount = 1, failureCount = 0]
2025-03-15T15:53:25.143+03:00 DEBUG 6475 --- [    Test worker] org.springframework.test.context.cache   : Spring test ApplicationContext cache statistics: [DefaultContextCache@35fde767 size = 1, maxSize = 32, parentContextCount = 0, hitCount = 28, missCount = 1, failureCount = 0]
2025-03-15T15:53:25.144+03:00 DEBUG 6475 --- [    Test worker] org.springframework.test.context.cache   : Spring test ApplicationContext cache statistics: [DefaultContextCache@35fde767 size = 1, maxSize = 32, parentContextCount = 0, hitCount = 29, missCount = 1, failureCount = 0]
2025-03-15T15:53:25.144+03:00 DEBUG 6475 --- [    Test worker] o.s.o.h.HibernateTransactionManager      : Initiating transaction rollback
2025-03-15T15:53:25.144+03:00 DEBUG 6475 --- [    Test worker] o.s.o.h.HibernateTransactionManager      : Rolling back Hibernate transaction on Session [SessionImpl(771055360<open>)]
2025-03-15T15:53:25.145+03:00 DEBUG 6475 --- [    Test worker] o.s.o.h.HibernateTransactionManager      : Closing Hibernate Session [SessionImpl(771055360<open>)] after transaction
2025-03-15T15:53:25.145+03:00 DEBUG 6475 --- [    Test worker] o.s.t.c.transaction.TransactionContext   : Rolled back transaction (1) for test class [msu.cmc.webprak.DAOTests]; test method [testHistory]
2025-03-15T15:53:25.145+03:00 DEBUG 6475 --- [    Test worker] .c.s.DirtiesContextTestExecutionListener : After test method: class [DAOTests], method [testHistory], class annotated with @DirtiesContext [false] with mode [null], method annotated with @DirtiesContext [false] with mode [null]
2025-03-15T15:53:25.145+03:00 DEBUG 6475 --- [    Test worker] o.s.t.c.w.ServletTestExecutionListener   : Resetting RequestContextHolder for test class msu.cmc.webprak.DAOTests
2025-03-15T15:53:25.146+03:00 DEBUG 6475 --- [    Test worker] org.springframework.test.context.cache   : Spring test ApplicationContext cache statistics: [DefaultContextCache@35fde767 size = 1, maxSize = 32, parentContextCount = 0, hitCount = 30, missCount = 1, failureCount = 0]
2025-03-15T15:53:25.146+03:00 DEBUG 6475 --- [    Test worker] o.s.t.c.w.ServletTestExecutionListener   : Setting up MockHttpServletRequest, MockHttpServletResponse, ServletWebRequest, and RequestContextHolder for test class msu.cmc.webprak.DAOTests
2025-03-15T15:53:25.146+03:00 DEBUG 6475 --- [    Test worker] DependencyInjectionTestExecutionListener : Performing dependency injection for test class msu.cmc.webprak.DAOTests
2025-03-15T15:53:25.146+03:00 DEBUG 6475 --- [    Test worker] org.springframework.test.context.cache   : Spring test ApplicationContext cache statistics: [DefaultContextCache@35fde767 size = 1, maxSize = 32, parentContextCount = 0, hitCount = 31, missCount = 1, failureCount = 0]
2025-03-15T15:53:25.146+03:00 DEBUG 6475 --- [    Test worker] org.springframework.test.context.cache   : Spring test ApplicationContext cache statistics: [DefaultContextCache@35fde767 size = 1, maxSize = 32, parentContextCount = 0, hitCount = 32, missCount = 1, failureCount = 0]
2025-03-15T15:53:25.147+03:00 DEBUG 6475 --- [    Test worker] sContextBeforeModesTestExecutionListener : Before test method: class [DAOTests], method [testCommon], class annotated with @DirtiesContext [false] with mode [null], method annotated with @DirtiesContext [false] with mode [null]
2025-03-15T15:53:25.147+03:00 DEBUG 6475 --- [    Test worker] t.c.t.TransactionalTestExecutionListener : Explicit transaction definition [PROPAGATION_REQUIRED,ISOLATION_DEFAULT] found for test class [msu.cmc.webprak.DAOTests] and test method [testCommon]
2025-03-15T15:53:25.147+03:00 DEBUG 6475 --- [    Test worker] org.springframework.test.context.cache   : Spring test ApplicationContext cache statistics: [DefaultContextCache@35fde767 size = 1, maxSize = 32, parentContextCount = 0, hitCount = 33, missCount = 1, failureCount = 0]
2025-03-15T15:53:25.147+03:00 DEBUG 6475 --- [    Test worker] t.c.t.TransactionalTestExecutionListener : No method-level @Rollback override: using default rollback [true] for test method [public void msu.cmc.webprak.DAOTests.testCommon()]
2025-03-15T15:53:25.147+03:00 DEBUG 6475 --- [    Test worker] o.s.o.h.HibernateTransactionManager      : Creating new transaction with name [msu.cmc.webprak.DAOTests.testCommon]: PROPAGATION_REQUIRED,ISOLATION_DEFAULT
2025-03-15T15:53:25.147+03:00 DEBUG 6475 --- [    Test worker] o.s.o.h.HibernateTransactionManager      : Opened new Session [SessionImpl(1442842690<open>)] for Hibernate transaction
2025-03-15T15:53:25.148+03:00 DEBUG 6475 --- [    Test worker] o.s.j.d.DriverManagerDataSource          : Creating new JDBC DriverManager Connection to [jdbc:postgresql://localhost:5432/webprak]
2025-03-15T15:53:25.167+03:00 DEBUG 6475 --- [    Test worker] o.s.o.h.HibernateTransactionManager      : Exposing Hibernate transaction as JDBC [org.springframework.orm.hibernate5.HibernateTransactionManager$$Lambda/0x000070000178b370@1a7fd2cd]
2025-03-15T15:53:25.167+03:00 DEBUG 6475 --- [    Test worker] o.s.t.c.transaction.TransactionContext   : Began transaction (1) for test class [msu.cmc.webprak.DAOTests]; test method [testCommon]; transaction manager [org.springframework.orm.hibernate5.HibernateTransactionManager@26bc3448]; rollback [true]
2025-03-15T15:53:25.167+03:00 DEBUG 6475 --- [    Test worker] org.springframework.test.context.cache   : Spring test ApplicationContext cache statistics: [DefaultContextCache@35fde767 size = 1, maxSize = 32, parentContextCount = 0, hitCount = 34, missCount = 1, failureCount = 0]
2025-03-15T15:53:25.167+03:00 DEBUG 6475 --- [    Test worker] org.springframework.test.context.cache   : Spring test ApplicationContext cache statistics: [DefaultContextCache@35fde767 size = 1, maxSize = 32, parentContextCount = 0, hitCount = 35, missCount = 1, failureCount = 0]
2025-03-15T15:53:25.168+03:00 DEBUG 6475 --- [    Test worker] org.springframework.test.context.cache   : Spring test ApplicationContext cache statistics: [DefaultContextCache@35fde767 size = 1, maxSize = 32, parentContextCount = 0, hitCount = 36, missCount = 1, failureCount = 0]
2025-03-15T15:53:25.168+03:00 DEBUG 6475 --- [    Test worker] org.springframework.test.context.cache   : Spring test ApplicationContext cache statistics: [DefaultContextCache@35fde767 size = 1, maxSize = 32, parentContextCount = 0, hitCount = 37, missCount = 1, failureCount = 0]
2025-03-15T15:53:25.168+03:00 DEBUG 6475 --- [    Test worker] o.s.o.h.HibernateTransactionManager      : Found thread-bound Session [SessionImpl(1442842690<open>)] for Hibernate transaction
2025-03-15T15:53:25.168+03:00 DEBUG 6475 --- [    Test worker] o.s.o.h.HibernateTransactionManager      : Participating in existing transaction
2025-03-15T15:53:25.170+03:00 DEBUG 6475 --- [    Test worker] org.hibernate.SQL                        : select b1_0.isbn,b1_0.authors,b1_0.name,b1_0.publisher,b1_0.year from books b1_0 where b1_0.isbn=?
2025-03-15T15:53:25.180+03:00 DEBUG 6475 --- [    Test worker] o.s.o.h.HibernateTransactionManager      : Found thread-bound Session [SessionImpl(1442842690<open>)] for Hibernate transaction
2025-03-15T15:53:25.180+03:00 DEBUG 6475 --- [    Test worker] o.s.o.h.HibernateTransactionManager      : Participating in existing transaction
2025-03-15T15:53:25.182+03:00 DEBUG 6475 --- [    Test worker] org.hibernate.SQL                        : select b1_0.isbn,b1_0.authors,b1_0.name,b1_0.publisher,b1_0.year from books b1_0
2025-03-15T15:53:25.183+03:00 DEBUG 6475 --- [    Test worker] o.s.o.h.HibernateTransactionManager      : Found thread-bound Session [SessionImpl(1442842690<open>)] for Hibernate transaction
2025-03-15T15:53:25.183+03:00 DEBUG 6475 --- [    Test worker] o.s.o.h.HibernateTransactionManager      : Participating in existing transaction
2025-03-15T15:53:25.183+03:00 DEBUG 6475 --- [    Test worker] org.hibernate.SQL                        : select b1_0.isbn,b1_0.authors,b1_0.name,b1_0.publisher,b1_0.year from books b1_0 where b1_0.isbn=?
2025-03-15T15:53:25.184+03:00 DEBUG 6475 --- [    Test worker] o.s.o.h.HibernateTransactionManager      : Found thread-bound Session [SessionImpl(1442842690<open>)] for Hibernate transaction
2025-03-15T15:53:25.184+03:00 DEBUG 6475 --- [    Test worker] o.s.o.h.HibernateTransactionManager      : Participating in existing transaction
2025-03-15T15:53:25.184+03:00 DEBUG 6475 --- [    Test worker] org.hibernate.SQL                        : select b1_0.isbn,b1_0.authors,b1_0.name,b1_0.publisher,b1_0.year from books b1_0 where b1_0.isbn=?
2025-03-15T15:53:25.185+03:00 DEBUG 6475 --- [    Test worker] o.s.o.h.HibernateTransactionManager      : Found thread-bound Session [SessionImpl(1442842690<open>)] for Hibernate transaction
2025-03-15T15:53:25.185+03:00 DEBUG 6475 --- [    Test worker] o.s.o.h.HibernateTransactionManager      : Participating in existing transaction
2025-03-15T15:53:25.196+03:00 DEBUG 6475 --- [    Test worker] org.hibernate.SQL                        : insert into books (authors,name,publisher,year,isbn) values (?,?,?,?,?)
2025-03-15T15:53:25.207+03:00 DEBUG 6475 --- [    Test worker] o.s.o.h.HibernateTransactionManager      : Found thread-bound Session [SessionImpl(1442842690<open>)] for Hibernate transaction
2025-03-15T15:53:25.207+03:00 DEBUG 6475 --- [    Test worker] o.s.o.h.HibernateTransactionManager      : Participating in existing transaction
2025-03-15T15:53:25.208+03:00 DEBUG 6475 --- [    Test worker] o.s.o.h.HibernateTransactionManager      : Found thread-bound Session [SessionImpl(1442842690<open>)] for Hibernate transaction
2025-03-15T15:53:25.209+03:00 DEBUG 6475 --- [    Test worker] o.s.o.h.HibernateTransactionManager      : Participating in existing transaction
2025-03-15T15:53:25.210+03:00 DEBUG 6475 --- [    Test worker] o.s.o.h.HibernateTransactionManager      : Found thread-bound Session [SessionImpl(1442842690<open>)] for Hibernate transaction
2025-03-15T15:53:25.210+03:00 DEBUG 6475 --- [    Test worker] o.s.o.h.HibernateTransactionManager      : Participating in existing transaction
2025-03-15T15:53:25.211+03:00 DEBUG 6475 --- [    Test worker] org.springframework.test.context.cache   : Spring test ApplicationContext cache statistics: [DefaultContextCache@35fde767 size = 1, maxSize = 32, parentContextCount = 0, hitCount = 38, missCount = 1, failureCount = 0]
2025-03-15T15:53:25.212+03:00 DEBUG 6475 --- [    Test worker] org.springframework.test.context.cache   : Spring test ApplicationContext cache statistics: [DefaultContextCache@35fde767 size = 1, maxSize = 32, parentContextCount = 0, hitCount = 39, missCount = 1, failureCount = 0]
2025-03-15T15:53:25.212+03:00 DEBUG 6475 --- [    Test worker] org.springframework.test.context.cache   : Spring test ApplicationContext cache statistics: [DefaultContextCache@35fde767 size = 1, maxSize = 32, parentContextCount = 0, hitCount = 40, missCount = 1, failureCount = 0]
2025-03-15T15:53:25.212+03:00 DEBUG 6475 --- [    Test worker] org.springframework.test.context.cache   : Spring test ApplicationContext cache statistics: [DefaultContextCache@35fde767 size = 1, maxSize = 32, parentContextCount = 0, hitCount = 41, missCount = 1, failureCount = 0]
2025-03-15T15:53:25.212+03:00 DEBUG 6475 --- [    Test worker] org.springframework.test.context.cache   : Spring test ApplicationContext cache statistics: [DefaultContextCache@35fde767 size = 1, maxSize = 32, parentContextCount = 0, hitCount = 42, missCount = 1, failureCount = 0]
2025-03-15T15:53:25.212+03:00 DEBUG 6475 --- [    Test worker] org.springframework.test.context.cache   : Spring test ApplicationContext cache statistics: [DefaultContextCache@35fde767 size = 1, maxSize = 32, parentContextCount = 0, hitCount = 43, missCount = 1, failureCount = 0]
2025-03-15T15:53:25.213+03:00 DEBUG 6475 --- [    Test worker] org.springframework.test.context.cache   : Spring test ApplicationContext cache statistics: [DefaultContextCache@35fde767 size = 1, maxSize = 32, parentContextCount = 0, hitCount = 44, missCount = 1, failureCount = 0]
2025-03-15T15:53:25.213+03:00 DEBUG 6475 --- [    Test worker] o.s.o.h.HibernateTransactionManager      : Initiating transaction rollback
2025-03-15T15:53:25.213+03:00 DEBUG 6475 --- [    Test worker] o.s.o.h.HibernateTransactionManager      : Rolling back Hibernate transaction on Session [SessionImpl(1442842690<open>)]
2025-03-15T15:53:25.213+03:00 DEBUG 6475 --- [    Test worker] o.s.o.h.HibernateTransactionManager      : Closing Hibernate Session [SessionImpl(1442842690<open>)] after transaction
2025-03-15T15:53:25.214+03:00 DEBUG 6475 --- [    Test worker] o.s.t.c.transaction.TransactionContext   : Rolled back transaction (1) for test class [msu.cmc.webprak.DAOTests]; test method [testCommon]
2025-03-15T15:53:25.214+03:00 DEBUG 6475 --- [    Test worker] .c.s.DirtiesContextTestExecutionListener : After test method: class [DAOTests], method [testCommon], class annotated with @DirtiesContext [false] with mode [null], method annotated with @DirtiesContext [false] with mode [null]
2025-03-15T15:53:25.214+03:00 DEBUG 6475 --- [    Test worker] o.s.t.c.w.ServletTestExecutionListener   : Resetting RequestContextHolder for test class msu.cmc.webprak.DAOTests
2025-03-15T15:53:25.214+03:00 DEBUG 6475 --- [    Test worker] org.springframework.test.context.cache   : Spring test ApplicationContext cache statistics: [DefaultContextCache@35fde767 size = 1, maxSize = 32, parentContextCount = 0, hitCount = 45, missCount = 1, failureCount = 0]
2025-03-15T15:53:25.214+03:00 DEBUG 6475 --- [    Test worker] o.s.t.c.w.ServletTestExecutionListener   : Setting up MockHttpServletRequest, MockHttpServletResponse, ServletWebRequest, and RequestContextHolder for test class msu.cmc.webprak.DAOTests
2025-03-15T15:53:25.215+03:00 DEBUG 6475 --- [    Test worker] DependencyInjectionTestExecutionListener : Performing dependency injection for test class msu.cmc.webprak.DAOTests
2025-03-15T15:53:25.215+03:00 DEBUG 6475 --- [    Test worker] org.springframework.test.context.cache   : Spring test ApplicationContext cache statistics: [DefaultContextCache@35fde767 size = 1, maxSize = 32, parentContextCount = 0, hitCount = 46, missCount = 1, failureCount = 0]
2025-03-15T15:53:25.215+03:00 DEBUG 6475 --- [    Test worker] org.springframework.test.context.cache   : Spring test ApplicationContext cache statistics: [DefaultContextCache@35fde767 size = 1, maxSize = 32, parentContextCount = 0, hitCount = 47, missCount = 1, failureCount = 0]
2025-03-15T15:53:25.216+03:00 DEBUG 6475 --- [    Test worker] sContextBeforeModesTestExecutionListener : Before test method: class [DAOTests], method [testReader], class annotated with @DirtiesContext [false] with mode [null], method annotated with @DirtiesContext [false] with mode [null]
2025-03-15T15:53:25.216+03:00 DEBUG 6475 --- [    Test worker] t.c.t.TransactionalTestExecutionListener : Explicit transaction definition [PROPAGATION_REQUIRED,ISOLATION_DEFAULT] found for test class [msu.cmc.webprak.DAOTests] and test method [testReader]
2025-03-15T15:53:25.216+03:00 DEBUG 6475 --- [    Test worker] org.springframework.test.context.cache   : Spring test ApplicationContext cache statistics: [DefaultContextCache@35fde767 size = 1, maxSize = 32, parentContextCount = 0, hitCount = 48, missCount = 1, failureCount = 0]
2025-03-15T15:53:25.216+03:00 DEBUG 6475 --- [    Test worker] t.c.t.TransactionalTestExecutionListener : No method-level @Rollback override: using default rollback [true] for test method [public void msu.cmc.webprak.DAOTests.testReader()]
2025-03-15T15:53:25.216+03:00 DEBUG 6475 --- [    Test worker] o.s.o.h.HibernateTransactionManager      : Creating new transaction with name [msu.cmc.webprak.DAOTests.testReader]: PROPAGATION_REQUIRED,ISOLATION_DEFAULT
2025-03-15T15:53:25.216+03:00 DEBUG 6475 --- [    Test worker] o.s.o.h.HibernateTransactionManager      : Opened new Session [SessionImpl(738629295<open>)] for Hibernate transaction
2025-03-15T15:53:25.216+03:00 DEBUG 6475 --- [    Test worker] o.s.j.d.DriverManagerDataSource          : Creating new JDBC DriverManager Connection to [jdbc:postgresql://localhost:5432/webprak]
2025-03-15T15:53:25.235+03:00 DEBUG 6475 --- [    Test worker] o.s.o.h.HibernateTransactionManager      : Exposing Hibernate transaction as JDBC [org.springframework.orm.hibernate5.HibernateTransactionManager$$Lambda/0x000070000178b370@1a3e73c6]
2025-03-15T15:53:25.235+03:00 DEBUG 6475 --- [    Test worker] o.s.t.c.transaction.TransactionContext   : Began transaction (1) for test class [msu.cmc.webprak.DAOTests]; test method [testReader]; transaction manager [org.springframework.orm.hibernate5.HibernateTransactionManager@26bc3448]; rollback [true]
2025-03-15T15:53:25.236+03:00 DEBUG 6475 --- [    Test worker] org.springframework.test.context.cache   : Spring test ApplicationContext cache statistics: [DefaultContextCache@35fde767 size = 1, maxSize = 32, parentContextCount = 0, hitCount = 49, missCount = 1, failureCount = 0]
2025-03-15T15:53:25.236+03:00 DEBUG 6475 --- [    Test worker] org.springframework.test.context.cache   : Spring test ApplicationContext cache statistics: [DefaultContextCache@35fde767 size = 1, maxSize = 32, parentContextCount = 0, hitCount = 50, missCount = 1, failureCount = 0]
2025-03-15T15:53:25.236+03:00 DEBUG 6475 --- [    Test worker] org.springframework.test.context.cache   : Spring test ApplicationContext cache statistics: [DefaultContextCache@35fde767 size = 1, maxSize = 32, parentContextCount = 0, hitCount = 51, missCount = 1, failureCount = 0]
2025-03-15T15:53:25.236+03:00 DEBUG 6475 --- [    Test worker] org.springframework.test.context.cache   : Spring test ApplicationContext cache statistics: [DefaultContextCache@35fde767 size = 1, maxSize = 32, parentContextCount = 0, hitCount = 52, missCount = 1, failureCount = 0]
2025-03-15T15:53:25.236+03:00 DEBUG 6475 --- [    Test worker] o.s.o.h.HibernateTransactionManager      : Found thread-bound Session [SessionImpl(738629295<open>)] for Hibernate transaction
2025-03-15T15:53:25.236+03:00 DEBUG 6475 --- [    Test worker] o.s.o.h.HibernateTransactionManager      : Participating in existing transaction
2025-03-15T15:53:25.238+03:00 DEBUG 6475 --- [    Test worker] org.hibernate.SQL                        : select r1_0.reader_id,r1_0.address,r1_0.name,r1_0.phone_number from readers r1_0 where r1_0.name=?
2025-03-15T15:53:25.245+03:00 DEBUG 6475 --- [    Test worker] o.s.o.h.HibernateTransactionManager      : Found thread-bound Session [SessionImpl(738629295<open>)] for Hibernate transaction
2025-03-15T15:53:25.245+03:00 DEBUG 6475 --- [    Test worker] o.s.o.h.HibernateTransactionManager      : Participating in existing transaction
2025-03-15T15:53:25.246+03:00 DEBUG 6475 --- [    Test worker] org.hibernate.SQL                        : select r1_0.reader_id,r1_0.address,r1_0.name,r1_0.phone_number from readers r1_0 where r1_0.phone_number=?
2025-03-15T15:53:25.248+03:00 DEBUG 6475 --- [    Test worker] org.springframework.test.context.cache   : Spring test ApplicationContext cache statistics: [DefaultContextCache@35fde767 size = 1, maxSize = 32, parentContextCount = 0, hitCount = 53, missCount = 1, failureCount = 0]
2025-03-15T15:53:25.248+03:00 DEBUG 6475 --- [    Test worker] org.springframework.test.context.cache   : Spring test ApplicationContext cache statistics: [DefaultContextCache@35fde767 size = 1, maxSize = 32, parentContextCount = 0, hitCount = 54, missCount = 1, failureCount = 0]
2025-03-15T15:53:25.248+03:00 DEBUG 6475 --- [    Test worker] org.springframework.test.context.cache   : Spring test ApplicationContext cache statistics: [DefaultContextCache@35fde767 size = 1, maxSize = 32, parentContextCount = 0, hitCount = 55, missCount = 1, failureCount = 0]
2025-03-15T15:53:25.248+03:00 DEBUG 6475 --- [    Test worker] org.springframework.test.context.cache   : Spring test ApplicationContext cache statistics: [DefaultContextCache@35fde767 size = 1, maxSize = 32, parentContextCount = 0, hitCount = 56, missCount = 1, failureCount = 0]
2025-03-15T15:53:25.248+03:00 DEBUG 6475 --- [    Test worker] org.springframework.test.context.cache   : Spring test ApplicationContext cache statistics: [DefaultContextCache@35fde767 size = 1, maxSize = 32, parentContextCount = 0, hitCount = 57, missCount = 1, failureCount = 0]
2025-03-15T15:53:25.248+03:00 DEBUG 6475 --- [    Test worker] org.springframework.test.context.cache   : Spring test ApplicationContext cache statistics: [DefaultContextCache@35fde767 size = 1, maxSize = 32, parentContextCount = 0, hitCount = 58, missCount = 1, failureCount = 0]
2025-03-15T15:53:25.249+03:00 DEBUG 6475 --- [    Test worker] org.springframework.test.context.cache   : Spring test ApplicationContext cache statistics: [DefaultContextCache@35fde767 size = 1, maxSize = 32, parentContextCount = 0, hitCount = 59, missCount = 1, failureCount = 0]
2025-03-15T15:53:25.249+03:00 DEBUG 6475 --- [    Test worker] o.s.o.h.HibernateTransactionManager      : Initiating transaction rollback
2025-03-15T15:53:25.249+03:00 DEBUG 6475 --- [    Test worker] o.s.o.h.HibernateTransactionManager      : Rolling back Hibernate transaction on Session [SessionImpl(738629295<open>)]
2025-03-15T15:53:25.249+03:00 DEBUG 6475 --- [    Test worker] o.s.o.h.HibernateTransactionManager      : Closing Hibernate Session [SessionImpl(738629295<open>)] after transaction
2025-03-15T15:53:25.250+03:00 DEBUG 6475 --- [    Test worker] o.s.t.c.transaction.TransactionContext   : Rolled back transaction (1) for test class [msu.cmc.webprak.DAOTests]; test method [testReader]
2025-03-15T15:53:25.250+03:00 DEBUG 6475 --- [    Test worker] .c.s.DirtiesContextTestExecutionListener : After test method: class [DAOTests], method [testReader], class annotated with @DirtiesContext [false] with mode [null], method annotated with @DirtiesContext [false] with mode [null]
2025-03-15T15:53:25.250+03:00 DEBUG 6475 --- [    Test worker] o.s.t.c.w.ServletTestExecutionListener   : Resetting RequestContextHolder for test class msu.cmc.webprak.DAOTests
2025-03-15T15:53:25.251+03:00 DEBUG 6475 --- [    Test worker] org.springframework.test.context.cache   : Spring test ApplicationContext cache statistics: [DefaultContextCache@35fde767 size = 1, maxSize = 32, parentContextCount = 0, hitCount = 60, missCount = 1, failureCount = 0]
2025-03-15T15:53:25.251+03:00 DEBUG 6475 --- [    Test worker] org.springframework.test.context.cache   : Spring test ApplicationContext cache statistics: [DefaultContextCache@35fde767 size = 1, maxSize = 32, parentContextCount = 0, hitCount = 61, missCount = 1, failureCount = 0]
2025-03-15T15:53:25.252+03:00 DEBUG 6475 --- [    Test worker] .c.s.DirtiesContextTestExecutionListener : After test class: class [DAOTests], class annotated with @DirtiesContext [false] with mode [null]
]]></system-out>
  <system-err><![CDATA[Mockito is currently self-attaching to enable the inline-mock-maker. This will no longer work in future releases of the JDK. Please add Mockito as an agent to your build what is described in Mockito's documentation: https://javadoc.io/doc/org.mockito/mockito-core/latest/org/mockito/Mockito.html#0.3
WARNING: A Java agent has been loaded dynamically (/Users/nik/.gradle/caches/modules-2/files-2.1/net.bytebuddy/byte-buddy-agent/1.15.11/a38b16385e867f59a641330f0362ebe742788ed8/byte-buddy-agent-1.15.11.jar)
WARNING: If a serviceability tool is in use, please run with -XX:+EnableDynamicAgentLoading to hide this warning
WARNING: If a serviceability tool is not in use, please run with -Djdk.instrument.traceUsage for more information
WARNING: Dynamic loading of agents will be disallowed by default in a future release
]]></system-err>
</testsuite>
