<?xml version="1.0" encoding="UTF-8"?>
<testsuite name="msu.cmc.webprak.DAOTests" tests="4" skipped="0" failures="0" errors="0" timestamp="2025-05-06T12:02:04" hostname="MacBook-Air-Nik.local" time="1.108">
  <properties/>
  <testcase name="testBook()" classname="msu.cmc.webprak.DAOTests" time="0.892"/>
  <testcase name="testHistory()" classname="msu.cmc.webprak.DAOTests" time="0.102"/>
  <testcase name="testCommon()" classname="msu.cmc.webprak.DAOTests" time="0.069"/>
  <testcase name="testReader()" classname="msu.cmc.webprak.DAOTests" time="0.039"/>
  <system-out><![CDATA[
  .   ____          _            __ _ _
 /\\ / ___'_ __ _ _(_)_ __  __ _ \ \ \ \
( ( )\___ | '_ | '_| | '_ \/ _` | \ \ \ \
 \\/  ___)| |_)| | | | | || (_| |  ) ) ) )
  '  |____| .__|_| |_|_| |_\__, | / / / /
 =========|_|==============|___/=/_/_/_/

 :: Spring Boot ::                (v3.4.3)

2025-05-06T15:02:02.516+03:00  INFO 92164 --- [    Test worker] msu.cmc.webprak.DAOTests                 : Starting DAOTests using Java 23.0.2 with PID 92164 (started by nik in /Users/nik/Desktop/java-prak)
2025-05-06T15:02:02.518+03:00  INFO 92164 --- [    Test worker] msu.cmc.webprak.DAOTests                 : No active profile set, falling back to 1 default profile: "default"
2025-05-06T15:02:02.519+03:00 DEBUG 92164 --- [    Test worker] o.s.boot.SpringApplication               : Loading source class msu.cmc.webprak.configs.HibernateConfig
2025-05-06T15:02:02.556+03:00 DEBUG 92164 --- [    Test worker] o.s.w.c.s.GenericWebApplicationContext   : Refreshing org.springframework.web.context.support.GenericWebApplicationContext@6076d6d4
2025-05-06T15:02:02.573+03:00 DEBUG 92164 --- [    Test worker] o.s.b.f.s.DefaultListableBeanFactory     : Creating shared instance of singleton bean 'org.springframework.context.annotation.internalConfigurationAnnotationProcessor'
2025-05-06T15:02:02.598+03:00 DEBUG 92164 --- [    Test worker] o.s.b.f.s.DefaultListableBeanFactory     : Creating shared instance of singleton bean 'org.springframework.boot.autoconfigure.internalCachingMetadataReaderFactory'
2025-05-06T15:02:02.658+03:00 DEBUG 92164 --- [    Test worker] o.s.c.a.ClassPathBeanDefinitionScanner   : Identified candidate component class: file [/Users/nik/Desktop/java-prak/build/classes/java/main/msu/cmc/webprak/DAO/BookDAO.class]
2025-05-06T15:02:02.659+03:00 DEBUG 92164 --- [    Test worker] o.s.c.a.ClassPathBeanDefinitionScanner   : Identified candidate component class: file [/Users/nik/Desktop/java-prak/build/classes/java/main/msu/cmc/webprak/DAO/HistoryDAO.class]
2025-05-06T15:02:02.659+03:00 DEBUG 92164 --- [    Test worker] o.s.c.a.ClassPathBeanDefinitionScanner   : Identified candidate component class: file [/Users/nik/Desktop/java-prak/build/classes/java/main/msu/cmc/webprak/DAO/ReaderDAO.class]
2025-05-06T15:02:02.762+03:00 DEBUG 92164 --- [    Test worker] o.s.b.f.s.DefaultListableBeanFactory     : Creating shared instance of singleton bean 'org.springframework.boot.test.mock.mockito.MockitoPostProcessor'
2025-05-06T15:02:02.779+03:00 DEBUG 92164 --- [    Test worker] o.s.b.f.s.DefaultListableBeanFactory     : Creating shared instance of singleton bean 'org.springframework.context.event.internalEventListenerProcessor'
2025-05-06T15:02:02.780+03:00 DEBUG 92164 --- [    Test worker] o.s.b.f.s.DefaultListableBeanFactory     : Creating shared instance of singleton bean 'org.springframework.context.event.internalEventListenerFactory'
2025-05-06T15:02:02.781+03:00 DEBUG 92164 --- [    Test worker] o.s.b.f.s.DefaultListableBeanFactory     : Creating shared instance of singleton bean 'org.springframework.transaction.config.internalTransactionalEventListenerFactory'
2025-05-06T15:02:02.782+03:00 DEBUG 92164 --- [    Test worker] o.s.b.f.s.DefaultListableBeanFactory     : Creating shared instance of singleton bean 'org.springframework.boot.test.mock.mockito.MockitoPostProcessor$SpyPostProcessor'
2025-05-06T15:02:02.783+03:00 DEBUG 92164 --- [    Test worker] o.s.b.f.s.DefaultListableBeanFactory     : Creating shared instance of singleton bean 'org.springframework.context.annotation.internalAutowiredAnnotationProcessor'
2025-05-06T15:02:02.785+03:00 DEBUG 92164 --- [    Test worker] o.s.b.f.s.DefaultListableBeanFactory     : Creating shared instance of singleton bean 'org.springframework.context.annotation.internalCommonAnnotationProcessor'
2025-05-06T15:02:02.788+03:00 DEBUG 92164 --- [    Test worker] o.s.b.f.s.DefaultListableBeanFactory     : Creating shared instance of singleton bean 'org.springframework.context.annotation.internalPersistenceAnnotationProcessor'
2025-05-06T15:02:02.789+03:00 DEBUG 92164 --- [    Test worker] o.s.b.f.s.DefaultListableBeanFactory     : Creating shared instance of singleton bean 'org.springframework.aop.config.internalAutoProxyCreator'
2025-05-06T15:02:02.801+03:00 DEBUG 92164 --- [    Test worker] o.s.u.c.s.UiApplicationContextUtils      : Unable to locate ThemeSource with name 'themeSource': using default [org.springframework.ui.context.support.ResourceBundleThemeSource@71207e83]
2025-05-06T15:02:02.802+03:00 DEBUG 92164 --- [    Test worker] o.s.b.f.s.DefaultListableBeanFactory     : Creating shared instance of singleton bean 'org.springframework.test.context.support.internalDynamicPropertyRegistrarBeanInitializer'
2025-05-06T15:02:02.804+03:00 DEBUG 92164 --- [    Test worker] o.s.b.f.s.DefaultListableBeanFactory     : Creating shared instance of singleton bean 'org.springframework.transaction.config.internalTransactionAdvisor'
2025-05-06T15:02:02.805+03:00 DEBUG 92164 --- [    Test worker] o.s.b.f.s.DefaultListableBeanFactory     : Creating shared instance of singleton bean 'org.springframework.transaction.annotation.ProxyTransactionManagementConfiguration'
2025-05-06T15:02:02.810+03:00 DEBUG 92164 --- [    Test worker] o.s.b.f.s.DefaultListableBeanFactory     : Creating shared instance of singleton bean 'transactionAttributeSource'
2025-05-06T15:02:02.812+03:00 DEBUG 92164 --- [    Test worker] o.s.b.f.s.DefaultListableBeanFactory     : Creating shared instance of singleton bean 'transactionInterceptor'
2025-05-06T15:02:02.812+03:00 DEBUG 92164 --- [    Test worker] o.s.b.f.s.DefaultListableBeanFactory     : Autowiring by type from bean name 'transactionInterceptor' via factory method to bean named 'transactionAttributeSource'
2025-05-06T15:02:02.820+03:00 DEBUG 92164 --- [    Test worker] o.s.b.f.s.DefaultListableBeanFactory     : Autowiring by type from bean name 'org.springframework.transaction.config.internalTransactionAdvisor' via factory method to bean named 'transactionAttributeSource'
2025-05-06T15:02:02.820+03:00 DEBUG 92164 --- [    Test worker] o.s.b.f.s.DefaultListableBeanFactory     : Autowiring by type from bean name 'org.springframework.transaction.config.internalTransactionAdvisor' via factory method to bean named 'transactionInterceptor'
2025-05-06T15:02:02.825+03:00 DEBUG 92164 --- [    Test worker] o.s.b.f.s.DefaultListableBeanFactory     : Creating shared instance of singleton bean 'hibernateConfig'
2025-05-06T15:02:02.827+03:00 DEBUG 92164 --- [    Test worker] o.s.b.f.s.DefaultListableBeanFactory     : Creating shared instance of singleton bean 'bookDAO'
2025-05-06T15:02:02.830+03:00 DEBUG 92164 --- [    Test worker] o.s.b.f.s.DefaultListableBeanFactory     : Creating shared instance of singleton bean 'sessionFactory'
2025-05-06T15:02:02.835+03:00 DEBUG 92164 --- [    Test worker] o.s.b.f.s.DefaultListableBeanFactory     : Creating shared instance of singleton bean 'dataSource'
2025-05-06T15:02:02.841+03:00 DEBUG 92164 --- [    Test worker] o.s.j.d.DriverManagerDataSource          : Loaded JDBC driver: org.postgresql.Driver
2025-05-06T15:02:02.899+03:00  INFO 92164 --- [    Test worker] org.hibernate.Version                    : HHH000412: Hibernate ORM core version 6.6.8.Final
2025-05-06T15:02:02.951+03:00  INFO 92164 --- [    Test worker] o.h.c.internal.RegionFactoryInitiator    : HHH000026: Second-level cache disabled
2025-05-06T15:02:03.082+03:00 DEBUG 92164 --- [    Test worker] o.s.j.d.DriverManagerDataSource          : Creating new JDBC DriverManager Connection to [jdbc:postgresql://localhost:5432/webprak]
2025-05-06T15:02:03.256+03:00  WARN 92164 --- [    Test worker] org.hibernate.dialect.Dialect            : HHH000511: The 11.22.0 version for [org.hibernate.dialect.PostgreSQLDialect] is no longer supported, hence certain features may not work properly. The minimum supported version is 12.0.0. Check the community dialects project for available legacy versions.
2025-05-06T15:02:03.261+03:00  WARN 92164 --- [    Test worker] org.hibernate.orm.deprecation            : HHH90000025: PostgreSQLDialect does not need to be specified explicitly using 'hibernate.dialect' (remove the property setting and it will be selected by default)
2025-05-06T15:02:03.276+03:00  INFO 92164 --- [    Test worker] org.hibernate.orm.connections.pooling    : HHH10001005: Database info:
	Database JDBC URL [Connecting through datasource 'org.springframework.jdbc.datasource.DriverManagerDataSource@5b7e6408']
	Database driver: undefined/unknown
	Database version: 11.22
	Autocommit mode: undefined/unknown
	Isolation level: undefined/unknown
	Minimum pool size: undefined/unknown
	Maximum pool size: undefined/unknown
2025-05-06T15:02:04.336+03:00  INFO 92164 --- [    Test worker] o.h.e.t.j.p.i.JtaPlatformInitiator       : HHH000489: No JTA platform available (set 'hibernate.transaction.jta.platform' to enable JTA platform integration)
2025-05-06T15:02:04.351+03:00 DEBUG 92164 --- [    Test worker] o.s.j.d.DriverManagerDataSource          : Creating new JDBC DriverManager Connection to [jdbc:postgresql://localhost:5432/webprak]
2025-05-06T15:02:04.448+03:00 DEBUG 92164 --- [    Test worker] org.hibernate.SQL                        : alter table if exists books alter column isbn set data type varchar(255)
2025-05-06T15:02:04.469+03:00 DEBUG 92164 --- [    Test worker] org.hibernate.SQL                        : alter table if exists books alter column name set data type varchar(255)
2025-05-06T15:02:04.471+03:00 DEBUG 92164 --- [    Test worker] org.hibernate.SQL                        : alter table if exists books alter column publisher set data type varchar(255)
2025-05-06T15:02:04.474+03:00 DEBUG 92164 --- [    Test worker] org.hibernate.SQL                        : alter table if exists copies alter column availability set data type varchar(255)
2025-05-06T15:02:04.478+03:00 DEBUG 92164 --- [    Test worker] org.hibernate.SQL                        : alter table if exists copies alter column isbn set data type varchar(255)
2025-05-06T15:02:04.482+03:00 DEBUG 92164 --- [    Test worker] org.hibernate.SQL                        : alter table if exists history alter column isbn set data type varchar(255)
2025-05-06T15:02:04.485+03:00 DEBUG 92164 --- [    Test worker] org.hibernate.SQL                        : alter table if exists readers alter column address set data type varchar(255)
2025-05-06T15:02:04.489+03:00 DEBUG 92164 --- [    Test worker] org.hibernate.SQL                        : alter table if exists readers alter column name set data type varchar(255)
2025-05-06T15:02:04.575+03:00 DEBUG 92164 --- [    Test worker] o.s.b.f.s.DefaultListableBeanFactory     : Creating shared instance of singleton bean 'historyDAO'
2025-05-06T15:02:04.586+03:00 DEBUG 92164 --- [    Test worker] o.s.b.f.s.DefaultListableBeanFactory     : Creating shared instance of singleton bean 'readerDAO'
2025-05-06T15:02:04.595+03:00 DEBUG 92164 --- [    Test worker] o.s.b.f.s.DefaultListableBeanFactory     : Creating shared instance of singleton bean 'transactionManager'
2025-05-06T15:02:04.613+03:00 DEBUG 92164 --- [    Test worker] o.s.o.h.HibernateTransactionManager      : Using DataSource [org.springframework.jdbc.datasource.DriverManagerDataSource@5b7e6408] of Hibernate SessionFactory for HibernateTransactionManager
2025-05-06T15:02:04.620+03:00 DEBUG 92164 --- [    Test worker] o.s.c.support.DefaultLifecycleProcessor  : Starting beans in phase -2147483647
2025-05-06T15:02:04.621+03:00 DEBUG 92164 --- [    Test worker] o.s.c.support.DefaultLifecycleProcessor  : Successfully started bean 'springBootLoggingLifecycle'
2025-05-06T15:02:04.622+03:00  INFO 92164 --- [    Test worker] msu.cmc.webprak.DAOTests                 : Started DAOTests in 2.369 seconds (process running for 3.344)
2025-05-06T15:02:04.625+03:00 DEBUG 92164 --- [    Test worker] org.springframework.test.context.cache   : Spring test ApplicationContext cache statistics: [DefaultContextCache@644472ef size = 1, maxSize = 32, parentContextCount = 0, hitCount = 0, missCount = 1, failureCount = 0]
2025-05-06T15:02:04.625+03:00 DEBUG 92164 --- [    Test worker] o.s.t.c.w.ServletTestExecutionListener   : Setting up MockHttpServletRequest, MockHttpServletResponse, ServletWebRequest, and RequestContextHolder for test class msu.cmc.webprak.DAOTests
2025-05-06T15:02:04.638+03:00 DEBUG 92164 --- [    Test worker] DependencyInjectionTestExecutionListener : Performing dependency injection for test class msu.cmc.webprak.DAOTests
2025-05-06T15:02:04.638+03:00 DEBUG 92164 --- [    Test worker] org.springframework.test.context.cache   : Spring test ApplicationContext cache statistics: [DefaultContextCache@644472ef size = 1, maxSize = 32, parentContextCount = 0, hitCount = 1, missCount = 1, failureCount = 0]
2025-05-06T15:02:04.639+03:00 DEBUG 92164 --- [    Test worker] org.springframework.test.context.cache   : Spring test ApplicationContext cache statistics: [DefaultContextCache@644472ef size = 1, maxSize = 32, parentContextCount = 0, hitCount = 2, missCount = 1, failureCount = 0]
2025-05-06T15:02:04.641+03:00 DEBUG 92164 --- [    Test worker] sContextBeforeModesTestExecutionListener : Before test method: class [DAOTests], method [testBook], class annotated with @DirtiesContext [false] with mode [null], method annotated with @DirtiesContext [false] with mode [null]
2025-05-06T15:02:04.644+03:00 DEBUG 92164 --- [    Test worker] t.c.t.TransactionalTestExecutionListener : Explicit transaction definition [PROPAGATION_REQUIRED,ISOLATION_DEFAULT] found for test class [msu.cmc.webprak.DAOTests] and test method [testBook]
2025-05-06T15:02:04.644+03:00 DEBUG 92164 --- [    Test worker] org.springframework.test.context.cache   : Spring test ApplicationContext cache statistics: [DefaultContextCache@644472ef size = 1, maxSize = 32, parentContextCount = 0, hitCount = 3, missCount = 1, failureCount = 0]
2025-05-06T15:02:04.645+03:00 DEBUG 92164 --- [    Test worker] t.c.t.TransactionalTestExecutionListener : No method-level @Rollback override: using default rollback [true] for test method [public void msu.cmc.webprak.DAOTests.testBook()]
2025-05-06T15:02:04.648+03:00 DEBUG 92164 --- [    Test worker] o.s.o.h.HibernateTransactionManager      : Creating new transaction with name [msu.cmc.webprak.DAOTests.testBook]: PROPAGATION_REQUIRED,ISOLATION_DEFAULT
2025-05-06T15:02:04.680+03:00 DEBUG 92164 --- [    Test worker] o.s.o.h.HibernateTransactionManager      : Opened new Session [SessionImpl(1200612293<open>)] for Hibernate transaction
2025-05-06T15:02:04.684+03:00 DEBUG 92164 --- [    Test worker] o.s.j.d.DriverManagerDataSource          : Creating new JDBC DriverManager Connection to [jdbc:postgresql://localhost:5432/webprak]
2025-05-06T15:02:04.704+03:00 DEBUG 92164 --- [    Test worker] o.s.o.h.HibernateTransactionManager      : Exposing Hibernate transaction as JDBC [org.springframework.orm.hibernate5.HibernateTransactionManager$$Lambda/0x000003f001836388@7ed6a7d9]
2025-05-06T15:02:04.704+03:00 DEBUG 92164 --- [    Test worker] o.s.t.c.transaction.TransactionContext   : Began transaction (1) for test class [msu.cmc.webprak.DAOTests]; test method [testBook]; transaction manager [org.springframework.orm.hibernate5.HibernateTransactionManager@130156d5]; rollback [true]
2025-05-06T15:02:04.705+03:00 DEBUG 92164 --- [    Test worker] org.springframework.test.context.cache   : Spring test ApplicationContext cache statistics: [DefaultContextCache@644472ef size = 1, maxSize = 32, parentContextCount = 0, hitCount = 4, missCount = 1, failureCount = 0]
2025-05-06T15:02:04.705+03:00 DEBUG 92164 --- [    Test worker] org.springframework.test.context.cache   : Spring test ApplicationContext cache statistics: [DefaultContextCache@644472ef size = 1, maxSize = 32, parentContextCount = 0, hitCount = 5, missCount = 1, failureCount = 0]
2025-05-06T15:02:05.061+03:00 DEBUG 92164 --- [    Test worker] org.springframework.test.context.cache   : Spring test ApplicationContext cache statistics: [DefaultContextCache@644472ef size = 1, maxSize = 32, parentContextCount = 0, hitCount = 6, missCount = 1, failureCount = 0]
2025-05-06T15:02:05.063+03:00 DEBUG 92164 --- [    Test worker] org.springframework.test.context.cache   : Spring test ApplicationContext cache statistics: [DefaultContextCache@644472ef size = 1, maxSize = 32, parentContextCount = 0, hitCount = 7, missCount = 1, failureCount = 0]
2025-05-06T15:02:05.068+03:00 DEBUG 92164 --- [    Test worker] o.s.o.h.HibernateTransactionManager      : Found thread-bound Session [SessionImpl(1200612293<open>)] for Hibernate transaction
2025-05-06T15:02:05.068+03:00 DEBUG 92164 --- [    Test worker] o.s.o.h.HibernateTransactionManager      : Participating in existing transaction
2025-05-06T15:02:05.443+03:00 DEBUG 92164 --- [    Test worker] org.hibernate.SQL                        : select b1_0.isbn,b1_0.authors,b1_0.name,b1_0.publisher,b1_0.year from books b1_0 where b1_0.isbn=?
2025-05-06T15:02:05.467+03:00 DEBUG 92164 --- [    Test worker] o.s.o.h.HibernateTransactionManager      : Found thread-bound Session [SessionImpl(1200612293<open>)] for Hibernate transaction
2025-05-06T15:02:05.467+03:00 DEBUG 92164 --- [    Test worker] o.s.o.h.HibernateTransactionManager      : Participating in existing transaction
2025-05-06T15:02:05.469+03:00 DEBUG 92164 --- [    Test worker] org.hibernate.SQL                        : select b1_0.isbn,b1_0.authors,b1_0.name,b1_0.publisher,b1_0.year from books b1_0 where b1_0.name=?
2025-05-06T15:02:05.485+03:00 DEBUG 92164 --- [    Test worker] o.s.o.h.HibernateTransactionManager      : Found thread-bound Session [SessionImpl(1200612293<open>)] for Hibernate transaction
2025-05-06T15:02:05.486+03:00 DEBUG 92164 --- [    Test worker] o.s.o.h.HibernateTransactionManager      : Participating in existing transaction
2025-05-06T15:02:05.510+03:00 DEBUG 92164 --- [    Test worker] org.hibernate.SQL                        : SELECT * FROM books WHERE ? = ANY(authors)
2025-05-06T15:02:05.517+03:00 DEBUG 92164 --- [    Test worker] o.s.o.h.HibernateTransactionManager      : Found thread-bound Session [SessionImpl(1200612293<open>)] for Hibernate transaction
2025-05-06T15:02:05.518+03:00 DEBUG 92164 --- [    Test worker] o.s.o.h.HibernateTransactionManager      : Participating in existing transaction
2025-05-06T15:02:05.519+03:00 DEBUG 92164 --- [    Test worker] org.hibernate.SQL                        : select b1_0.isbn,b1_0.authors,b1_0.name,b1_0.publisher,b1_0.year from books b1_0 where b1_0.publisher=?
2025-05-06T15:02:05.522+03:00 DEBUG 92164 --- [    Test worker] org.springframework.test.context.cache   : Spring test ApplicationContext cache statistics: [DefaultContextCache@644472ef size = 1, maxSize = 32, parentContextCount = 0, hitCount = 8, missCount = 1, failureCount = 0]
2025-05-06T15:02:05.522+03:00 DEBUG 92164 --- [    Test worker] org.springframework.test.context.cache   : Spring test ApplicationContext cache statistics: [DefaultContextCache@644472ef size = 1, maxSize = 32, parentContextCount = 0, hitCount = 9, missCount = 1, failureCount = 0]
2025-05-06T15:02:05.522+03:00 DEBUG 92164 --- [    Test worker] org.springframework.test.context.cache   : Spring test ApplicationContext cache statistics: [DefaultContextCache@644472ef size = 1, maxSize = 32, parentContextCount = 0, hitCount = 10, missCount = 1, failureCount = 0]
2025-05-06T15:02:05.523+03:00 DEBUG 92164 --- [    Test worker] org.springframework.test.context.cache   : Spring test ApplicationContext cache statistics: [DefaultContextCache@644472ef size = 1, maxSize = 32, parentContextCount = 0, hitCount = 11, missCount = 1, failureCount = 0]
2025-05-06T15:02:05.523+03:00 DEBUG 92164 --- [    Test worker] org.springframework.test.context.cache   : Spring test ApplicationContext cache statistics: [DefaultContextCache@644472ef size = 1, maxSize = 32, parentContextCount = 0, hitCount = 12, missCount = 1, failureCount = 0]
2025-05-06T15:02:05.524+03:00 DEBUG 92164 --- [    Test worker] org.springframework.test.context.cache   : Spring test ApplicationContext cache statistics: [DefaultContextCache@644472ef size = 1, maxSize = 32, parentContextCount = 0, hitCount = 13, missCount = 1, failureCount = 0]
2025-05-06T15:02:05.525+03:00 DEBUG 92164 --- [    Test worker] org.springframework.test.context.cache   : Spring test ApplicationContext cache statistics: [DefaultContextCache@644472ef size = 1, maxSize = 32, parentContextCount = 0, hitCount = 14, missCount = 1, failureCount = 0]
2025-05-06T15:02:05.525+03:00 DEBUG 92164 --- [    Test worker] o.s.o.h.HibernateTransactionManager      : Initiating transaction rollback
2025-05-06T15:02:05.526+03:00 DEBUG 92164 --- [    Test worker] o.s.o.h.HibernateTransactionManager      : Rolling back Hibernate transaction on Session [SessionImpl(1200612293<open>)]
2025-05-06T15:02:05.528+03:00 DEBUG 92164 --- [    Test worker] o.s.o.h.HibernateTransactionManager      : Closing Hibernate Session [SessionImpl(1200612293<open>)] after transaction
2025-05-06T15:02:05.528+03:00 DEBUG 92164 --- [    Test worker] o.s.t.c.transaction.TransactionContext   : Rolled back transaction (1) for test class [msu.cmc.webprak.DAOTests]; test method [testBook]
2025-05-06T15:02:05.528+03:00 DEBUG 92164 --- [    Test worker] .c.s.DirtiesContextTestExecutionListener : After test method: class [DAOTests], method [testBook], class annotated with @DirtiesContext [false] with mode [null], method annotated with @DirtiesContext [false] with mode [null]
2025-05-06T15:02:05.528+03:00 DEBUG 92164 --- [    Test worker] o.s.t.c.w.ServletTestExecutionListener   : Resetting RequestContextHolder for test class msu.cmc.webprak.DAOTests
2025-05-06T15:02:05.533+03:00 DEBUG 92164 --- [    Test worker] org.springframework.test.context.cache   : Spring test ApplicationContext cache statistics: [DefaultContextCache@644472ef size = 1, maxSize = 32, parentContextCount = 0, hitCount = 15, missCount = 1, failureCount = 0]
2025-05-06T15:02:05.533+03:00 DEBUG 92164 --- [    Test worker] o.s.t.c.w.ServletTestExecutionListener   : Setting up MockHttpServletRequest, MockHttpServletResponse, ServletWebRequest, and RequestContextHolder for test class msu.cmc.webprak.DAOTests
2025-05-06T15:02:05.533+03:00 DEBUG 92164 --- [    Test worker] DependencyInjectionTestExecutionListener : Performing dependency injection for test class msu.cmc.webprak.DAOTests
2025-05-06T15:02:05.533+03:00 DEBUG 92164 --- [    Test worker] org.springframework.test.context.cache   : Spring test ApplicationContext cache statistics: [DefaultContextCache@644472ef size = 1, maxSize = 32, parentContextCount = 0, hitCount = 16, missCount = 1, failureCount = 0]
2025-05-06T15:02:05.534+03:00 DEBUG 92164 --- [    Test worker] org.springframework.test.context.cache   : Spring test ApplicationContext cache statistics: [DefaultContextCache@644472ef size = 1, maxSize = 32, parentContextCount = 0, hitCount = 17, missCount = 1, failureCount = 0]
2025-05-06T15:02:05.535+03:00 DEBUG 92164 --- [    Test worker] sContextBeforeModesTestExecutionListener : Before test method: class [DAOTests], method [testHistory], class annotated with @DirtiesContext [false] with mode [null], method annotated with @DirtiesContext [false] with mode [null]
2025-05-06T15:02:05.535+03:00 DEBUG 92164 --- [    Test worker] t.c.t.TransactionalTestExecutionListener : Explicit transaction definition [PROPAGATION_REQUIRED,ISOLATION_DEFAULT] found for test class [msu.cmc.webprak.DAOTests] and test method [testHistory]
2025-05-06T15:02:05.535+03:00 DEBUG 92164 --- [    Test worker] org.springframework.test.context.cache   : Spring test ApplicationContext cache statistics: [DefaultContextCache@644472ef size = 1, maxSize = 32, parentContextCount = 0, hitCount = 18, missCount = 1, failureCount = 0]
2025-05-06T15:02:05.535+03:00 DEBUG 92164 --- [    Test worker] t.c.t.TransactionalTestExecutionListener : No method-level @Rollback override: using default rollback [true] for test method [public void msu.cmc.webprak.DAOTests.testHistory()]
2025-05-06T15:02:05.536+03:00 DEBUG 92164 --- [    Test worker] o.s.o.h.HibernateTransactionManager      : Creating new transaction with name [msu.cmc.webprak.DAOTests.testHistory]: PROPAGATION_REQUIRED,ISOLATION_DEFAULT
2025-05-06T15:02:05.536+03:00 DEBUG 92164 --- [    Test worker] o.s.o.h.HibernateTransactionManager      : Opened new Session [SessionImpl(1041769762<open>)] for Hibernate transaction
2025-05-06T15:02:05.536+03:00 DEBUG 92164 --- [    Test worker] o.s.j.d.DriverManagerDataSource          : Creating new JDBC DriverManager Connection to [jdbc:postgresql://localhost:5432/webprak]
2025-05-06T15:02:05.553+03:00 DEBUG 92164 --- [    Test worker] o.s.o.h.HibernateTransactionManager      : Exposing Hibernate transaction as JDBC [org.springframework.orm.hibernate5.HibernateTransactionManager$$Lambda/0x000003f001836388@6cb17de3]
2025-05-06T15:02:05.553+03:00 DEBUG 92164 --- [    Test worker] o.s.t.c.transaction.TransactionContext   : Began transaction (1) for test class [msu.cmc.webprak.DAOTests]; test method [testHistory]; transaction manager [org.springframework.orm.hibernate5.HibernateTransactionManager@130156d5]; rollback [true]
2025-05-06T15:02:05.554+03:00 DEBUG 92164 --- [    Test worker] org.springframework.test.context.cache   : Spring test ApplicationContext cache statistics: [DefaultContextCache@644472ef size = 1, maxSize = 32, parentContextCount = 0, hitCount = 19, missCount = 1, failureCount = 0]
2025-05-06T15:02:05.554+03:00 DEBUG 92164 --- [    Test worker] org.springframework.test.context.cache   : Spring test ApplicationContext cache statistics: [DefaultContextCache@644472ef size = 1, maxSize = 32, parentContextCount = 0, hitCount = 20, missCount = 1, failureCount = 0]
2025-05-06T15:02:05.554+03:00 DEBUG 92164 --- [    Test worker] org.springframework.test.context.cache   : Spring test ApplicationContext cache statistics: [DefaultContextCache@644472ef size = 1, maxSize = 32, parentContextCount = 0, hitCount = 21, missCount = 1, failureCount = 0]
2025-05-06T15:02:05.554+03:00 DEBUG 92164 --- [    Test worker] org.springframework.test.context.cache   : Spring test ApplicationContext cache statistics: [DefaultContextCache@644472ef size = 1, maxSize = 32, parentContextCount = 0, hitCount = 22, missCount = 1, failureCount = 0]
2025-05-06T15:02:05.555+03:00 DEBUG 92164 --- [    Test worker] o.s.o.h.HibernateTransactionManager      : Found thread-bound Session [SessionImpl(1041769762<open>)] for Hibernate transaction
2025-05-06T15:02:05.555+03:00 DEBUG 92164 --- [    Test worker] o.s.o.h.HibernateTransactionManager      : Participating in existing transaction
2025-05-06T15:02:05.572+03:00 DEBUG 92164 --- [    Test worker] org.hibernate.SQL                        : select h1_0.copy_id,h1_0.isbn,h1_0.reader_id,h1_0.issue_date,h1_0.return_date from history h1_0 where h1_0.isbn=?
2025-05-06T15:02:05.596+03:00 DEBUG 92164 --- [    Test worker] org.hibernate.SQL                        : select b1_0.isbn,b1_0.authors,b1_0.name,b1_0.publisher,b1_0.year from books b1_0 where b1_0.isbn=?
2025-05-06T15:02:05.599+03:00 DEBUG 92164 --- [    Test worker] org.hibernate.SQL                        : select c1_0.copy_id,c1_0.availability,c1_0.isbn,b1_0.isbn,b1_0.authors,b1_0.name,b1_0.publisher,b1_0.year from copies c1_0 join books b1_0 on b1_0.isbn=c1_0.isbn where c1_0.copy_id=?
2025-05-06T15:02:05.607+03:00 DEBUG 92164 --- [    Test worker] org.hibernate.SQL                        : select r1_0.reader_id,r1_0.address,r1_0.name,r1_0.phone_number from readers r1_0 where r1_0.reader_id=?
2025-05-06T15:02:05.610+03:00 DEBUG 92164 --- [    Test worker] org.hibernate.SQL                        : select c1_0.copy_id,c1_0.availability,c1_0.isbn,b1_0.isbn,b1_0.authors,b1_0.name,b1_0.publisher,b1_0.year from copies c1_0 join books b1_0 on b1_0.isbn=c1_0.isbn where c1_0.copy_id=?
2025-05-06T15:02:05.611+03:00 DEBUG 92164 --- [    Test worker] org.hibernate.SQL                        : select r1_0.reader_id,r1_0.address,r1_0.name,r1_0.phone_number from readers r1_0 where r1_0.reader_id=?
2025-05-06T15:02:05.612+03:00 DEBUG 92164 --- [    Test worker] o.s.o.h.HibernateTransactionManager      : Found thread-bound Session [SessionImpl(1041769762<open>)] for Hibernate transaction
2025-05-06T15:02:05.612+03:00 DEBUG 92164 --- [    Test worker] o.s.o.h.HibernateTransactionManager      : Participating in existing transaction
2025-05-06T15:02:05.615+03:00 DEBUG 92164 --- [    Test worker] org.hibernate.SQL                        : select h1_0.copy_id,h1_0.isbn,h1_0.reader_id,h1_0.issue_date,h1_0.return_date from history h1_0 where h1_0.reader_id=?
2025-05-06T15:02:05.616+03:00 DEBUG 92164 --- [    Test worker] o.s.o.h.HibernateTransactionManager      : Found thread-bound Session [SessionImpl(1041769762<open>)] for Hibernate transaction
2025-05-06T15:02:05.616+03:00 DEBUG 92164 --- [    Test worker] o.s.o.h.HibernateTransactionManager      : Participating in existing transaction
2025-05-06T15:02:05.618+03:00 DEBUG 92164 --- [    Test worker] org.hibernate.SQL                        : select h1_0.copy_id,h1_0.isbn,h1_0.reader_id,h1_0.issue_date,h1_0.return_date from history h1_0 where h1_0.issue_date=?
2025-05-06T15:02:05.621+03:00 DEBUG 92164 --- [    Test worker] o.s.o.h.HibernateTransactionManager      : Found thread-bound Session [SessionImpl(1041769762<open>)] for Hibernate transaction
2025-05-06T15:02:05.621+03:00 DEBUG 92164 --- [    Test worker] o.s.o.h.HibernateTransactionManager      : Participating in existing transaction
2025-05-06T15:02:05.622+03:00 DEBUG 92164 --- [    Test worker] org.hibernate.SQL                        : select h1_0.copy_id,h1_0.isbn,h1_0.reader_id,h1_0.issue_date,h1_0.return_date from history h1_0 where h1_0.return_date=?
2025-05-06T15:02:05.623+03:00 DEBUG 92164 --- [    Test worker] o.s.o.h.HibernateTransactionManager      : Found thread-bound Session [SessionImpl(1041769762<open>)] for Hibernate transaction
2025-05-06T15:02:05.623+03:00 DEBUG 92164 --- [    Test worker] o.s.o.h.HibernateTransactionManager      : Participating in existing transaction
2025-05-06T15:02:05.630+03:00 DEBUG 92164 --- [    Test worker] org.hibernate.SQL                        : select h1_0.copy_id,h1_0.isbn,h1_0.reader_id,h1_0.issue_date,h1_0.return_date from history h1_0 where h1_0.issue_date between ? and ?
2025-05-06T15:02:05.632+03:00 DEBUG 92164 --- [    Test worker] o.s.o.h.HibernateTransactionManager      : Found thread-bound Session [SessionImpl(1041769762<open>)] for Hibernate transaction
2025-05-06T15:02:05.632+03:00 DEBUG 92164 --- [    Test worker] o.s.o.h.HibernateTransactionManager      : Participating in existing transaction
2025-05-06T15:02:05.633+03:00 DEBUG 92164 --- [    Test worker] org.hibernate.SQL                        : select h1_0.copy_id,h1_0.isbn,h1_0.reader_id,h1_0.issue_date,h1_0.return_date from history h1_0 where h1_0.return_date between ? and ?
2025-05-06T15:02:05.634+03:00 DEBUG 92164 --- [    Test worker] org.springframework.test.context.cache   : Spring test ApplicationContext cache statistics: [DefaultContextCache@644472ef size = 1, maxSize = 32, parentContextCount = 0, hitCount = 23, missCount = 1, failureCount = 0]
2025-05-06T15:02:05.634+03:00 DEBUG 92164 --- [    Test worker] org.springframework.test.context.cache   : Spring test ApplicationContext cache statistics: [DefaultContextCache@644472ef size = 1, maxSize = 32, parentContextCount = 0, hitCount = 24, missCount = 1, failureCount = 0]
2025-05-06T15:02:05.635+03:00 DEBUG 92164 --- [    Test worker] org.springframework.test.context.cache   : Spring test ApplicationContext cache statistics: [DefaultContextCache@644472ef size = 1, maxSize = 32, parentContextCount = 0, hitCount = 25, missCount = 1, failureCount = 0]
2025-05-06T15:02:05.635+03:00 DEBUG 92164 --- [    Test worker] org.springframework.test.context.cache   : Spring test ApplicationContext cache statistics: [DefaultContextCache@644472ef size = 1, maxSize = 32, parentContextCount = 0, hitCount = 26, missCount = 1, failureCount = 0]
2025-05-06T15:02:05.635+03:00 DEBUG 92164 --- [    Test worker] org.springframework.test.context.cache   : Spring test ApplicationContext cache statistics: [DefaultContextCache@644472ef size = 1, maxSize = 32, parentContextCount = 0, hitCount = 27, missCount = 1, failureCount = 0]
2025-05-06T15:02:05.635+03:00 DEBUG 92164 --- [    Test worker] org.springframework.test.context.cache   : Spring test ApplicationContext cache statistics: [DefaultContextCache@644472ef size = 1, maxSize = 32, parentContextCount = 0, hitCount = 28, missCount = 1, failureCount = 0]
2025-05-06T15:02:05.635+03:00 DEBUG 92164 --- [    Test worker] org.springframework.test.context.cache   : Spring test ApplicationContext cache statistics: [DefaultContextCache@644472ef size = 1, maxSize = 32, parentContextCount = 0, hitCount = 29, missCount = 1, failureCount = 0]
2025-05-06T15:02:05.635+03:00 DEBUG 92164 --- [    Test worker] o.s.o.h.HibernateTransactionManager      : Initiating transaction rollback
2025-05-06T15:02:05.635+03:00 DEBUG 92164 --- [    Test worker] o.s.o.h.HibernateTransactionManager      : Rolling back Hibernate transaction on Session [SessionImpl(1041769762<open>)]
2025-05-06T15:02:05.636+03:00 DEBUG 92164 --- [    Test worker] o.s.o.h.HibernateTransactionManager      : Closing Hibernate Session [SessionImpl(1041769762<open>)] after transaction
2025-05-06T15:02:05.636+03:00 DEBUG 92164 --- [    Test worker] o.s.t.c.transaction.TransactionContext   : Rolled back transaction (1) for test class [msu.cmc.webprak.DAOTests]; test method [testHistory]
2025-05-06T15:02:05.636+03:00 DEBUG 92164 --- [    Test worker] .c.s.DirtiesContextTestExecutionListener : After test method: class [DAOTests], method [testHistory], class annotated with @DirtiesContext [false] with mode [null], method annotated with @DirtiesContext [false] with mode [null]
2025-05-06T15:02:05.637+03:00 DEBUG 92164 --- [    Test worker] o.s.t.c.w.ServletTestExecutionListener   : Resetting RequestContextHolder for test class msu.cmc.webprak.DAOTests
2025-05-06T15:02:05.637+03:00 DEBUG 92164 --- [    Test worker] org.springframework.test.context.cache   : Spring test ApplicationContext cache statistics: [DefaultContextCache@644472ef size = 1, maxSize = 32, parentContextCount = 0, hitCount = 30, missCount = 1, failureCount = 0]
2025-05-06T15:02:05.637+03:00 DEBUG 92164 --- [    Test worker] o.s.t.c.w.ServletTestExecutionListener   : Setting up MockHttpServletRequest, MockHttpServletResponse, ServletWebRequest, and RequestContextHolder for test class msu.cmc.webprak.DAOTests
2025-05-06T15:02:05.637+03:00 DEBUG 92164 --- [    Test worker] DependencyInjectionTestExecutionListener : Performing dependency injection for test class msu.cmc.webprak.DAOTests
2025-05-06T15:02:05.637+03:00 DEBUG 92164 --- [    Test worker] org.springframework.test.context.cache   : Spring test ApplicationContext cache statistics: [DefaultContextCache@644472ef size = 1, maxSize = 32, parentContextCount = 0, hitCount = 31, missCount = 1, failureCount = 0]
2025-05-06T15:02:05.637+03:00 DEBUG 92164 --- [    Test worker] org.springframework.test.context.cache   : Spring test ApplicationContext cache statistics: [DefaultContextCache@644472ef size = 1, maxSize = 32, parentContextCount = 0, hitCount = 32, missCount = 1, failureCount = 0]
2025-05-06T15:02:05.638+03:00 DEBUG 92164 --- [    Test worker] sContextBeforeModesTestExecutionListener : Before test method: class [DAOTests], method [testCommon], class annotated with @DirtiesContext [false] with mode [null], method annotated with @DirtiesContext [false] with mode [null]
2025-05-06T15:02:05.638+03:00 DEBUG 92164 --- [    Test worker] t.c.t.TransactionalTestExecutionListener : Explicit transaction definition [PROPAGATION_REQUIRED,ISOLATION_DEFAULT] found for test class [msu.cmc.webprak.DAOTests] and test method [testCommon]
2025-05-06T15:02:05.638+03:00 DEBUG 92164 --- [    Test worker] org.springframework.test.context.cache   : Spring test ApplicationContext cache statistics: [DefaultContextCache@644472ef size = 1, maxSize = 32, parentContextCount = 0, hitCount = 33, missCount = 1, failureCount = 0]
2025-05-06T15:02:05.638+03:00 DEBUG 92164 --- [    Test worker] t.c.t.TransactionalTestExecutionListener : No method-level @Rollback override: using default rollback [true] for test method [public void msu.cmc.webprak.DAOTests.testCommon()]
2025-05-06T15:02:05.638+03:00 DEBUG 92164 --- [    Test worker] o.s.o.h.HibernateTransactionManager      : Creating new transaction with name [msu.cmc.webprak.DAOTests.testCommon]: PROPAGATION_REQUIRED,ISOLATION_DEFAULT
2025-05-06T15:02:05.638+03:00 DEBUG 92164 --- [    Test worker] o.s.o.h.HibernateTransactionManager      : Opened new Session [SessionImpl(57245443<open>)] for Hibernate transaction
2025-05-06T15:02:05.639+03:00 DEBUG 92164 --- [    Test worker] o.s.j.d.DriverManagerDataSource          : Creating new JDBC DriverManager Connection to [jdbc:postgresql://localhost:5432/webprak]
2025-05-06T15:02:05.659+03:00 DEBUG 92164 --- [    Test worker] o.s.o.h.HibernateTransactionManager      : Exposing Hibernate transaction as JDBC [org.springframework.orm.hibernate5.HibernateTransactionManager$$Lambda/0x000003f001836388@70ad998a]
2025-05-06T15:02:05.659+03:00 DEBUG 92164 --- [    Test worker] o.s.t.c.transaction.TransactionContext   : Began transaction (1) for test class [msu.cmc.webprak.DAOTests]; test method [testCommon]; transaction manager [org.springframework.orm.hibernate5.HibernateTransactionManager@130156d5]; rollback [true]
2025-05-06T15:02:05.659+03:00 DEBUG 92164 --- [    Test worker] org.springframework.test.context.cache   : Spring test ApplicationContext cache statistics: [DefaultContextCache@644472ef size = 1, maxSize = 32, parentContextCount = 0, hitCount = 34, missCount = 1, failureCount = 0]
2025-05-06T15:02:05.659+03:00 DEBUG 92164 --- [    Test worker] org.springframework.test.context.cache   : Spring test ApplicationContext cache statistics: [DefaultContextCache@644472ef size = 1, maxSize = 32, parentContextCount = 0, hitCount = 35, missCount = 1, failureCount = 0]
2025-05-06T15:02:05.659+03:00 DEBUG 92164 --- [    Test worker] org.springframework.test.context.cache   : Spring test ApplicationContext cache statistics: [DefaultContextCache@644472ef size = 1, maxSize = 32, parentContextCount = 0, hitCount = 36, missCount = 1, failureCount = 0]
2025-05-06T15:02:05.660+03:00 DEBUG 92164 --- [    Test worker] org.springframework.test.context.cache   : Spring test ApplicationContext cache statistics: [DefaultContextCache@644472ef size = 1, maxSize = 32, parentContextCount = 0, hitCount = 37, missCount = 1, failureCount = 0]
2025-05-06T15:02:05.660+03:00 DEBUG 92164 --- [    Test worker] o.s.o.h.HibernateTransactionManager      : Found thread-bound Session [SessionImpl(57245443<open>)] for Hibernate transaction
2025-05-06T15:02:05.660+03:00 DEBUG 92164 --- [    Test worker] o.s.o.h.HibernateTransactionManager      : Participating in existing transaction
2025-05-06T15:02:05.661+03:00 DEBUG 92164 --- [    Test worker] org.hibernate.SQL                        : select b1_0.isbn,b1_0.authors,b1_0.name,b1_0.publisher,b1_0.year from books b1_0 where b1_0.isbn=?
2025-05-06T15:02:05.670+03:00 DEBUG 92164 --- [    Test worker] o.s.o.h.HibernateTransactionManager      : Found thread-bound Session [SessionImpl(57245443<open>)] for Hibernate transaction
2025-05-06T15:02:05.670+03:00 DEBUG 92164 --- [    Test worker] o.s.o.h.HibernateTransactionManager      : Participating in existing transaction
2025-05-06T15:02:05.672+03:00 DEBUG 92164 --- [    Test worker] org.hibernate.SQL                        : select b1_0.isbn,b1_0.authors,b1_0.name,b1_0.publisher,b1_0.year from books b1_0
2025-05-06T15:02:05.673+03:00 DEBUG 92164 --- [    Test worker] o.s.o.h.HibernateTransactionManager      : Found thread-bound Session [SessionImpl(57245443<open>)] for Hibernate transaction
2025-05-06T15:02:05.673+03:00 DEBUG 92164 --- [    Test worker] o.s.o.h.HibernateTransactionManager      : Participating in existing transaction
2025-05-06T15:02:05.674+03:00 DEBUG 92164 --- [    Test worker] org.hibernate.SQL                        : select b1_0.isbn,b1_0.authors,b1_0.name,b1_0.publisher,b1_0.year from books b1_0 where b1_0.isbn=?
2025-05-06T15:02:05.674+03:00 DEBUG 92164 --- [    Test worker] o.s.o.h.HibernateTransactionManager      : Found thread-bound Session [SessionImpl(57245443<open>)] for Hibernate transaction
2025-05-06T15:02:05.674+03:00 DEBUG 92164 --- [    Test worker] o.s.o.h.HibernateTransactionManager      : Participating in existing transaction
2025-05-06T15:02:05.674+03:00 DEBUG 92164 --- [    Test worker] org.hibernate.SQL                        : select b1_0.isbn,b1_0.authors,b1_0.name,b1_0.publisher,b1_0.year from books b1_0 where b1_0.isbn=?
2025-05-06T15:02:05.675+03:00 DEBUG 92164 --- [    Test worker] o.s.o.h.HibernateTransactionManager      : Found thread-bound Session [SessionImpl(57245443<open>)] for Hibernate transaction
2025-05-06T15:02:05.675+03:00 DEBUG 92164 --- [    Test worker] o.s.o.h.HibernateTransactionManager      : Participating in existing transaction
2025-05-06T15:02:05.688+03:00 DEBUG 92164 --- [    Test worker] org.hibernate.SQL                        : insert into books (authors,name,publisher,year,isbn) values (?,?,?,?,?)
2025-05-06T15:02:05.699+03:00 DEBUG 92164 --- [    Test worker] o.s.o.h.HibernateTransactionManager      : Found thread-bound Session [SessionImpl(57245443<open>)] for Hibernate transaction
2025-05-06T15:02:05.700+03:00 DEBUG 92164 --- [    Test worker] o.s.o.h.HibernateTransactionManager      : Participating in existing transaction
2025-05-06T15:02:05.701+03:00 DEBUG 92164 --- [    Test worker] o.s.o.h.HibernateTransactionManager      : Found thread-bound Session [SessionImpl(57245443<open>)] for Hibernate transaction
2025-05-06T15:02:05.701+03:00 DEBUG 92164 --- [    Test worker] o.s.o.h.HibernateTransactionManager      : Participating in existing transaction
2025-05-06T15:02:05.702+03:00 DEBUG 92164 --- [    Test worker] o.s.o.h.HibernateTransactionManager      : Found thread-bound Session [SessionImpl(57245443<open>)] for Hibernate transaction
2025-05-06T15:02:05.703+03:00 DEBUG 92164 --- [    Test worker] o.s.o.h.HibernateTransactionManager      : Participating in existing transaction
2025-05-06T15:02:05.704+03:00 DEBUG 92164 --- [    Test worker] org.springframework.test.context.cache   : Spring test ApplicationContext cache statistics: [DefaultContextCache@644472ef size = 1, maxSize = 32, parentContextCount = 0, hitCount = 38, missCount = 1, failureCount = 0]
2025-05-06T15:02:05.705+03:00 DEBUG 92164 --- [    Test worker] org.springframework.test.context.cache   : Spring test ApplicationContext cache statistics: [DefaultContextCache@644472ef size = 1, maxSize = 32, parentContextCount = 0, hitCount = 39, missCount = 1, failureCount = 0]
2025-05-06T15:02:05.705+03:00 DEBUG 92164 --- [    Test worker] org.springframework.test.context.cache   : Spring test ApplicationContext cache statistics: [DefaultContextCache@644472ef size = 1, maxSize = 32, parentContextCount = 0, hitCount = 40, missCount = 1, failureCount = 0]
2025-05-06T15:02:05.705+03:00 DEBUG 92164 --- [    Test worker] org.springframework.test.context.cache   : Spring test ApplicationContext cache statistics: [DefaultContextCache@644472ef size = 1, maxSize = 32, parentContextCount = 0, hitCount = 41, missCount = 1, failureCount = 0]
2025-05-06T15:02:05.705+03:00 DEBUG 92164 --- [    Test worker] org.springframework.test.context.cache   : Spring test ApplicationContext cache statistics: [DefaultContextCache@644472ef size = 1, maxSize = 32, parentContextCount = 0, hitCount = 42, missCount = 1, failureCount = 0]
2025-05-06T15:02:05.705+03:00 DEBUG 92164 --- [    Test worker] org.springframework.test.context.cache   : Spring test ApplicationContext cache statistics: [DefaultContextCache@644472ef size = 1, maxSize = 32, parentContextCount = 0, hitCount = 43, missCount = 1, failureCount = 0]
2025-05-06T15:02:05.705+03:00 DEBUG 92164 --- [    Test worker] org.springframework.test.context.cache   : Spring test ApplicationContext cache statistics: [DefaultContextCache@644472ef size = 1, maxSize = 32, parentContextCount = 0, hitCount = 44, missCount = 1, failureCount = 0]
2025-05-06T15:02:05.705+03:00 DEBUG 92164 --- [    Test worker] o.s.o.h.HibernateTransactionManager      : Initiating transaction rollback
2025-05-06T15:02:05.706+03:00 DEBUG 92164 --- [    Test worker] o.s.o.h.HibernateTransactionManager      : Rolling back Hibernate transaction on Session [SessionImpl(57245443<open>)]
2025-05-06T15:02:05.706+03:00 DEBUG 92164 --- [    Test worker] o.s.o.h.HibernateTransactionManager      : Closing Hibernate Session [SessionImpl(57245443<open>)] after transaction
2025-05-06T15:02:05.707+03:00 DEBUG 92164 --- [    Test worker] o.s.t.c.transaction.TransactionContext   : Rolled back transaction (1) for test class [msu.cmc.webprak.DAOTests]; test method [testCommon]
2025-05-06T15:02:05.707+03:00 DEBUG 92164 --- [    Test worker] .c.s.DirtiesContextTestExecutionListener : After test method: class [DAOTests], method [testCommon], class annotated with @DirtiesContext [false] with mode [null], method annotated with @DirtiesContext [false] with mode [null]
2025-05-06T15:02:05.707+03:00 DEBUG 92164 --- [    Test worker] o.s.t.c.w.ServletTestExecutionListener   : Resetting RequestContextHolder for test class msu.cmc.webprak.DAOTests
2025-05-06T15:02:05.707+03:00 DEBUG 92164 --- [    Test worker] org.springframework.test.context.cache   : Spring test ApplicationContext cache statistics: [DefaultContextCache@644472ef size = 1, maxSize = 32, parentContextCount = 0, hitCount = 45, missCount = 1, failureCount = 0]
2025-05-06T15:02:05.707+03:00 DEBUG 92164 --- [    Test worker] o.s.t.c.w.ServletTestExecutionListener   : Setting up MockHttpServletRequest, MockHttpServletResponse, ServletWebRequest, and RequestContextHolder for test class msu.cmc.webprak.DAOTests
2025-05-06T15:02:05.708+03:00 DEBUG 92164 --- [    Test worker] DependencyInjectionTestExecutionListener : Performing dependency injection for test class msu.cmc.webprak.DAOTests
2025-05-06T15:02:05.708+03:00 DEBUG 92164 --- [    Test worker] org.springframework.test.context.cache   : Spring test ApplicationContext cache statistics: [DefaultContextCache@644472ef size = 1, maxSize = 32, parentContextCount = 0, hitCount = 46, missCount = 1, failureCount = 0]
2025-05-06T15:02:05.708+03:00 DEBUG 92164 --- [    Test worker] org.springframework.test.context.cache   : Spring test ApplicationContext cache statistics: [DefaultContextCache@644472ef size = 1, maxSize = 32, parentContextCount = 0, hitCount = 47, missCount = 1, failureCount = 0]
2025-05-06T15:02:05.709+03:00 DEBUG 92164 --- [    Test worker] sContextBeforeModesTestExecutionListener : Before test method: class [DAOTests], method [testReader], class annotated with @DirtiesContext [false] with mode [null], method annotated with @DirtiesContext [false] with mode [null]
2025-05-06T15:02:05.709+03:00 DEBUG 92164 --- [    Test worker] t.c.t.TransactionalTestExecutionListener : Explicit transaction definition [PROPAGATION_REQUIRED,ISOLATION_DEFAULT] found for test class [msu.cmc.webprak.DAOTests] and test method [testReader]
2025-05-06T15:02:05.709+03:00 DEBUG 92164 --- [    Test worker] org.springframework.test.context.cache   : Spring test ApplicationContext cache statistics: [DefaultContextCache@644472ef size = 1, maxSize = 32, parentContextCount = 0, hitCount = 48, missCount = 1, failureCount = 0]
2025-05-06T15:02:05.709+03:00 DEBUG 92164 --- [    Test worker] t.c.t.TransactionalTestExecutionListener : No method-level @Rollback override: using default rollback [true] for test method [public void msu.cmc.webprak.DAOTests.testReader()]
2025-05-06T15:02:05.709+03:00 DEBUG 92164 --- [    Test worker] o.s.o.h.HibernateTransactionManager      : Creating new transaction with name [msu.cmc.webprak.DAOTests.testReader]: PROPAGATION_REQUIRED,ISOLATION_DEFAULT
2025-05-06T15:02:05.709+03:00 DEBUG 92164 --- [    Test worker] o.s.o.h.HibernateTransactionManager      : Opened new Session [SessionImpl(1660945772<open>)] for Hibernate transaction
2025-05-06T15:02:05.710+03:00 DEBUG 92164 --- [    Test worker] o.s.j.d.DriverManagerDataSource          : Creating new JDBC DriverManager Connection to [jdbc:postgresql://localhost:5432/webprak]
2025-05-06T15:02:05.728+03:00 DEBUG 92164 --- [    Test worker] o.s.o.h.HibernateTransactionManager      : Exposing Hibernate transaction as JDBC [org.springframework.orm.hibernate5.HibernateTransactionManager$$Lambda/0x000003f001836388@514b2073]
2025-05-06T15:02:05.729+03:00 DEBUG 92164 --- [    Test worker] o.s.t.c.transaction.TransactionContext   : Began transaction (1) for test class [msu.cmc.webprak.DAOTests]; test method [testReader]; transaction manager [org.springframework.orm.hibernate5.HibernateTransactionManager@130156d5]; rollback [true]
2025-05-06T15:02:05.729+03:00 DEBUG 92164 --- [    Test worker] org.springframework.test.context.cache   : Spring test ApplicationContext cache statistics: [DefaultContextCache@644472ef size = 1, maxSize = 32, parentContextCount = 0, hitCount = 49, missCount = 1, failureCount = 0]
2025-05-06T15:02:05.729+03:00 DEBUG 92164 --- [    Test worker] org.springframework.test.context.cache   : Spring test ApplicationContext cache statistics: [DefaultContextCache@644472ef size = 1, maxSize = 32, parentContextCount = 0, hitCount = 50, missCount = 1, failureCount = 0]
2025-05-06T15:02:05.729+03:00 DEBUG 92164 --- [    Test worker] org.springframework.test.context.cache   : Spring test ApplicationContext cache statistics: [DefaultContextCache@644472ef size = 1, maxSize = 32, parentContextCount = 0, hitCount = 51, missCount = 1, failureCount = 0]
2025-05-06T15:02:05.729+03:00 DEBUG 92164 --- [    Test worker] org.springframework.test.context.cache   : Spring test ApplicationContext cache statistics: [DefaultContextCache@644472ef size = 1, maxSize = 32, parentContextCount = 0, hitCount = 52, missCount = 1, failureCount = 0]
2025-05-06T15:02:05.730+03:00 DEBUG 92164 --- [    Test worker] o.s.o.h.HibernateTransactionManager      : Found thread-bound Session [SessionImpl(1660945772<open>)] for Hibernate transaction
2025-05-06T15:02:05.730+03:00 DEBUG 92164 --- [    Test worker] o.s.o.h.HibernateTransactionManager      : Participating in existing transaction
2025-05-06T15:02:05.731+03:00 DEBUG 92164 --- [    Test worker] org.hibernate.SQL                        : select r1_0.reader_id,r1_0.address,r1_0.name,r1_0.phone_number from readers r1_0 where r1_0.name=?
2025-05-06T15:02:05.742+03:00 DEBUG 92164 --- [    Test worker] o.s.o.h.HibernateTransactionManager      : Found thread-bound Session [SessionImpl(1660945772<open>)] for Hibernate transaction
2025-05-06T15:02:05.742+03:00 DEBUG 92164 --- [    Test worker] o.s.o.h.HibernateTransactionManager      : Participating in existing transaction
2025-05-06T15:02:05.744+03:00 DEBUG 92164 --- [    Test worker] org.hibernate.SQL                        : select r1_0.reader_id,r1_0.address,r1_0.name,r1_0.phone_number from readers r1_0 where r1_0.phone_number=?
2025-05-06T15:02:05.745+03:00 DEBUG 92164 --- [    Test worker] org.springframework.test.context.cache   : Spring test ApplicationContext cache statistics: [DefaultContextCache@644472ef size = 1, maxSize = 32, parentContextCount = 0, hitCount = 53, missCount = 1, failureCount = 0]
2025-05-06T15:02:05.746+03:00 DEBUG 92164 --- [    Test worker] org.springframework.test.context.cache   : Spring test ApplicationContext cache statistics: [DefaultContextCache@644472ef size = 1, maxSize = 32, parentContextCount = 0, hitCount = 54, missCount = 1, failureCount = 0]
2025-05-06T15:02:05.746+03:00 DEBUG 92164 --- [    Test worker] org.springframework.test.context.cache   : Spring test ApplicationContext cache statistics: [DefaultContextCache@644472ef size = 1, maxSize = 32, parentContextCount = 0, hitCount = 55, missCount = 1, failureCount = 0]
2025-05-06T15:02:05.746+03:00 DEBUG 92164 --- [    Test worker] org.springframework.test.context.cache   : Spring test ApplicationContext cache statistics: [DefaultContextCache@644472ef size = 1, maxSize = 32, parentContextCount = 0, hitCount = 56, missCount = 1, failureCount = 0]
2025-05-06T15:02:05.746+03:00 DEBUG 92164 --- [    Test worker] org.springframework.test.context.cache   : Spring test ApplicationContext cache statistics: [DefaultContextCache@644472ef size = 1, maxSize = 32, parentContextCount = 0, hitCount = 57, missCount = 1, failureCount = 0]
2025-05-06T15:02:05.746+03:00 DEBUG 92164 --- [    Test worker] org.springframework.test.context.cache   : Spring test ApplicationContext cache statistics: [DefaultContextCache@644472ef size = 1, maxSize = 32, parentContextCount = 0, hitCount = 58, missCount = 1, failureCount = 0]
2025-05-06T15:02:05.746+03:00 DEBUG 92164 --- [    Test worker] org.springframework.test.context.cache   : Spring test ApplicationContext cache statistics: [DefaultContextCache@644472ef size = 1, maxSize = 32, parentContextCount = 0, hitCount = 59, missCount = 1, failureCount = 0]
2025-05-06T15:02:05.746+03:00 DEBUG 92164 --- [    Test worker] o.s.o.h.HibernateTransactionManager      : Initiating transaction rollback
2025-05-06T15:02:05.747+03:00 DEBUG 92164 --- [    Test worker] o.s.o.h.HibernateTransactionManager      : Rolling back Hibernate transaction on Session [SessionImpl(1660945772<open>)]
2025-05-06T15:02:05.747+03:00 DEBUG 92164 --- [    Test worker] o.s.o.h.HibernateTransactionManager      : Closing Hibernate Session [SessionImpl(1660945772<open>)] after transaction
2025-05-06T15:02:05.747+03:00 DEBUG 92164 --- [    Test worker] o.s.t.c.transaction.TransactionContext   : Rolled back transaction (1) for test class [msu.cmc.webprak.DAOTests]; test method [testReader]
2025-05-06T15:02:05.748+03:00 DEBUG 92164 --- [    Test worker] .c.s.DirtiesContextTestExecutionListener : After test method: class [DAOTests], method [testReader], class annotated with @DirtiesContext [false] with mode [null], method annotated with @DirtiesContext [false] with mode [null]
2025-05-06T15:02:05.748+03:00 DEBUG 92164 --- [    Test worker] o.s.t.c.w.ServletTestExecutionListener   : Resetting RequestContextHolder for test class msu.cmc.webprak.DAOTests
2025-05-06T15:02:05.749+03:00 DEBUG 92164 --- [    Test worker] org.springframework.test.context.cache   : Spring test ApplicationContext cache statistics: [DefaultContextCache@644472ef size = 1, maxSize = 32, parentContextCount = 0, hitCount = 60, missCount = 1, failureCount = 0]
2025-05-06T15:02:05.750+03:00 DEBUG 92164 --- [    Test worker] org.springframework.test.context.cache   : Spring test ApplicationContext cache statistics: [DefaultContextCache@644472ef size = 1, maxSize = 32, parentContextCount = 0, hitCount = 61, missCount = 1, failureCount = 0]
2025-05-06T15:02:05.750+03:00 DEBUG 92164 --- [    Test worker] .c.s.DirtiesContextTestExecutionListener : After test class: class [DAOTests], class annotated with @DirtiesContext [false] with mode [null]
]]></system-out>
  <system-err><![CDATA[Mockito is currently self-attaching to enable the inline-mock-maker. This will no longer work in future releases of the JDK. Please add Mockito as an agent to your build what is described in Mockito's documentation: https://javadoc.io/doc/org.mockito/mockito-core/latest/org/mockito/Mockito.html#0.3
WARNING: A Java agent has been loaded dynamically (/Users/nik/.gradle/caches/modules-2/files-2.1/net.bytebuddy/byte-buddy-agent/1.15.11/a38b16385e867f59a641330f0362ebe742788ed8/byte-buddy-agent-1.15.11.jar)
WARNING: If a serviceability tool is in use, please run with -XX:+EnableDynamicAgentLoading to hide this warning
WARNING: If a serviceability tool is not in use, please run with -Djdk.instrument.traceUsage for more information
WARNING: Dynamic loading of agents will be disallowed by default in a future release
]]></system-err>
</testsuite>
