<?xml version="1.0" encoding="UTF-8"?>
<testsuite name="msu.cmc.webprak.DAOTests" tests="4" skipped="0" failures="0" errors="0" timestamp="2025-03-15T13:05:29" hostname="MacBook-Air-Nik.local" time="0.753">
  <properties/>
  <testcase name="testBook()" classname="msu.cmc.webprak.DAOTests" time="0.568"/>
  <testcase name="testHistory()" classname="msu.cmc.webprak.DAOTests" time="0.079"/>
  <testcase name="testCommon()" classname="msu.cmc.webprak.DAOTests" time="0.051"/>
  <testcase name="testReader()" classname="msu.cmc.webprak.DAOTests" time="0.052"/>
  <system-out><![CDATA[
  .   ____          _            __ _ _
 /\\ / ___'_ __ _ _(_)_ __  __ _ \ \ \ \
( ( )\___ | '_ | '_| | '_ \/ _` | \ \ \ \
 \\/  ___)| |_)| | | | | || (_| |  ) ) ) )
  '  |____| .__|_| |_|_| |_\__, | / / / /
 =========|_|==============|___/=/_/_/_/

 :: Spring Boot ::                (v3.4.3)

2025-03-15T16:05:28.620+03:00  INFO 6695 --- [    Test worker] msu.cmc.webprak.DAOTests                 : Starting DAOTests using Java 23.0.2 with PID 6695 (started by nik in /Users/nik/Desktop/java-prak)
2025-03-15T16:05:28.621+03:00  INFO 6695 --- [    Test worker] msu.cmc.webprak.DAOTests                 : No active profile set, falling back to 1 default profile: "default"
2025-03-15T16:05:28.622+03:00 DEBUG 6695 --- [    Test worker] o.s.boot.SpringApplication               : Loading source class msu.cmc.webprak.configs.HibernateConfig
2025-03-15T16:05:28.637+03:00 DEBUG 6695 --- [    Test worker] o.s.w.c.s.GenericWebApplicationContext   : Refreshing org.springframework.web.context.support.GenericWebApplicationContext@6f8e0cee
2025-03-15T16:05:28.645+03:00 DEBUG 6695 --- [    Test worker] o.s.b.f.s.DefaultListableBeanFactory     : Creating shared instance of singleton bean 'org.springframework.context.annotation.internalConfigurationAnnotationProcessor'
2025-03-15T16:05:28.656+03:00 DEBUG 6695 --- [    Test worker] o.s.b.f.s.DefaultListableBeanFactory     : Creating shared instance of singleton bean 'org.springframework.boot.autoconfigure.internalCachingMetadataReaderFactory'
2025-03-15T16:05:28.676+03:00 DEBUG 6695 --- [    Test worker] o.s.c.a.ClassPathBeanDefinitionScanner   : Identified candidate component class: file [/Users/nik/Desktop/java-prak/build/classes/java/main/msu/cmc/webprak/DAO/BookDAO.class]
2025-03-15T16:05:28.676+03:00 DEBUG 6695 --- [    Test worker] o.s.c.a.ClassPathBeanDefinitionScanner   : Identified candidate component class: file [/Users/nik/Desktop/java-prak/build/classes/java/main/msu/cmc/webprak/DAO/HistoryDAO.class]
2025-03-15T16:05:28.677+03:00 DEBUG 6695 --- [    Test worker] o.s.c.a.ClassPathBeanDefinitionScanner   : Identified candidate component class: file [/Users/nik/Desktop/java-prak/build/classes/java/main/msu/cmc/webprak/DAO/ReaderDAO.class]
2025-03-15T16:05:28.732+03:00 DEBUG 6695 --- [    Test worker] o.s.b.f.s.DefaultListableBeanFactory     : Creating shared instance of singleton bean 'org.springframework.boot.test.mock.mockito.MockitoPostProcessor'
2025-03-15T16:05:28.740+03:00 DEBUG 6695 --- [    Test worker] o.s.b.f.s.DefaultListableBeanFactory     : Creating shared instance of singleton bean 'org.springframework.context.event.internalEventListenerProcessor'
2025-03-15T16:05:28.741+03:00 DEBUG 6695 --- [    Test worker] o.s.b.f.s.DefaultListableBeanFactory     : Creating shared instance of singleton bean 'org.springframework.context.event.internalEventListenerFactory'
2025-03-15T16:05:28.741+03:00 DEBUG 6695 --- [    Test worker] o.s.b.f.s.DefaultListableBeanFactory     : Creating shared instance of singleton bean 'org.springframework.transaction.config.internalTransactionalEventListenerFactory'
2025-03-15T16:05:28.742+03:00 DEBUG 6695 --- [    Test worker] o.s.b.f.s.DefaultListableBeanFactory     : Creating shared instance of singleton bean 'org.springframework.boot.test.mock.mockito.MockitoPostProcessor$SpyPostProcessor'
2025-03-15T16:05:28.743+03:00 DEBUG 6695 --- [    Test worker] o.s.b.f.s.DefaultListableBeanFactory     : Creating shared instance of singleton bean 'org.springframework.context.annotation.internalAutowiredAnnotationProcessor'
2025-03-15T16:05:28.744+03:00 DEBUG 6695 --- [    Test worker] o.s.b.f.s.DefaultListableBeanFactory     : Creating shared instance of singleton bean 'org.springframework.context.annotation.internalCommonAnnotationProcessor'
2025-03-15T16:05:28.745+03:00 DEBUG 6695 --- [    Test worker] o.s.b.f.s.DefaultListableBeanFactory     : Creating shared instance of singleton bean 'org.springframework.context.annotation.internalPersistenceAnnotationProcessor'
2025-03-15T16:05:28.746+03:00 DEBUG 6695 --- [    Test worker] o.s.b.f.s.DefaultListableBeanFactory     : Creating shared instance of singleton bean 'org.springframework.aop.config.internalAutoProxyCreator'
2025-03-15T16:05:28.753+03:00 DEBUG 6695 --- [    Test worker] o.s.u.c.s.UiApplicationContextUtils      : Unable to locate ThemeSource with name 'themeSource': using default [org.springframework.ui.context.support.ResourceBundleThemeSource@3c0bbc9f]
2025-03-15T16:05:28.754+03:00 DEBUG 6695 --- [    Test worker] o.s.b.f.s.DefaultListableBeanFactory     : Creating shared instance of singleton bean 'org.springframework.test.context.support.internalDynamicPropertyRegistrarBeanInitializer'
2025-03-15T16:05:28.754+03:00 DEBUG 6695 --- [    Test worker] o.s.b.f.s.DefaultListableBeanFactory     : Creating shared instance of singleton bean 'org.springframework.transaction.config.internalTransactionAdvisor'
2025-03-15T16:05:28.754+03:00 DEBUG 6695 --- [    Test worker] o.s.b.f.s.DefaultListableBeanFactory     : Creating shared instance of singleton bean 'org.springframework.transaction.annotation.ProxyTransactionManagementConfiguration'
2025-03-15T16:05:28.758+03:00 DEBUG 6695 --- [    Test worker] o.s.b.f.s.DefaultListableBeanFactory     : Creating shared instance of singleton bean 'transactionAttributeSource'
2025-03-15T16:05:28.758+03:00 DEBUG 6695 --- [    Test worker] o.s.b.f.s.DefaultListableBeanFactory     : Creating shared instance of singleton bean 'transactionInterceptor'
2025-03-15T16:05:28.759+03:00 DEBUG 6695 --- [    Test worker] o.s.b.f.s.DefaultListableBeanFactory     : Autowiring by type from bean name 'transactionInterceptor' via factory method to bean named 'transactionAttributeSource'
2025-03-15T16:05:28.761+03:00 DEBUG 6695 --- [    Test worker] o.s.b.f.s.DefaultListableBeanFactory     : Autowiring by type from bean name 'org.springframework.transaction.config.internalTransactionAdvisor' via factory method to bean named 'transactionAttributeSource'
2025-03-15T16:05:28.761+03:00 DEBUG 6695 --- [    Test worker] o.s.b.f.s.DefaultListableBeanFactory     : Autowiring by type from bean name 'org.springframework.transaction.config.internalTransactionAdvisor' via factory method to bean named 'transactionInterceptor'
2025-03-15T16:05:28.764+03:00 DEBUG 6695 --- [    Test worker] o.s.b.f.s.DefaultListableBeanFactory     : Creating shared instance of singleton bean 'hibernateConfig'
2025-03-15T16:05:28.765+03:00 DEBUG 6695 --- [    Test worker] o.s.b.f.s.DefaultListableBeanFactory     : Creating shared instance of singleton bean 'bookDAO'
2025-03-15T16:05:28.767+03:00 DEBUG 6695 --- [    Test worker] o.s.b.f.s.DefaultListableBeanFactory     : Creating shared instance of singleton bean 'sessionFactory'
2025-03-15T16:05:28.769+03:00 DEBUG 6695 --- [    Test worker] o.s.b.f.s.DefaultListableBeanFactory     : Creating shared instance of singleton bean 'dataSource'
2025-03-15T16:05:28.772+03:00 DEBUG 6695 --- [    Test worker] o.s.j.d.DriverManagerDataSource          : Loaded JDBC driver: org.postgresql.Driver
2025-03-15T16:05:28.800+03:00  INFO 6695 --- [    Test worker] org.hibernate.Version                    : HHH000412: Hibernate ORM core version 6.4.1.Final
2025-03-15T16:05:28.825+03:00  INFO 6695 --- [    Test worker] o.h.c.internal.RegionFactoryInitiator    : HHH000026: Second-level cache disabled
2025-03-15T16:05:28.874+03:00 DEBUG 6695 --- [    Test worker] o.s.j.d.DriverManagerDataSource          : Creating new JDBC DriverManager Connection to [jdbc:postgresql://localhost:5432/webprak]
2025-03-15T16:05:28.966+03:00  WARN 6695 --- [    Test worker] org.hibernate.dialect.Dialect            : HHH000511: The 11.22.0 version for [org.hibernate.dialect.PostgreSQLDialect] is no longer supported, hence certain features may not work properly. The minimum supported version is 12.0.0. Check the community dialects project for available legacy versions.
2025-03-15T16:05:28.969+03:00  WARN 6695 --- [    Test worker] org.hibernate.orm.deprecation            : HHH90000025: PostgreSQLDialect does not need to be specified explicitly using 'hibernate.dialect' (remove the property setting and it will be selected by default)
2025-03-15T16:05:29.432+03:00  INFO 6695 --- [    Test worker] o.h.e.t.j.p.i.JtaPlatformInitiator       : HHH000489: No JTA platform available (set 'hibernate.transaction.jta.platform' to enable JTA platform integration)
2025-03-15T16:05:29.439+03:00 DEBUG 6695 --- [    Test worker] o.s.j.d.DriverManagerDataSource          : Creating new JDBC DriverManager Connection to [jdbc:postgresql://localhost:5432/webprak]
2025-03-15T16:05:29.590+03:00 DEBUG 6695 --- [    Test worker] o.s.b.f.s.DefaultListableBeanFactory     : Creating shared instance of singleton bean 'historyDAO'
2025-03-15T16:05:29.596+03:00 DEBUG 6695 --- [    Test worker] o.s.b.f.s.DefaultListableBeanFactory     : Creating shared instance of singleton bean 'readerDAO'
2025-03-15T16:05:29.601+03:00 DEBUG 6695 --- [    Test worker] o.s.b.f.s.DefaultListableBeanFactory     : Creating shared instance of singleton bean 'transactionManager'
2025-03-15T16:05:29.611+03:00 DEBUG 6695 --- [    Test worker] o.s.o.h.HibernateTransactionManager      : Using DataSource [org.springframework.jdbc.datasource.DriverManagerDataSource@212dfd39] of Hibernate SessionFactory for HibernateTransactionManager
2025-03-15T16:05:29.615+03:00 DEBUG 6695 --- [    Test worker] o.s.c.support.DefaultLifecycleProcessor  : Starting beans in phase -2147483647
2025-03-15T16:05:29.615+03:00 DEBUG 6695 --- [    Test worker] o.s.c.support.DefaultLifecycleProcessor  : Successfully started bean 'springBootLoggingLifecycle'
2025-03-15T16:05:29.616+03:00  INFO 6695 --- [    Test worker] msu.cmc.webprak.DAOTests                 : Started DAOTests in 1.128 seconds (process running for 1.657)
2025-03-15T16:05:29.618+03:00 DEBUG 6695 --- [    Test worker] org.springframework.test.context.cache   : Spring test ApplicationContext cache statistics: [DefaultContextCache@4544ab46 size = 1, maxSize = 32, parentContextCount = 0, hitCount = 0, missCount = 1, failureCount = 0]
2025-03-15T16:05:29.618+03:00 DEBUG 6695 --- [    Test worker] o.s.t.c.w.ServletTestExecutionListener   : Setting up MockHttpServletRequest, MockHttpServletResponse, ServletWebRequest, and RequestContextHolder for test class msu.cmc.webprak.DAOTests
2025-03-15T16:05:29.624+03:00 DEBUG 6695 --- [    Test worker] DependencyInjectionTestExecutionListener : Performing dependency injection for test class msu.cmc.webprak.DAOTests
2025-03-15T16:05:29.624+03:00 DEBUG 6695 --- [    Test worker] org.springframework.test.context.cache   : Spring test ApplicationContext cache statistics: [DefaultContextCache@4544ab46 size = 1, maxSize = 32, parentContextCount = 0, hitCount = 1, missCount = 1, failureCount = 0]
2025-03-15T16:05:29.625+03:00 DEBUG 6695 --- [    Test worker] org.springframework.test.context.cache   : Spring test ApplicationContext cache statistics: [DefaultContextCache@4544ab46 size = 1, maxSize = 32, parentContextCount = 0, hitCount = 2, missCount = 1, failureCount = 0]
2025-03-15T16:05:29.626+03:00 DEBUG 6695 --- [    Test worker] sContextBeforeModesTestExecutionListener : Before test method: class [DAOTests], method [testBook], class annotated with @DirtiesContext [false] with mode [null], method annotated with @DirtiesContext [false] with mode [null]
2025-03-15T16:05:29.627+03:00 DEBUG 6695 --- [    Test worker] t.c.t.TransactionalTestExecutionListener : Explicit transaction definition [PROPAGATION_REQUIRED,ISOLATION_DEFAULT] found for test class [msu.cmc.webprak.DAOTests] and test method [testBook]
2025-03-15T16:05:29.627+03:00 DEBUG 6695 --- [    Test worker] org.springframework.test.context.cache   : Spring test ApplicationContext cache statistics: [DefaultContextCache@4544ab46 size = 1, maxSize = 32, parentContextCount = 0, hitCount = 3, missCount = 1, failureCount = 0]
2025-03-15T16:05:29.628+03:00 DEBUG 6695 --- [    Test worker] t.c.t.TransactionalTestExecutionListener : No method-level @Rollback override: using default rollback [true] for test method [public void msu.cmc.webprak.DAOTests.testBook()]
2025-03-15T16:05:29.629+03:00 DEBUG 6695 --- [    Test worker] o.s.o.h.HibernateTransactionManager      : Creating new transaction with name [msu.cmc.webprak.DAOTests.testBook]: PROPAGATION_REQUIRED,ISOLATION_DEFAULT
2025-03-15T16:05:29.643+03:00 DEBUG 6695 --- [    Test worker] o.s.o.h.HibernateTransactionManager      : Opened new Session [SessionImpl(1475269729<open>)] for Hibernate transaction
2025-03-15T16:05:29.644+03:00 DEBUG 6695 --- [    Test worker] o.s.j.d.DriverManagerDataSource          : Creating new JDBC DriverManager Connection to [jdbc:postgresql://localhost:5432/webprak]
2025-03-15T16:05:29.668+03:00 DEBUG 6695 --- [    Test worker] o.s.o.h.HibernateTransactionManager      : Exposing Hibernate transaction as JDBC [org.springframework.orm.hibernate5.HibernateTransactionManager$$Lambda/0x0000400001747c10@5bc14211]
2025-03-15T16:05:29.668+03:00 DEBUG 6695 --- [    Test worker] o.s.t.c.transaction.TransactionContext   : Began transaction (1) for test class [msu.cmc.webprak.DAOTests]; test method [testBook]; transaction manager [org.springframework.orm.hibernate5.HibernateTransactionManager@614cbec4]; rollback [true]
2025-03-15T16:05:29.669+03:00 DEBUG 6695 --- [    Test worker] org.springframework.test.context.cache   : Spring test ApplicationContext cache statistics: [DefaultContextCache@4544ab46 size = 1, maxSize = 32, parentContextCount = 0, hitCount = 4, missCount = 1, failureCount = 0]
2025-03-15T16:05:29.669+03:00 DEBUG 6695 --- [    Test worker] org.springframework.test.context.cache   : Spring test ApplicationContext cache statistics: [DefaultContextCache@4544ab46 size = 1, maxSize = 32, parentContextCount = 0, hitCount = 5, missCount = 1, failureCount = 0]
2025-03-15T16:05:29.992+03:00 DEBUG 6695 --- [    Test worker] org.springframework.test.context.cache   : Spring test ApplicationContext cache statistics: [DefaultContextCache@4544ab46 size = 1, maxSize = 32, parentContextCount = 0, hitCount = 6, missCount = 1, failureCount = 0]
2025-03-15T16:05:29.994+03:00 DEBUG 6695 --- [    Test worker] org.springframework.test.context.cache   : Spring test ApplicationContext cache statistics: [DefaultContextCache@4544ab46 size = 1, maxSize = 32, parentContextCount = 0, hitCount = 7, missCount = 1, failureCount = 0]
2025-03-15T16:05:29.997+03:00 DEBUG 6695 --- [    Test worker] o.s.o.h.HibernateTransactionManager      : Found thread-bound Session [SessionImpl(1475269729<open>)] for Hibernate transaction
2025-03-15T16:05:29.997+03:00 DEBUG 6695 --- [    Test worker] o.s.o.h.HibernateTransactionManager      : Participating in existing transaction
2025-03-15T16:05:30.144+03:00 DEBUG 6695 --- [    Test worker] org.hibernate.SQL                        : select b1_0.isbn,b1_0.authors,b1_0.name,b1_0.publisher,b1_0.year from books b1_0 where b1_0.isbn=?
2025-03-15T16:05:30.155+03:00 DEBUG 6695 --- [    Test worker] o.s.o.h.HibernateTransactionManager      : Found thread-bound Session [SessionImpl(1475269729<open>)] for Hibernate transaction
2025-03-15T16:05:30.155+03:00 DEBUG 6695 --- [    Test worker] o.s.o.h.HibernateTransactionManager      : Participating in existing transaction
2025-03-15T16:05:30.157+03:00 DEBUG 6695 --- [    Test worker] org.hibernate.SQL                        : select b1_0.isbn,b1_0.authors,b1_0.name,b1_0.publisher,b1_0.year from books b1_0 where b1_0.name=?
2025-03-15T16:05:30.165+03:00 DEBUG 6695 --- [    Test worker] o.s.o.h.HibernateTransactionManager      : Found thread-bound Session [SessionImpl(1475269729<open>)] for Hibernate transaction
2025-03-15T16:05:30.165+03:00 DEBUG 6695 --- [    Test worker] o.s.o.h.HibernateTransactionManager      : Participating in existing transaction
2025-03-15T16:05:30.178+03:00 DEBUG 6695 --- [    Test worker] org.hibernate.SQL                        : SELECT * FROM books WHERE ? = ANY(authors)
2025-03-15T16:05:30.183+03:00 DEBUG 6695 --- [    Test worker] o.s.o.h.HibernateTransactionManager      : Found thread-bound Session [SessionImpl(1475269729<open>)] for Hibernate transaction
2025-03-15T16:05:30.183+03:00 DEBUG 6695 --- [    Test worker] o.s.o.h.HibernateTransactionManager      : Participating in existing transaction
2025-03-15T16:05:30.184+03:00 DEBUG 6695 --- [    Test worker] org.hibernate.SQL                        : select b1_0.isbn,b1_0.authors,b1_0.name,b1_0.publisher,b1_0.year from books b1_0 where b1_0.publisher=?
2025-03-15T16:05:30.186+03:00 DEBUG 6695 --- [    Test worker] org.springframework.test.context.cache   : Spring test ApplicationContext cache statistics: [DefaultContextCache@4544ab46 size = 1, maxSize = 32, parentContextCount = 0, hitCount = 8, missCount = 1, failureCount = 0]
2025-03-15T16:05:30.186+03:00 DEBUG 6695 --- [    Test worker] org.springframework.test.context.cache   : Spring test ApplicationContext cache statistics: [DefaultContextCache@4544ab46 size = 1, maxSize = 32, parentContextCount = 0, hitCount = 9, missCount = 1, failureCount = 0]
2025-03-15T16:05:30.187+03:00 DEBUG 6695 --- [    Test worker] org.springframework.test.context.cache   : Spring test ApplicationContext cache statistics: [DefaultContextCache@4544ab46 size = 1, maxSize = 32, parentContextCount = 0, hitCount = 10, missCount = 1, failureCount = 0]
2025-03-15T16:05:30.187+03:00 DEBUG 6695 --- [    Test worker] org.springframework.test.context.cache   : Spring test ApplicationContext cache statistics: [DefaultContextCache@4544ab46 size = 1, maxSize = 32, parentContextCount = 0, hitCount = 11, missCount = 1, failureCount = 0]
2025-03-15T16:05:30.187+03:00 DEBUG 6695 --- [    Test worker] org.springframework.test.context.cache   : Spring test ApplicationContext cache statistics: [DefaultContextCache@4544ab46 size = 1, maxSize = 32, parentContextCount = 0, hitCount = 12, missCount = 1, failureCount = 0]
2025-03-15T16:05:30.187+03:00 DEBUG 6695 --- [    Test worker] org.springframework.test.context.cache   : Spring test ApplicationContext cache statistics: [DefaultContextCache@4544ab46 size = 1, maxSize = 32, parentContextCount = 0, hitCount = 13, missCount = 1, failureCount = 0]
2025-03-15T16:05:30.188+03:00 DEBUG 6695 --- [    Test worker] org.springframework.test.context.cache   : Spring test ApplicationContext cache statistics: [DefaultContextCache@4544ab46 size = 1, maxSize = 32, parentContextCount = 0, hitCount = 14, missCount = 1, failureCount = 0]
2025-03-15T16:05:30.188+03:00 DEBUG 6695 --- [    Test worker] o.s.o.h.HibernateTransactionManager      : Initiating transaction rollback
2025-03-15T16:05:30.189+03:00 DEBUG 6695 --- [    Test worker] o.s.o.h.HibernateTransactionManager      : Rolling back Hibernate transaction on Session [SessionImpl(1475269729<open>)]
2025-03-15T16:05:30.190+03:00 DEBUG 6695 --- [    Test worker] o.s.o.h.HibernateTransactionManager      : Closing Hibernate Session [SessionImpl(1475269729<open>)] after transaction
2025-03-15T16:05:30.190+03:00 DEBUG 6695 --- [    Test worker] o.s.t.c.transaction.TransactionContext   : Rolled back transaction (1) for test class [msu.cmc.webprak.DAOTests]; test method [testBook]
2025-03-15T16:05:30.191+03:00 DEBUG 6695 --- [    Test worker] .c.s.DirtiesContextTestExecutionListener : After test method: class [DAOTests], method [testBook], class annotated with @DirtiesContext [false] with mode [null], method annotated with @DirtiesContext [false] with mode [null]
2025-03-15T16:05:30.191+03:00 DEBUG 6695 --- [    Test worker] o.s.t.c.w.ServletTestExecutionListener   : Resetting RequestContextHolder for test class msu.cmc.webprak.DAOTests
2025-03-15T16:05:30.194+03:00 DEBUG 6695 --- [    Test worker] org.springframework.test.context.cache   : Spring test ApplicationContext cache statistics: [DefaultContextCache@4544ab46 size = 1, maxSize = 32, parentContextCount = 0, hitCount = 15, missCount = 1, failureCount = 0]
2025-03-15T16:05:30.194+03:00 DEBUG 6695 --- [    Test worker] o.s.t.c.w.ServletTestExecutionListener   : Setting up MockHttpServletRequest, MockHttpServletResponse, ServletWebRequest, and RequestContextHolder for test class msu.cmc.webprak.DAOTests
2025-03-15T16:05:30.194+03:00 DEBUG 6695 --- [    Test worker] DependencyInjectionTestExecutionListener : Performing dependency injection for test class msu.cmc.webprak.DAOTests
2025-03-15T16:05:30.194+03:00 DEBUG 6695 --- [    Test worker] org.springframework.test.context.cache   : Spring test ApplicationContext cache statistics: [DefaultContextCache@4544ab46 size = 1, maxSize = 32, parentContextCount = 0, hitCount = 16, missCount = 1, failureCount = 0]
2025-03-15T16:05:30.194+03:00 DEBUG 6695 --- [    Test worker] org.springframework.test.context.cache   : Spring test ApplicationContext cache statistics: [DefaultContextCache@4544ab46 size = 1, maxSize = 32, parentContextCount = 0, hitCount = 17, missCount = 1, failureCount = 0]
2025-03-15T16:05:30.195+03:00 DEBUG 6695 --- [    Test worker] sContextBeforeModesTestExecutionListener : Before test method: class [DAOTests], method [testHistory], class annotated with @DirtiesContext [false] with mode [null], method annotated with @DirtiesContext [false] with mode [null]
2025-03-15T16:05:30.195+03:00 DEBUG 6695 --- [    Test worker] t.c.t.TransactionalTestExecutionListener : Explicit transaction definition [PROPAGATION_REQUIRED,ISOLATION_DEFAULT] found for test class [msu.cmc.webprak.DAOTests] and test method [testHistory]
2025-03-15T16:05:30.195+03:00 DEBUG 6695 --- [    Test worker] org.springframework.test.context.cache   : Spring test ApplicationContext cache statistics: [DefaultContextCache@4544ab46 size = 1, maxSize = 32, parentContextCount = 0, hitCount = 18, missCount = 1, failureCount = 0]
2025-03-15T16:05:30.195+03:00 DEBUG 6695 --- [    Test worker] t.c.t.TransactionalTestExecutionListener : No method-level @Rollback override: using default rollback [true] for test method [public void msu.cmc.webprak.DAOTests.testHistory()]
2025-03-15T16:05:30.195+03:00 DEBUG 6695 --- [    Test worker] o.s.o.h.HibernateTransactionManager      : Creating new transaction with name [msu.cmc.webprak.DAOTests.testHistory]: PROPAGATION_REQUIRED,ISOLATION_DEFAULT
2025-03-15T16:05:30.195+03:00 DEBUG 6695 --- [    Test worker] o.s.o.h.HibernateTransactionManager      : Opened new Session [SessionImpl(1427763069<open>)] for Hibernate transaction
2025-03-15T16:05:30.196+03:00 DEBUG 6695 --- [    Test worker] o.s.j.d.DriverManagerDataSource          : Creating new JDBC DriverManager Connection to [jdbc:postgresql://localhost:5432/webprak]
2025-03-15T16:05:30.213+03:00 DEBUG 6695 --- [    Test worker] o.s.o.h.HibernateTransactionManager      : Exposing Hibernate transaction as JDBC [org.springframework.orm.hibernate5.HibernateTransactionManager$$Lambda/0x0000400001747c10@4c5c0306]
2025-03-15T16:05:30.213+03:00 DEBUG 6695 --- [    Test worker] o.s.t.c.transaction.TransactionContext   : Began transaction (1) for test class [msu.cmc.webprak.DAOTests]; test method [testHistory]; transaction manager [org.springframework.orm.hibernate5.HibernateTransactionManager@614cbec4]; rollback [true]
2025-03-15T16:05:30.213+03:00 DEBUG 6695 --- [    Test worker] org.springframework.test.context.cache   : Spring test ApplicationContext cache statistics: [DefaultContextCache@4544ab46 size = 1, maxSize = 32, parentContextCount = 0, hitCount = 19, missCount = 1, failureCount = 0]
2025-03-15T16:05:30.213+03:00 DEBUG 6695 --- [    Test worker] org.springframework.test.context.cache   : Spring test ApplicationContext cache statistics: [DefaultContextCache@4544ab46 size = 1, maxSize = 32, parentContextCount = 0, hitCount = 20, missCount = 1, failureCount = 0]
2025-03-15T16:05:30.214+03:00 DEBUG 6695 --- [    Test worker] org.springframework.test.context.cache   : Spring test ApplicationContext cache statistics: [DefaultContextCache@4544ab46 size = 1, maxSize = 32, parentContextCount = 0, hitCount = 21, missCount = 1, failureCount = 0]
2025-03-15T16:05:30.214+03:00 DEBUG 6695 --- [    Test worker] org.springframework.test.context.cache   : Spring test ApplicationContext cache statistics: [DefaultContextCache@4544ab46 size = 1, maxSize = 32, parentContextCount = 0, hitCount = 22, missCount = 1, failureCount = 0]
2025-03-15T16:05:30.214+03:00 DEBUG 6695 --- [    Test worker] o.s.o.h.HibernateTransactionManager      : Found thread-bound Session [SessionImpl(1427763069<open>)] for Hibernate transaction
2025-03-15T16:05:30.214+03:00 DEBUG 6695 --- [    Test worker] o.s.o.h.HibernateTransactionManager      : Participating in existing transaction
2025-03-15T16:05:30.227+03:00 DEBUG 6695 --- [    Test worker] org.hibernate.SQL                        : select h1_0.copy_id,h1_0.isbn,h1_0.reader_id,h1_0.issue_date,h1_0.return_date from history h1_0 where h1_0.isbn=?
2025-03-15T16:05:30.239+03:00 DEBUG 6695 --- [    Test worker] org.hibernate.SQL                        : select b1_0.isbn,b1_0.authors,b1_0.name,b1_0.publisher,b1_0.year from books b1_0 where b1_0.isbn=?
2025-03-15T16:05:30.242+03:00 DEBUG 6695 --- [    Test worker] org.hibernate.SQL                        : select c1_0.copy_id,c1_0.availability,c1_0.isbn,b1_0.isbn,b1_0.authors,b1_0.name,b1_0.publisher,b1_0.year from copies c1_0 join books b1_0 on b1_0.isbn=c1_0.isbn where c1_0.copy_id=?
2025-03-15T16:05:30.247+03:00 DEBUG 6695 --- [    Test worker] org.hibernate.SQL                        : select r1_0.reader_id,r1_0.address,r1_0.name,r1_0.phone_number from readers r1_0 where r1_0.reader_id=?
2025-03-15T16:05:30.249+03:00 DEBUG 6695 --- [    Test worker] org.hibernate.SQL                        : select c1_0.copy_id,c1_0.availability,c1_0.isbn,b1_0.isbn,b1_0.authors,b1_0.name,b1_0.publisher,b1_0.year from copies c1_0 join books b1_0 on b1_0.isbn=c1_0.isbn where c1_0.copy_id=?
2025-03-15T16:05:30.251+03:00 DEBUG 6695 --- [    Test worker] org.hibernate.SQL                        : select r1_0.reader_id,r1_0.address,r1_0.name,r1_0.phone_number from readers r1_0 where r1_0.reader_id=?
2025-03-15T16:05:30.252+03:00 DEBUG 6695 --- [    Test worker] o.s.o.h.HibernateTransactionManager      : Found thread-bound Session [SessionImpl(1427763069<open>)] for Hibernate transaction
2025-03-15T16:05:30.252+03:00 DEBUG 6695 --- [    Test worker] o.s.o.h.HibernateTransactionManager      : Participating in existing transaction
2025-03-15T16:05:30.256+03:00 DEBUG 6695 --- [    Test worker] org.hibernate.SQL                        : select h1_0.copy_id,h1_0.isbn,h1_0.reader_id,h1_0.issue_date,h1_0.return_date from history h1_0 where h1_0.reader_id=?
2025-03-15T16:05:30.257+03:00 DEBUG 6695 --- [    Test worker] o.s.o.h.HibernateTransactionManager      : Found thread-bound Session [SessionImpl(1427763069<open>)] for Hibernate transaction
2025-03-15T16:05:30.257+03:00 DEBUG 6695 --- [    Test worker] o.s.o.h.HibernateTransactionManager      : Participating in existing transaction
2025-03-15T16:05:30.259+03:00 DEBUG 6695 --- [    Test worker] org.hibernate.SQL                        : select h1_0.copy_id,h1_0.isbn,h1_0.reader_id,h1_0.issue_date,h1_0.return_date from history h1_0 where h1_0.issue_date=?
2025-03-15T16:05:30.260+03:00 DEBUG 6695 --- [    Test worker] o.s.o.h.HibernateTransactionManager      : Found thread-bound Session [SessionImpl(1427763069<open>)] for Hibernate transaction
2025-03-15T16:05:30.260+03:00 DEBUG 6695 --- [    Test worker] o.s.o.h.HibernateTransactionManager      : Participating in existing transaction
2025-03-15T16:05:30.262+03:00 DEBUG 6695 --- [    Test worker] org.hibernate.SQL                        : select h1_0.copy_id,h1_0.isbn,h1_0.reader_id,h1_0.issue_date,h1_0.return_date from history h1_0 where h1_0.return_date=?
2025-03-15T16:05:30.262+03:00 DEBUG 6695 --- [    Test worker] o.s.o.h.HibernateTransactionManager      : Found thread-bound Session [SessionImpl(1427763069<open>)] for Hibernate transaction
2025-03-15T16:05:30.263+03:00 DEBUG 6695 --- [    Test worker] o.s.o.h.HibernateTransactionManager      : Participating in existing transaction
2025-03-15T16:05:30.267+03:00 DEBUG 6695 --- [    Test worker] org.hibernate.SQL                        : select h1_0.copy_id,h1_0.isbn,h1_0.reader_id,h1_0.issue_date,h1_0.return_date from history h1_0 where h1_0.issue_date between ? and ?
2025-03-15T16:05:30.269+03:00 DEBUG 6695 --- [    Test worker] o.s.o.h.HibernateTransactionManager      : Found thread-bound Session [SessionImpl(1427763069<open>)] for Hibernate transaction
2025-03-15T16:05:30.269+03:00 DEBUG 6695 --- [    Test worker] o.s.o.h.HibernateTransactionManager      : Participating in existing transaction
2025-03-15T16:05:30.270+03:00 DEBUG 6695 --- [    Test worker] org.hibernate.SQL                        : select h1_0.copy_id,h1_0.isbn,h1_0.reader_id,h1_0.issue_date,h1_0.return_date from history h1_0 where h1_0.return_date between ? and ?
2025-03-15T16:05:30.271+03:00 DEBUG 6695 --- [    Test worker] org.springframework.test.context.cache   : Spring test ApplicationContext cache statistics: [DefaultContextCache@4544ab46 size = 1, maxSize = 32, parentContextCount = 0, hitCount = 23, missCount = 1, failureCount = 0]
2025-03-15T16:05:30.271+03:00 DEBUG 6695 --- [    Test worker] org.springframework.test.context.cache   : Spring test ApplicationContext cache statistics: [DefaultContextCache@4544ab46 size = 1, maxSize = 32, parentContextCount = 0, hitCount = 24, missCount = 1, failureCount = 0]
2025-03-15T16:05:30.271+03:00 DEBUG 6695 --- [    Test worker] org.springframework.test.context.cache   : Spring test ApplicationContext cache statistics: [DefaultContextCache@4544ab46 size = 1, maxSize = 32, parentContextCount = 0, hitCount = 25, missCount = 1, failureCount = 0]
2025-03-15T16:05:30.271+03:00 DEBUG 6695 --- [    Test worker] org.springframework.test.context.cache   : Spring test ApplicationContext cache statistics: [DefaultContextCache@4544ab46 size = 1, maxSize = 32, parentContextCount = 0, hitCount = 26, missCount = 1, failureCount = 0]
2025-03-15T16:05:30.271+03:00 DEBUG 6695 --- [    Test worker] org.springframework.test.context.cache   : Spring test ApplicationContext cache statistics: [DefaultContextCache@4544ab46 size = 1, maxSize = 32, parentContextCount = 0, hitCount = 27, missCount = 1, failureCount = 0]
2025-03-15T16:05:30.271+03:00 DEBUG 6695 --- [    Test worker] org.springframework.test.context.cache   : Spring test ApplicationContext cache statistics: [DefaultContextCache@4544ab46 size = 1, maxSize = 32, parentContextCount = 0, hitCount = 28, missCount = 1, failureCount = 0]
2025-03-15T16:05:30.272+03:00 DEBUG 6695 --- [    Test worker] org.springframework.test.context.cache   : Spring test ApplicationContext cache statistics: [DefaultContextCache@4544ab46 size = 1, maxSize = 32, parentContextCount = 0, hitCount = 29, missCount = 1, failureCount = 0]
2025-03-15T16:05:30.272+03:00 DEBUG 6695 --- [    Test worker] o.s.o.h.HibernateTransactionManager      : Initiating transaction rollback
2025-03-15T16:05:30.272+03:00 DEBUG 6695 --- [    Test worker] o.s.o.h.HibernateTransactionManager      : Rolling back Hibernate transaction on Session [SessionImpl(1427763069<open>)]
2025-03-15T16:05:30.272+03:00 DEBUG 6695 --- [    Test worker] o.s.o.h.HibernateTransactionManager      : Closing Hibernate Session [SessionImpl(1427763069<open>)] after transaction
2025-03-15T16:05:30.273+03:00 DEBUG 6695 --- [    Test worker] o.s.t.c.transaction.TransactionContext   : Rolled back transaction (1) for test class [msu.cmc.webprak.DAOTests]; test method [testHistory]
2025-03-15T16:05:30.273+03:00 DEBUG 6695 --- [    Test worker] .c.s.DirtiesContextTestExecutionListener : After test method: class [DAOTests], method [testHistory], class annotated with @DirtiesContext [false] with mode [null], method annotated with @DirtiesContext [false] with mode [null]
2025-03-15T16:05:30.273+03:00 DEBUG 6695 --- [    Test worker] o.s.t.c.w.ServletTestExecutionListener   : Resetting RequestContextHolder for test class msu.cmc.webprak.DAOTests
2025-03-15T16:05:30.273+03:00 DEBUG 6695 --- [    Test worker] org.springframework.test.context.cache   : Spring test ApplicationContext cache statistics: [DefaultContextCache@4544ab46 size = 1, maxSize = 32, parentContextCount = 0, hitCount = 30, missCount = 1, failureCount = 0]
2025-03-15T16:05:30.273+03:00 DEBUG 6695 --- [    Test worker] o.s.t.c.w.ServletTestExecutionListener   : Setting up MockHttpServletRequest, MockHttpServletResponse, ServletWebRequest, and RequestContextHolder for test class msu.cmc.webprak.DAOTests
2025-03-15T16:05:30.273+03:00 DEBUG 6695 --- [    Test worker] DependencyInjectionTestExecutionListener : Performing dependency injection for test class msu.cmc.webprak.DAOTests
2025-03-15T16:05:30.273+03:00 DEBUG 6695 --- [    Test worker] org.springframework.test.context.cache   : Spring test ApplicationContext cache statistics: [DefaultContextCache@4544ab46 size = 1, maxSize = 32, parentContextCount = 0, hitCount = 31, missCount = 1, failureCount = 0]
2025-03-15T16:05:30.274+03:00 DEBUG 6695 --- [    Test worker] org.springframework.test.context.cache   : Spring test ApplicationContext cache statistics: [DefaultContextCache@4544ab46 size = 1, maxSize = 32, parentContextCount = 0, hitCount = 32, missCount = 1, failureCount = 0]
2025-03-15T16:05:30.274+03:00 DEBUG 6695 --- [    Test worker] sContextBeforeModesTestExecutionListener : Before test method: class [DAOTests], method [testCommon], class annotated with @DirtiesContext [false] with mode [null], method annotated with @DirtiesContext [false] with mode [null]
2025-03-15T16:05:30.274+03:00 DEBUG 6695 --- [    Test worker] t.c.t.TransactionalTestExecutionListener : Explicit transaction definition [PROPAGATION_REQUIRED,ISOLATION_DEFAULT] found for test class [msu.cmc.webprak.DAOTests] and test method [testCommon]
2025-03-15T16:05:30.275+03:00 DEBUG 6695 --- [    Test worker] org.springframework.test.context.cache   : Spring test ApplicationContext cache statistics: [DefaultContextCache@4544ab46 size = 1, maxSize = 32, parentContextCount = 0, hitCount = 33, missCount = 1, failureCount = 0]
2025-03-15T16:05:30.275+03:00 DEBUG 6695 --- [    Test worker] t.c.t.TransactionalTestExecutionListener : No method-level @Rollback override: using default rollback [true] for test method [public void msu.cmc.webprak.DAOTests.testCommon()]
2025-03-15T16:05:30.275+03:00 DEBUG 6695 --- [    Test worker] o.s.o.h.HibernateTransactionManager      : Creating new transaction with name [msu.cmc.webprak.DAOTests.testCommon]: PROPAGATION_REQUIRED,ISOLATION_DEFAULT
2025-03-15T16:05:30.275+03:00 DEBUG 6695 --- [    Test worker] o.s.o.h.HibernateTransactionManager      : Opened new Session [SessionImpl(144055893<open>)] for Hibernate transaction
2025-03-15T16:05:30.275+03:00 DEBUG 6695 --- [    Test worker] o.s.j.d.DriverManagerDataSource          : Creating new JDBC DriverManager Connection to [jdbc:postgresql://localhost:5432/webprak]
2025-03-15T16:05:30.292+03:00 DEBUG 6695 --- [    Test worker] o.s.o.h.HibernateTransactionManager      : Exposing Hibernate transaction as JDBC [org.springframework.orm.hibernate5.HibernateTransactionManager$$Lambda/0x0000400001747c10@67eabe02]
2025-03-15T16:05:30.292+03:00 DEBUG 6695 --- [    Test worker] o.s.t.c.transaction.TransactionContext   : Began transaction (1) for test class [msu.cmc.webprak.DAOTests]; test method [testCommon]; transaction manager [org.springframework.orm.hibernate5.HibernateTransactionManager@614cbec4]; rollback [true]
2025-03-15T16:05:30.293+03:00 DEBUG 6695 --- [    Test worker] org.springframework.test.context.cache   : Spring test ApplicationContext cache statistics: [DefaultContextCache@4544ab46 size = 1, maxSize = 32, parentContextCount = 0, hitCount = 34, missCount = 1, failureCount = 0]
2025-03-15T16:05:30.293+03:00 DEBUG 6695 --- [    Test worker] org.springframework.test.context.cache   : Spring test ApplicationContext cache statistics: [DefaultContextCache@4544ab46 size = 1, maxSize = 32, parentContextCount = 0, hitCount = 35, missCount = 1, failureCount = 0]
2025-03-15T16:05:30.293+03:00 DEBUG 6695 --- [    Test worker] org.springframework.test.context.cache   : Spring test ApplicationContext cache statistics: [DefaultContextCache@4544ab46 size = 1, maxSize = 32, parentContextCount = 0, hitCount = 36, missCount = 1, failureCount = 0]
2025-03-15T16:05:30.293+03:00 DEBUG 6695 --- [    Test worker] org.springframework.test.context.cache   : Spring test ApplicationContext cache statistics: [DefaultContextCache@4544ab46 size = 1, maxSize = 32, parentContextCount = 0, hitCount = 37, missCount = 1, failureCount = 0]
2025-03-15T16:05:30.293+03:00 DEBUG 6695 --- [    Test worker] o.s.o.h.HibernateTransactionManager      : Found thread-bound Session [SessionImpl(144055893<open>)] for Hibernate transaction
2025-03-15T16:05:30.293+03:00 DEBUG 6695 --- [    Test worker] o.s.o.h.HibernateTransactionManager      : Participating in existing transaction
2025-03-15T16:05:30.294+03:00 DEBUG 6695 --- [    Test worker] org.hibernate.SQL                        : select b1_0.isbn,b1_0.authors,b1_0.name,b1_0.publisher,b1_0.year from books b1_0 where b1_0.isbn=?
2025-03-15T16:05:30.304+03:00 DEBUG 6695 --- [    Test worker] o.s.o.h.HibernateTransactionManager      : Found thread-bound Session [SessionImpl(144055893<open>)] for Hibernate transaction
2025-03-15T16:05:30.304+03:00 DEBUG 6695 --- [    Test worker] o.s.o.h.HibernateTransactionManager      : Participating in existing transaction
2025-03-15T16:05:30.305+03:00 DEBUG 6695 --- [    Test worker] org.hibernate.SQL                        : select b1_0.isbn,b1_0.authors,b1_0.name,b1_0.publisher,b1_0.year from books b1_0
2025-03-15T16:05:30.307+03:00 DEBUG 6695 --- [    Test worker] o.s.o.h.HibernateTransactionManager      : Found thread-bound Session [SessionImpl(144055893<open>)] for Hibernate transaction
2025-03-15T16:05:30.307+03:00 DEBUG 6695 --- [    Test worker] o.s.o.h.HibernateTransactionManager      : Participating in existing transaction
2025-03-15T16:05:30.307+03:00 DEBUG 6695 --- [    Test worker] org.hibernate.SQL                        : select b1_0.isbn,b1_0.authors,b1_0.name,b1_0.publisher,b1_0.year from books b1_0 where b1_0.isbn=?
2025-03-15T16:05:30.308+03:00 DEBUG 6695 --- [    Test worker] o.s.o.h.HibernateTransactionManager      : Found thread-bound Session [SessionImpl(144055893<open>)] for Hibernate transaction
2025-03-15T16:05:30.308+03:00 DEBUG 6695 --- [    Test worker] o.s.o.h.HibernateTransactionManager      : Participating in existing transaction
2025-03-15T16:05:30.308+03:00 DEBUG 6695 --- [    Test worker] org.hibernate.SQL                        : select b1_0.isbn,b1_0.authors,b1_0.name,b1_0.publisher,b1_0.year from books b1_0 where b1_0.isbn=?
2025-03-15T16:05:30.308+03:00 DEBUG 6695 --- [    Test worker] o.s.o.h.HibernateTransactionManager      : Found thread-bound Session [SessionImpl(144055893<open>)] for Hibernate transaction
2025-03-15T16:05:30.308+03:00 DEBUG 6695 --- [    Test worker] o.s.o.h.HibernateTransactionManager      : Participating in existing transaction
2025-03-15T16:05:30.313+03:00 DEBUG 6695 --- [    Test worker] org.hibernate.SQL                        : insert into books (authors,name,publisher,year,isbn) values (?,?,?,?,?)
2025-03-15T16:05:30.320+03:00 DEBUG 6695 --- [    Test worker] o.s.o.h.HibernateTransactionManager      : Found thread-bound Session [SessionImpl(144055893<open>)] for Hibernate transaction
2025-03-15T16:05:30.320+03:00 DEBUG 6695 --- [    Test worker] o.s.o.h.HibernateTransactionManager      : Participating in existing transaction
2025-03-15T16:05:30.321+03:00 DEBUG 6695 --- [    Test worker] o.s.o.h.HibernateTransactionManager      : Found thread-bound Session [SessionImpl(144055893<open>)] for Hibernate transaction
2025-03-15T16:05:30.321+03:00 DEBUG 6695 --- [    Test worker] o.s.o.h.HibernateTransactionManager      : Participating in existing transaction
2025-03-15T16:05:30.322+03:00 DEBUG 6695 --- [    Test worker] o.s.o.h.HibernateTransactionManager      : Found thread-bound Session [SessionImpl(144055893<open>)] for Hibernate transaction
2025-03-15T16:05:30.322+03:00 DEBUG 6695 --- [    Test worker] o.s.o.h.HibernateTransactionManager      : Participating in existing transaction
2025-03-15T16:05:30.323+03:00 DEBUG 6695 --- [    Test worker] org.springframework.test.context.cache   : Spring test ApplicationContext cache statistics: [DefaultContextCache@4544ab46 size = 1, maxSize = 32, parentContextCount = 0, hitCount = 38, missCount = 1, failureCount = 0]
2025-03-15T16:05:30.323+03:00 DEBUG 6695 --- [    Test worker] org.springframework.test.context.cache   : Spring test ApplicationContext cache statistics: [DefaultContextCache@4544ab46 size = 1, maxSize = 32, parentContextCount = 0, hitCount = 39, missCount = 1, failureCount = 0]
2025-03-15T16:05:30.323+03:00 DEBUG 6695 --- [    Test worker] org.springframework.test.context.cache   : Spring test ApplicationContext cache statistics: [DefaultContextCache@4544ab46 size = 1, maxSize = 32, parentContextCount = 0, hitCount = 40, missCount = 1, failureCount = 0]
2025-03-15T16:05:30.323+03:00 DEBUG 6695 --- [    Test worker] org.springframework.test.context.cache   : Spring test ApplicationContext cache statistics: [DefaultContextCache@4544ab46 size = 1, maxSize = 32, parentContextCount = 0, hitCount = 41, missCount = 1, failureCount = 0]
2025-03-15T16:05:30.323+03:00 DEBUG 6695 --- [    Test worker] org.springframework.test.context.cache   : Spring test ApplicationContext cache statistics: [DefaultContextCache@4544ab46 size = 1, maxSize = 32, parentContextCount = 0, hitCount = 42, missCount = 1, failureCount = 0]
2025-03-15T16:05:30.323+03:00 DEBUG 6695 --- [    Test worker] org.springframework.test.context.cache   : Spring test ApplicationContext cache statistics: [DefaultContextCache@4544ab46 size = 1, maxSize = 32, parentContextCount = 0, hitCount = 43, missCount = 1, failureCount = 0]
2025-03-15T16:05:30.323+03:00 DEBUG 6695 --- [    Test worker] org.springframework.test.context.cache   : Spring test ApplicationContext cache statistics: [DefaultContextCache@4544ab46 size = 1, maxSize = 32, parentContextCount = 0, hitCount = 44, missCount = 1, failureCount = 0]
2025-03-15T16:05:30.324+03:00 DEBUG 6695 --- [    Test worker] o.s.o.h.HibernateTransactionManager      : Initiating transaction rollback
2025-03-15T16:05:30.324+03:00 DEBUG 6695 --- [    Test worker] o.s.o.h.HibernateTransactionManager      : Rolling back Hibernate transaction on Session [SessionImpl(144055893<open>)]
2025-03-15T16:05:30.324+03:00 DEBUG 6695 --- [    Test worker] o.s.o.h.HibernateTransactionManager      : Closing Hibernate Session [SessionImpl(144055893<open>)] after transaction
2025-03-15T16:05:30.324+03:00 DEBUG 6695 --- [    Test worker] o.s.t.c.transaction.TransactionContext   : Rolled back transaction (1) for test class [msu.cmc.webprak.DAOTests]; test method [testCommon]
2025-03-15T16:05:30.325+03:00 DEBUG 6695 --- [    Test worker] .c.s.DirtiesContextTestExecutionListener : After test method: class [DAOTests], method [testCommon], class annotated with @DirtiesContext [false] with mode [null], method annotated with @DirtiesContext [false] with mode [null]
2025-03-15T16:05:30.325+03:00 DEBUG 6695 --- [    Test worker] o.s.t.c.w.ServletTestExecutionListener   : Resetting RequestContextHolder for test class msu.cmc.webprak.DAOTests
2025-03-15T16:05:30.325+03:00 DEBUG 6695 --- [    Test worker] org.springframework.test.context.cache   : Spring test ApplicationContext cache statistics: [DefaultContextCache@4544ab46 size = 1, maxSize = 32, parentContextCount = 0, hitCount = 45, missCount = 1, failureCount = 0]
2025-03-15T16:05:30.325+03:00 DEBUG 6695 --- [    Test worker] o.s.t.c.w.ServletTestExecutionListener   : Setting up MockHttpServletRequest, MockHttpServletResponse, ServletWebRequest, and RequestContextHolder for test class msu.cmc.webprak.DAOTests
2025-03-15T16:05:30.325+03:00 DEBUG 6695 --- [    Test worker] DependencyInjectionTestExecutionListener : Performing dependency injection for test class msu.cmc.webprak.DAOTests
2025-03-15T16:05:30.325+03:00 DEBUG 6695 --- [    Test worker] org.springframework.test.context.cache   : Spring test ApplicationContext cache statistics: [DefaultContextCache@4544ab46 size = 1, maxSize = 32, parentContextCount = 0, hitCount = 46, missCount = 1, failureCount = 0]
2025-03-15T16:05:30.325+03:00 DEBUG 6695 --- [    Test worker] org.springframework.test.context.cache   : Spring test ApplicationContext cache statistics: [DefaultContextCache@4544ab46 size = 1, maxSize = 32, parentContextCount = 0, hitCount = 47, missCount = 1, failureCount = 0]
2025-03-15T16:05:30.326+03:00 DEBUG 6695 --- [    Test worker] sContextBeforeModesTestExecutionListener : Before test method: class [DAOTests], method [testReader], class annotated with @DirtiesContext [false] with mode [null], method annotated with @DirtiesContext [false] with mode [null]
2025-03-15T16:05:30.326+03:00 DEBUG 6695 --- [    Test worker] t.c.t.TransactionalTestExecutionListener : Explicit transaction definition [PROPAGATION_REQUIRED,ISOLATION_DEFAULT] found for test class [msu.cmc.webprak.DAOTests] and test method [testReader]
2025-03-15T16:05:30.326+03:00 DEBUG 6695 --- [    Test worker] org.springframework.test.context.cache   : Spring test ApplicationContext cache statistics: [DefaultContextCache@4544ab46 size = 1, maxSize = 32, parentContextCount = 0, hitCount = 48, missCount = 1, failureCount = 0]
2025-03-15T16:05:30.327+03:00 DEBUG 6695 --- [    Test worker] t.c.t.TransactionalTestExecutionListener : No method-level @Rollback override: using default rollback [true] for test method [public void msu.cmc.webprak.DAOTests.testReader()]
2025-03-15T16:05:30.327+03:00 DEBUG 6695 --- [    Test worker] o.s.o.h.HibernateTransactionManager      : Creating new transaction with name [msu.cmc.webprak.DAOTests.testReader]: PROPAGATION_REQUIRED,ISOLATION_DEFAULT
2025-03-15T16:05:30.327+03:00 DEBUG 6695 --- [    Test worker] o.s.o.h.HibernateTransactionManager      : Opened new Session [SessionImpl(154177822<open>)] for Hibernate transaction
2025-03-15T16:05:30.327+03:00 DEBUG 6695 --- [    Test worker] o.s.j.d.DriverManagerDataSource          : Creating new JDBC DriverManager Connection to [jdbc:postgresql://localhost:5432/webprak]
2025-03-15T16:05:30.362+03:00 DEBUG 6695 --- [    Test worker] o.s.o.h.HibernateTransactionManager      : Exposing Hibernate transaction as JDBC [org.springframework.orm.hibernate5.HibernateTransactionManager$$Lambda/0x0000400001747c10@2bd158ea]
2025-03-15T16:05:30.362+03:00 DEBUG 6695 --- [    Test worker] o.s.t.c.transaction.TransactionContext   : Began transaction (1) for test class [msu.cmc.webprak.DAOTests]; test method [testReader]; transaction manager [org.springframework.orm.hibernate5.HibernateTransactionManager@614cbec4]; rollback [true]
2025-03-15T16:05:30.362+03:00 DEBUG 6695 --- [    Test worker] org.springframework.test.context.cache   : Spring test ApplicationContext cache statistics: [DefaultContextCache@4544ab46 size = 1, maxSize = 32, parentContextCount = 0, hitCount = 49, missCount = 1, failureCount = 0]
2025-03-15T16:05:30.362+03:00 DEBUG 6695 --- [    Test worker] org.springframework.test.context.cache   : Spring test ApplicationContext cache statistics: [DefaultContextCache@4544ab46 size = 1, maxSize = 32, parentContextCount = 0, hitCount = 50, missCount = 1, failureCount = 0]
2025-03-15T16:05:30.362+03:00 DEBUG 6695 --- [    Test worker] org.springframework.test.context.cache   : Spring test ApplicationContext cache statistics: [DefaultContextCache@4544ab46 size = 1, maxSize = 32, parentContextCount = 0, hitCount = 51, missCount = 1, failureCount = 0]
2025-03-15T16:05:30.363+03:00 DEBUG 6695 --- [    Test worker] org.springframework.test.context.cache   : Spring test ApplicationContext cache statistics: [DefaultContextCache@4544ab46 size = 1, maxSize = 32, parentContextCount = 0, hitCount = 52, missCount = 1, failureCount = 0]
2025-03-15T16:05:30.363+03:00 DEBUG 6695 --- [    Test worker] o.s.o.h.HibernateTransactionManager      : Found thread-bound Session [SessionImpl(154177822<open>)] for Hibernate transaction
2025-03-15T16:05:30.363+03:00 DEBUG 6695 --- [    Test worker] o.s.o.h.HibernateTransactionManager      : Participating in existing transaction
2025-03-15T16:05:30.364+03:00 DEBUG 6695 --- [    Test worker] org.hibernate.SQL                        : select r1_0.reader_id,r1_0.address,r1_0.name,r1_0.phone_number from readers r1_0 where r1_0.name=?
2025-03-15T16:05:30.373+03:00 DEBUG 6695 --- [    Test worker] o.s.o.h.HibernateTransactionManager      : Found thread-bound Session [SessionImpl(154177822<open>)] for Hibernate transaction
2025-03-15T16:05:30.373+03:00 DEBUG 6695 --- [    Test worker] o.s.o.h.HibernateTransactionManager      : Participating in existing transaction
2025-03-15T16:05:30.374+03:00 DEBUG 6695 --- [    Test worker] org.hibernate.SQL                        : select r1_0.reader_id,r1_0.address,r1_0.name,r1_0.phone_number from readers r1_0 where r1_0.phone_number=?
2025-03-15T16:05:30.376+03:00 DEBUG 6695 --- [    Test worker] org.springframework.test.context.cache   : Spring test ApplicationContext cache statistics: [DefaultContextCache@4544ab46 size = 1, maxSize = 32, parentContextCount = 0, hitCount = 53, missCount = 1, failureCount = 0]
2025-03-15T16:05:30.376+03:00 DEBUG 6695 --- [    Test worker] org.springframework.test.context.cache   : Spring test ApplicationContext cache statistics: [DefaultContextCache@4544ab46 size = 1, maxSize = 32, parentContextCount = 0, hitCount = 54, missCount = 1, failureCount = 0]
2025-03-15T16:05:30.376+03:00 DEBUG 6695 --- [    Test worker] org.springframework.test.context.cache   : Spring test ApplicationContext cache statistics: [DefaultContextCache@4544ab46 size = 1, maxSize = 32, parentContextCount = 0, hitCount = 55, missCount = 1, failureCount = 0]
2025-03-15T16:05:30.376+03:00 DEBUG 6695 --- [    Test worker] org.springframework.test.context.cache   : Spring test ApplicationContext cache statistics: [DefaultContextCache@4544ab46 size = 1, maxSize = 32, parentContextCount = 0, hitCount = 56, missCount = 1, failureCount = 0]
2025-03-15T16:05:30.376+03:00 DEBUG 6695 --- [    Test worker] org.springframework.test.context.cache   : Spring test ApplicationContext cache statistics: [DefaultContextCache@4544ab46 size = 1, maxSize = 32, parentContextCount = 0, hitCount = 57, missCount = 1, failureCount = 0]
2025-03-15T16:05:30.376+03:00 DEBUG 6695 --- [    Test worker] org.springframework.test.context.cache   : Spring test ApplicationContext cache statistics: [DefaultContextCache@4544ab46 size = 1, maxSize = 32, parentContextCount = 0, hitCount = 58, missCount = 1, failureCount = 0]
2025-03-15T16:05:30.376+03:00 DEBUG 6695 --- [    Test worker] org.springframework.test.context.cache   : Spring test ApplicationContext cache statistics: [DefaultContextCache@4544ab46 size = 1, maxSize = 32, parentContextCount = 0, hitCount = 59, missCount = 1, failureCount = 0]
2025-03-15T16:05:30.376+03:00 DEBUG 6695 --- [    Test worker] o.s.o.h.HibernateTransactionManager      : Initiating transaction rollback
2025-03-15T16:05:30.376+03:00 DEBUG 6695 --- [    Test worker] o.s.o.h.HibernateTransactionManager      : Rolling back Hibernate transaction on Session [SessionImpl(154177822<open>)]
2025-03-15T16:05:30.377+03:00 DEBUG 6695 --- [    Test worker] o.s.o.h.HibernateTransactionManager      : Closing Hibernate Session [SessionImpl(154177822<open>)] after transaction
2025-03-15T16:05:30.377+03:00 DEBUG 6695 --- [    Test worker] o.s.t.c.transaction.TransactionContext   : Rolled back transaction (1) for test class [msu.cmc.webprak.DAOTests]; test method [testReader]
2025-03-15T16:05:30.378+03:00 DEBUG 6695 --- [    Test worker] .c.s.DirtiesContextTestExecutionListener : After test method: class [DAOTests], method [testReader], class annotated with @DirtiesContext [false] with mode [null], method annotated with @DirtiesContext [false] with mode [null]
2025-03-15T16:05:30.378+03:00 DEBUG 6695 --- [    Test worker] o.s.t.c.w.ServletTestExecutionListener   : Resetting RequestContextHolder for test class msu.cmc.webprak.DAOTests
2025-03-15T16:05:30.379+03:00 DEBUG 6695 --- [    Test worker] org.springframework.test.context.cache   : Spring test ApplicationContext cache statistics: [DefaultContextCache@4544ab46 size = 1, maxSize = 32, parentContextCount = 0, hitCount = 60, missCount = 1, failureCount = 0]
2025-03-15T16:05:30.379+03:00 DEBUG 6695 --- [    Test worker] org.springframework.test.context.cache   : Spring test ApplicationContext cache statistics: [DefaultContextCache@4544ab46 size = 1, maxSize = 32, parentContextCount = 0, hitCount = 61, missCount = 1, failureCount = 0]
2025-03-15T16:05:30.379+03:00 DEBUG 6695 --- [    Test worker] .c.s.DirtiesContextTestExecutionListener : After test class: class [DAOTests], class annotated with @DirtiesContext [false] with mode [null]
]]></system-out>
  <system-err><![CDATA[Mockito is currently self-attaching to enable the inline-mock-maker. This will no longer work in future releases of the JDK. Please add Mockito as an agent to your build what is described in Mockito's documentation: https://javadoc.io/doc/org.mockito/mockito-core/latest/org/mockito/Mockito.html#0.3
WARNING: A Java agent has been loaded dynamically (/Users/nik/.gradle/caches/modules-2/files-2.1/net.bytebuddy/byte-buddy-agent/1.15.11/a38b16385e867f59a641330f0362ebe742788ed8/byte-buddy-agent-1.15.11.jar)
WARNING: If a serviceability tool is in use, please run with -XX:+EnableDynamicAgentLoading to hide this warning
WARNING: If a serviceability tool is not in use, please run with -Djdk.instrument.traceUsage for more information
WARNING: Dynamic loading of agents will be disallowed by default in a future release
]]></system-err>
</testsuite>
